2016-12-08 10:55:31,829 - ResourceManager : unable to find resource '/D:/workspace/za-api-automation/target/classes/vmTemplates/localTestReport.vm' in any resource loader.
2016-12-08 10:57:34,143 - ResourceManager : unable to find resource '/D:/workspace/za-api-automation/target/classes/vmTemplates/localTestReport.vm' in any resource loader.
2016-12-08 11:02:21,811 - ResourceManager : unable to find resource '/D:/workspace/za-api-automation/target/classes/vmTemplates/localTestReport.vm' in any resource loader.
2016-12-08 11:26:08,156 - ResourceManager : unable to find resource '.\localTestReport.vm' in any resource loader.
2016-12-08 11:27:32,188 - ResourceManager : unable to find resource './localTestReport.vm' in any resource loader.
2016-12-08 11:32:00,371 - ResourceManager : unable to find resource '/localTestReport.vm' in any resource loader.
2016-12-08 11:32:41,292 - ResourceManager : unable to find resource '.\localTestReport.vm' in any resource loader.
2016-12-08 11:35:35,635 - ResourceManager : unable to find resource 'vmTemplates/localTestReport.vm' in any resource loader.
2016-12-08 11:36:09,531 - ResourceManager : unable to find resource './vmTemplates/localTestReport.vm' in any resource loader.
2016-12-08 11:43:48,322 - ResourceManager : unable to find resource '/localTestReport.vm' in any resource loader.
2016-12-08 14:11:16,422 - JarHolder: error establishing connection to JAR at "jar:file:!/"
java.io.FileNotFoundException: 
	at java.util.zip.ZipFile.open(Native Method)
	at java.util.zip.ZipFile.<init>(Unknown Source)
	at java.util.zip.ZipFile.<init>(Unknown Source)
	at java.util.jar.JarFile.<init>(Unknown Source)
	at java.util.jar.JarFile.<init>(Unknown Source)
	at sun.net.www.protocol.jar.URLJarFile.<init>(Unknown Source)
	at sun.net.www.protocol.jar.URLJarFile.getJarFile(Unknown Source)
	at sun.net.www.protocol.jar.JarFileFactory.get(Unknown Source)
	at sun.net.www.protocol.jar.JarURLConnection.connect(Unknown Source)
	at org.apache.velocity.runtime.resource.loader.JarHolder.init(JarHolder.java:83)
	at org.apache.velocity.runtime.resource.loader.JarHolder.<init>(JarHolder.java:59)
	at org.apache.velocity.runtime.resource.loader.JarResourceLoader.loadJar(JarResourceLoader.java:155)
	at org.apache.velocity.runtime.resource.loader.JarResourceLoader.init(JarResourceLoader.java:118)
	at org.apache.velocity.runtime.resource.ResourceManagerImpl.initialize(ResourceManagerImpl.java:143)
	at org.apache.velocity.runtime.RuntimeInstance.initializeResourceManager(RuntimeInstance.java:730)
	at org.apache.velocity.runtime.RuntimeInstance.init(RuntimeInstance.java:263)
	at org.apache.velocity.app.VelocityEngine.init(VelocityEngine.java:93)
	at com.za.qa.utils.VelocityUtils.getVelocityString(VelocityUtils.java:23)
	at com.za.qa.services.ReportService.constructReport(ReportService.java:39)
	at com.za.qa.services.ReportService.outputReport(ReportService.java:52)
	at com.za.qa.APIMain.main(APIMain.java:63)
2016-12-08 14:20:29,004 - JarHolder: error establishing connection to JAR at "jar:file:!/"
java.io.FileNotFoundException: 
	at java.util.zip.ZipFile.open(Native Method)
	at java.util.zip.ZipFile.<init>(Unknown Source)
	at java.util.zip.ZipFile.<init>(Unknown Source)
	at java.util.jar.JarFile.<init>(Unknown Source)
	at java.util.jar.JarFile.<init>(Unknown Source)
	at sun.net.www.protocol.jar.URLJarFile.<init>(Unknown Source)
	at sun.net.www.protocol.jar.URLJarFile.getJarFile(Unknown Source)
	at sun.net.www.protocol.jar.JarFileFactory.get(Unknown Source)
	at sun.net.www.protocol.jar.JarURLConnection.connect(Unknown Source)
	at org.apache.velocity.runtime.resource.loader.JarHolder.init(JarHolder.java:83)
	at org.apache.velocity.runtime.resource.loader.JarHolder.<init>(JarHolder.java:59)
	at org.apache.velocity.runtime.resource.loader.JarResourceLoader.loadJar(JarResourceLoader.java:155)
	at org.apache.velocity.runtime.resource.loader.JarResourceLoader.init(JarResourceLoader.java:118)
	at org.apache.velocity.runtime.resource.ResourceManagerImpl.initialize(ResourceManagerImpl.java:143)
	at org.apache.velocity.runtime.RuntimeInstance.initializeResourceManager(RuntimeInstance.java:730)
	at org.apache.velocity.runtime.RuntimeInstance.init(RuntimeInstance.java:263)
	at org.apache.velocity.app.VelocityEngine.init(VelocityEngine.java:93)
	at com.za.qa.utils.VelocityUtils.getVelocityString(VelocityUtils.java:23)
	at com.za.qa.services.ReportService.constructReport(ReportService.java:39)
	at com.za.qa.services.ReportService.outputReport(ReportService.java:52)
	at com.za.qa.APIMain.main(APIMain.java:63)
2016-12-08 14:21:31,687 - JarHolder: error establishing connection to JAR at "jar:file:vmTemplates/localTestReport.vm!/"
java.io.FileNotFoundException: vmTemplates\localTestReport.vm (系统找不到指定的路径。)
	at java.util.zip.ZipFile.open(Native Method)
	at java.util.zip.ZipFile.<init>(Unknown Source)
	at java.util.zip.ZipFile.<init>(Unknown Source)
	at java.util.jar.JarFile.<init>(Unknown Source)
	at java.util.jar.JarFile.<init>(Unknown Source)
	at sun.net.www.protocol.jar.URLJarFile.<init>(Unknown Source)
	at sun.net.www.protocol.jar.URLJarFile.getJarFile(Unknown Source)
	at sun.net.www.protocol.jar.JarFileFactory.get(Unknown Source)
	at sun.net.www.protocol.jar.JarURLConnection.connect(Unknown Source)
	at org.apache.velocity.runtime.resource.loader.JarHolder.init(JarHolder.java:83)
	at org.apache.velocity.runtime.resource.loader.JarHolder.<init>(JarHolder.java:59)
	at org.apache.velocity.runtime.resource.loader.JarResourceLoader.loadJar(JarResourceLoader.java:155)
	at org.apache.velocity.runtime.resource.loader.JarResourceLoader.init(JarResourceLoader.java:118)
	at org.apache.velocity.runtime.resource.ResourceManagerImpl.initialize(ResourceManagerImpl.java:143)
	at org.apache.velocity.runtime.RuntimeInstance.initializeResourceManager(RuntimeInstance.java:730)
	at org.apache.velocity.runtime.RuntimeInstance.init(RuntimeInstance.java:263)
	at org.apache.velocity.app.VelocityEngine.init(VelocityEngine.java:93)
	at com.za.qa.utils.VelocityUtils.getVelocityString(VelocityUtils.java:23)
	at com.za.qa.services.ReportService.constructReport(ReportService.java:39)
	at com.za.qa.services.ReportService.outputReport(ReportService.java:52)
	at com.za.qa.APIMain.main(APIMain.java:63)
2016-12-12 15:13:42,968 - Parser Exception: vmTemplates/localTestReport.vm
org.apache.velocity.runtime.parser.ParseException: Encountered "<EOF>" at line 194, column 7.
Was expecting one of:
    "(" ...
    <RPAREN> ...
    <ESCAPE_DIRECTIVE> ...
    <SET_DIRECTIVE> ...
    "##" ...
    "\\\\" ...
    "\\" ...
    <TEXT> ...
    "*#" ...
    "*#" ...
    "]]#" ...
    <STRING_LITERAL> ...
    <END> ...
    <IF_DIRECTIVE> ...
    <INTEGER_LITERAL> ...
    <FLOATING_POINT_LITERAL> ...
    <WORD> ...
    <BRACKETED_WORD> ...
    <IDENTIFIER> ...
    <DOT> ...
    "{" ...
    "}" ...
    <EMPTY_INDEX> ...
    
	at org.apache.velocity.runtime.parser.Parser.generateParseException(Parser.java:3679)
	at org.apache.velocity.runtime.parser.Parser.jj_consume_token(Parser.java:3558)
	at org.apache.velocity.runtime.parser.Parser.Directive(Parser.java:939)
	at org.apache.velocity.runtime.parser.Parser.Statement(Parser.java:379)
	at org.apache.velocity.runtime.parser.Parser.process(Parser.java:317)
	at org.apache.velocity.runtime.parser.Parser.parse(Parser.java:117)
	at org.apache.velocity.runtime.RuntimeInstance.parse(RuntimeInstance.java:1226)
	at org.apache.velocity.runtime.RuntimeInstance.parse(RuntimeInstance.java:1181)
	at org.apache.velocity.Template.process(Template.java:134)
	at org.apache.velocity.runtime.resource.ResourceManagerImpl.loadResource(ResourceManagerImpl.java:437)
	at org.apache.velocity.runtime.resource.ResourceManagerImpl.getResource(ResourceManagerImpl.java:352)
	at org.apache.velocity.runtime.RuntimeInstance.getTemplate(RuntimeInstance.java:1533)
	at org.apache.velocity.runtime.RuntimeInstance.getTemplate(RuntimeInstance.java:1514)
	at org.apache.velocity.app.VelocityEngine.getTemplate(VelocityEngine.java:373)
	at com.za.qa.utils.VelocityUtils.getVelocityString(VelocityUtils.java:20)
	at com.za.qa.services.ReportService.constructReport(ReportService.java:39)
	at com.za.qa.services.ReportService.outputReport(ReportService.java:52)
	at com.za.qa.APIMain.main(APIMain.java:60)
2016-12-12 15:13:42,974 - ResourceManager.getResource() parse exception
org.apache.velocity.exception.ParseErrorException: Encountered "<EOF>" at vmTemplates/localTestReport.vm[line 194, column 7]
Was expecting one of:
    "(" ...
    <RPAREN> ...
    <ESCAPE_DIRECTIVE> ...
    <SET_DIRECTIVE> ...
    "##" ...
    "\\\\" ...
    "\\" ...
    <TEXT> ...
    "*#" ...
    "*#" ...
    "]]#" ...
    <STRING_LITERAL> ...
    <END> ...
    <IF_DIRECTIVE> ...
    <INTEGER_LITERAL> ...
    <FLOATING_POINT_LITERAL> ...
    <WORD> ...
    <BRACKETED_WORD> ...
    <IDENTIFIER> ...
    <DOT> ...
    "{" ...
    "}" ...
    <EMPTY_INDEX> ...
    
	at org.apache.velocity.Template.process(Template.java:151)
	at org.apache.velocity.runtime.resource.ResourceManagerImpl.loadResource(ResourceManagerImpl.java:437)
	at org.apache.velocity.runtime.resource.ResourceManagerImpl.getResource(ResourceManagerImpl.java:352)
	at org.apache.velocity.runtime.RuntimeInstance.getTemplate(RuntimeInstance.java:1533)
	at org.apache.velocity.runtime.RuntimeInstance.getTemplate(RuntimeInstance.java:1514)
	at org.apache.velocity.app.VelocityEngine.getTemplate(VelocityEngine.java:373)
	at com.za.qa.utils.VelocityUtils.getVelocityString(VelocityUtils.java:20)
	at com.za.qa.services.ReportService.constructReport(ReportService.java:39)
	at com.za.qa.services.ReportService.outputReport(ReportService.java:52)
	at com.za.qa.APIMain.main(APIMain.java:60)
2016-12-12 15:16:00,006 - Parser Exception: vmTemplates/localTestReport.vm
org.apache.velocity.runtime.parser.ParseException: Encountered "<EOF>" at line 194, column 7.
Was expecting one of:
    "(" ...
    <RPAREN> ...
    <ESCAPE_DIRECTIVE> ...
    <SET_DIRECTIVE> ...
    "##" ...
    "\\\\" ...
    "\\" ...
    <TEXT> ...
    "*#" ...
    "*#" ...
    "]]#" ...
    <STRING_LITERAL> ...
    <END> ...
    <IF_DIRECTIVE> ...
    <INTEGER_LITERAL> ...
    <FLOATING_POINT_LITERAL> ...
    <WORD> ...
    <BRACKETED_WORD> ...
    <IDENTIFIER> ...
    <DOT> ...
    "{" ...
    "}" ...
    <EMPTY_INDEX> ...
    
	at org.apache.velocity.runtime.parser.Parser.generateParseException(Parser.java:3679)
	at org.apache.velocity.runtime.parser.Parser.jj_consume_token(Parser.java:3558)
	at org.apache.velocity.runtime.parser.Parser.Directive(Parser.java:939)
	at org.apache.velocity.runtime.parser.Parser.Statement(Parser.java:379)
	at org.apache.velocity.runtime.parser.Parser.process(Parser.java:317)
	at org.apache.velocity.runtime.parser.Parser.parse(Parser.java:117)
	at org.apache.velocity.runtime.RuntimeInstance.parse(RuntimeInstance.java:1226)
	at org.apache.velocity.runtime.RuntimeInstance.parse(RuntimeInstance.java:1181)
	at org.apache.velocity.Template.process(Template.java:134)
	at org.apache.velocity.runtime.resource.ResourceManagerImpl.loadResource(ResourceManagerImpl.java:437)
	at org.apache.velocity.runtime.resource.ResourceManagerImpl.getResource(ResourceManagerImpl.java:352)
	at org.apache.velocity.runtime.RuntimeInstance.getTemplate(RuntimeInstance.java:1533)
	at org.apache.velocity.runtime.RuntimeInstance.getTemplate(RuntimeInstance.java:1514)
	at org.apache.velocity.app.VelocityEngine.getTemplate(VelocityEngine.java:373)
	at com.za.qa.utils.VelocityUtils.getVelocityString(VelocityUtils.java:20)
	at com.za.qa.services.ReportService.constructReport(ReportService.java:39)
	at com.za.qa.services.ReportService.outputReport(ReportService.java:52)
	at com.za.qa.APIMain.main(APIMain.java:60)
2016-12-12 15:16:00,009 - ResourceManager.getResource() parse exception
org.apache.velocity.exception.ParseErrorException: Encountered "<EOF>" at vmTemplates/localTestReport.vm[line 194, column 7]
Was expecting one of:
    "(" ...
    <RPAREN> ...
    <ESCAPE_DIRECTIVE> ...
    <SET_DIRECTIVE> ...
    "##" ...
    "\\\\" ...
    "\\" ...
    <TEXT> ...
    "*#" ...
    "*#" ...
    "]]#" ...
    <STRING_LITERAL> ...
    <END> ...
    <IF_DIRECTIVE> ...
    <INTEGER_LITERAL> ...
    <FLOATING_POINT_LITERAL> ...
    <WORD> ...
    <BRACKETED_WORD> ...
    <IDENTIFIER> ...
    <DOT> ...
    "{" ...
    "}" ...
    <EMPTY_INDEX> ...
    
	at org.apache.velocity.Template.process(Template.java:151)
	at org.apache.velocity.runtime.resource.ResourceManagerImpl.loadResource(ResourceManagerImpl.java:437)
	at org.apache.velocity.runtime.resource.ResourceManagerImpl.getResource(ResourceManagerImpl.java:352)
	at org.apache.velocity.runtime.RuntimeInstance.getTemplate(RuntimeInstance.java:1533)
	at org.apache.velocity.runtime.RuntimeInstance.getTemplate(RuntimeInstance.java:1514)
	at org.apache.velocity.app.VelocityEngine.getTemplate(VelocityEngine.java:373)
	at com.za.qa.utils.VelocityUtils.getVelocityString(VelocityUtils.java:20)
	at com.za.qa.services.ReportService.constructReport(ReportService.java:39)
	at com.za.qa.services.ReportService.outputReport(ReportService.java:52)
	at com.za.qa.APIMain.main(APIMain.java:60)
2016-12-12 15:17:26,127 - Parser Exception: vmTemplates/localTestReport.vm
org.apache.velocity.runtime.parser.ParseException: Encountered "<EOF>" at line 194, column 7.
Was expecting one of:
    "(" ...
    <RPAREN> ...
    <ESCAPE_DIRECTIVE> ...
    <SET_DIRECTIVE> ...
    "##" ...
    "\\\\" ...
    "\\" ...
    <TEXT> ...
    "*#" ...
    "*#" ...
    "]]#" ...
    <STRING_LITERAL> ...
    <END> ...
    <IF_DIRECTIVE> ...
    <INTEGER_LITERAL> ...
    <FLOATING_POINT_LITERAL> ...
    <WORD> ...
    <BRACKETED_WORD> ...
    <IDENTIFIER> ...
    <DOT> ...
    "{" ...
    "}" ...
    <EMPTY_INDEX> ...
    
	at org.apache.velocity.runtime.parser.Parser.generateParseException(Parser.java:3679)
	at org.apache.velocity.runtime.parser.Parser.jj_consume_token(Parser.java:3558)
	at org.apache.velocity.runtime.parser.Parser.Directive(Parser.java:939)
	at org.apache.velocity.runtime.parser.Parser.Statement(Parser.java:379)
	at org.apache.velocity.runtime.parser.Parser.process(Parser.java:317)
	at org.apache.velocity.runtime.parser.Parser.parse(Parser.java:117)
	at org.apache.velocity.runtime.RuntimeInstance.parse(RuntimeInstance.java:1226)
	at org.apache.velocity.runtime.RuntimeInstance.parse(RuntimeInstance.java:1181)
	at org.apache.velocity.Template.process(Template.java:134)
	at org.apache.velocity.runtime.resource.ResourceManagerImpl.loadResource(ResourceManagerImpl.java:437)
	at org.apache.velocity.runtime.resource.ResourceManagerImpl.getResource(ResourceManagerImpl.java:352)
	at org.apache.velocity.runtime.RuntimeInstance.getTemplate(RuntimeInstance.java:1533)
	at org.apache.velocity.runtime.RuntimeInstance.getTemplate(RuntimeInstance.java:1514)
	at org.apache.velocity.app.VelocityEngine.getTemplate(VelocityEngine.java:373)
	at com.za.qa.utils.VelocityUtils.getVelocityString(VelocityUtils.java:20)
	at com.za.qa.services.ReportService.constructReport(ReportService.java:39)
	at com.za.qa.services.ReportService.outputReport(ReportService.java:52)
	at com.za.qa.APIMain.main(APIMain.java:60)
2016-12-12 15:17:26,129 - ResourceManager.getResource() parse exception
org.apache.velocity.exception.ParseErrorException: Encountered "<EOF>" at vmTemplates/localTestReport.vm[line 194, column 7]
Was expecting one of:
    "(" ...
    <RPAREN> ...
    <ESCAPE_DIRECTIVE> ...
    <SET_DIRECTIVE> ...
    "##" ...
    "\\\\" ...
    "\\" ...
    <TEXT> ...
    "*#" ...
    "*#" ...
    "]]#" ...
    <STRING_LITERAL> ...
    <END> ...
    <IF_DIRECTIVE> ...
    <INTEGER_LITERAL> ...
    <FLOATING_POINT_LITERAL> ...
    <WORD> ...
    <BRACKETED_WORD> ...
    <IDENTIFIER> ...
    <DOT> ...
    "{" ...
    "}" ...
    <EMPTY_INDEX> ...
    
	at org.apache.velocity.Template.process(Template.java:151)
	at org.apache.velocity.runtime.resource.ResourceManagerImpl.loadResource(ResourceManagerImpl.java:437)
	at org.apache.velocity.runtime.resource.ResourceManagerImpl.getResource(ResourceManagerImpl.java:352)
	at org.apache.velocity.runtime.RuntimeInstance.getTemplate(RuntimeInstance.java:1533)
	at org.apache.velocity.runtime.RuntimeInstance.getTemplate(RuntimeInstance.java:1514)
	at org.apache.velocity.app.VelocityEngine.getTemplate(VelocityEngine.java:373)
	at com.za.qa.utils.VelocityUtils.getVelocityString(VelocityUtils.java:20)
	at com.za.qa.services.ReportService.constructReport(ReportService.java:39)
	at com.za.qa.services.ReportService.outputReport(ReportService.java:52)
	at com.za.qa.APIMain.main(APIMain.java:60)
2016-12-12 15:18:18,998 - Parser Exception: vmTemplates/localTestReport.vm
org.apache.velocity.runtime.parser.ParseException: Encountered "<EOF>" at line 194, column 7.
Was expecting one of:
    "(" ...
    <RPAREN> ...
    <ESCAPE_DIRECTIVE> ...
    <SET_DIRECTIVE> ...
    "##" ...
    "\\\\" ...
    "\\" ...
    <TEXT> ...
    "*#" ...
    "*#" ...
    "]]#" ...
    <STRING_LITERAL> ...
    <END> ...
    <IF_DIRECTIVE> ...
    <INTEGER_LITERAL> ...
    <FLOATING_POINT_LITERAL> ...
    <WORD> ...
    <BRACKETED_WORD> ...
    <IDENTIFIER> ...
    <DOT> ...
    "{" ...
    "}" ...
    <EMPTY_INDEX> ...
    
	at org.apache.velocity.runtime.parser.Parser.generateParseException(Parser.java:3679)
	at org.apache.velocity.runtime.parser.Parser.jj_consume_token(Parser.java:3558)
	at org.apache.velocity.runtime.parser.Parser.Directive(Parser.java:939)
	at org.apache.velocity.runtime.parser.Parser.Statement(Parser.java:379)
	at org.apache.velocity.runtime.parser.Parser.process(Parser.java:317)
	at org.apache.velocity.runtime.parser.Parser.parse(Parser.java:117)
	at org.apache.velocity.runtime.RuntimeInstance.parse(RuntimeInstance.java:1226)
	at org.apache.velocity.runtime.RuntimeInstance.parse(RuntimeInstance.java:1181)
	at org.apache.velocity.Template.process(Template.java:134)
	at org.apache.velocity.runtime.resource.ResourceManagerImpl.loadResource(ResourceManagerImpl.java:437)
	at org.apache.velocity.runtime.resource.ResourceManagerImpl.getResource(ResourceManagerImpl.java:352)
	at org.apache.velocity.runtime.RuntimeInstance.getTemplate(RuntimeInstance.java:1533)
	at org.apache.velocity.runtime.RuntimeInstance.getTemplate(RuntimeInstance.java:1514)
	at org.apache.velocity.app.VelocityEngine.getTemplate(VelocityEngine.java:373)
	at com.za.qa.utils.VelocityUtils.getVelocityString(VelocityUtils.java:20)
	at com.za.qa.services.ReportService.constructReport(ReportService.java:39)
	at com.za.qa.services.ReportService.outputReport(ReportService.java:52)
	at com.za.qa.APIMain.main(APIMain.java:60)
2016-12-12 15:18:19,005 - ResourceManager.getResource() parse exception
org.apache.velocity.exception.ParseErrorException: Encountered "<EOF>" at vmTemplates/localTestReport.vm[line 194, column 7]
Was expecting one of:
    "(" ...
    <RPAREN> ...
    <ESCAPE_DIRECTIVE> ...
    <SET_DIRECTIVE> ...
    "##" ...
    "\\\\" ...
    "\\" ...
    <TEXT> ...
    "*#" ...
    "*#" ...
    "]]#" ...
    <STRING_LITERAL> ...
    <END> ...
    <IF_DIRECTIVE> ...
    <INTEGER_LITERAL> ...
    <FLOATING_POINT_LITERAL> ...
    <WORD> ...
    <BRACKETED_WORD> ...
    <IDENTIFIER> ...
    <DOT> ...
    "{" ...
    "}" ...
    <EMPTY_INDEX> ...
    
	at org.apache.velocity.Template.process(Template.java:151)
	at org.apache.velocity.runtime.resource.ResourceManagerImpl.loadResource(ResourceManagerImpl.java:437)
	at org.apache.velocity.runtime.resource.ResourceManagerImpl.getResource(ResourceManagerImpl.java:352)
	at org.apache.velocity.runtime.RuntimeInstance.getTemplate(RuntimeInstance.java:1533)
	at org.apache.velocity.runtime.RuntimeInstance.getTemplate(RuntimeInstance.java:1514)
	at org.apache.velocity.app.VelocityEngine.getTemplate(VelocityEngine.java:373)
	at com.za.qa.utils.VelocityUtils.getVelocityString(VelocityUtils.java:20)
	at com.za.qa.services.ReportService.constructReport(ReportService.java:39)
	at com.za.qa.services.ReportService.outputReport(ReportService.java:52)
	at com.za.qa.APIMain.main(APIMain.java:60)
2016-12-12 15:19:21,770 - Parser Exception: vmTemplates/localTestReport.vm
org.apache.velocity.runtime.parser.ParseException: Encountered "<EOF>" at line 194, column 7.
Was expecting one of:
    "(" ...
    <RPAREN> ...
    <ESCAPE_DIRECTIVE> ...
    <SET_DIRECTIVE> ...
    "##" ...
    "\\\\" ...
    "\\" ...
    <TEXT> ...
    "*#" ...
    "*#" ...
    "]]#" ...
    <STRING_LITERAL> ...
    <END> ...
    <IF_DIRECTIVE> ...
    <INTEGER_LITERAL> ...
    <FLOATING_POINT_LITERAL> ...
    <WORD> ...
    <BRACKETED_WORD> ...
    <IDENTIFIER> ...
    <DOT> ...
    "{" ...
    "}" ...
    <EMPTY_INDEX> ...
    
	at org.apache.velocity.runtime.parser.Parser.generateParseException(Parser.java:3679)
	at org.apache.velocity.runtime.parser.Parser.jj_consume_token(Parser.java:3558)
	at org.apache.velocity.runtime.parser.Parser.Directive(Parser.java:939)
	at org.apache.velocity.runtime.parser.Parser.Statement(Parser.java:379)
	at org.apache.velocity.runtime.parser.Parser.process(Parser.java:317)
	at org.apache.velocity.runtime.parser.Parser.parse(Parser.java:117)
	at org.apache.velocity.runtime.RuntimeInstance.parse(RuntimeInstance.java:1226)
	at org.apache.velocity.runtime.RuntimeInstance.parse(RuntimeInstance.java:1181)
	at org.apache.velocity.Template.process(Template.java:134)
	at org.apache.velocity.runtime.resource.ResourceManagerImpl.loadResource(ResourceManagerImpl.java:437)
	at org.apache.velocity.runtime.resource.ResourceManagerImpl.getResource(ResourceManagerImpl.java:352)
	at org.apache.velocity.runtime.RuntimeInstance.getTemplate(RuntimeInstance.java:1533)
	at org.apache.velocity.runtime.RuntimeInstance.getTemplate(RuntimeInstance.java:1514)
	at org.apache.velocity.app.VelocityEngine.getTemplate(VelocityEngine.java:373)
	at com.za.qa.utils.VelocityUtils.getVelocityString(VelocityUtils.java:20)
	at com.za.qa.services.ReportService.constructReport(ReportService.java:39)
	at com.za.qa.services.ReportService.outputReport(ReportService.java:52)
	at com.za.qa.APIMain.main(APIMain.java:60)
2016-12-12 15:19:21,774 - ResourceManager.getResource() parse exception
org.apache.velocity.exception.ParseErrorException: Encountered "<EOF>" at vmTemplates/localTestReport.vm[line 194, column 7]
Was expecting one of:
    "(" ...
    <RPAREN> ...
    <ESCAPE_DIRECTIVE> ...
    <SET_DIRECTIVE> ...
    "##" ...
    "\\\\" ...
    "\\" ...
    <TEXT> ...
    "*#" ...
    "*#" ...
    "]]#" ...
    <STRING_LITERAL> ...
    <END> ...
    <IF_DIRECTIVE> ...
    <INTEGER_LITERAL> ...
    <FLOATING_POINT_LITERAL> ...
    <WORD> ...
    <BRACKETED_WORD> ...
    <IDENTIFIER> ...
    <DOT> ...
    "{" ...
    "}" ...
    <EMPTY_INDEX> ...
    
	at org.apache.velocity.Template.process(Template.java:151)
	at org.apache.velocity.runtime.resource.ResourceManagerImpl.loadResource(ResourceManagerImpl.java:437)
	at org.apache.velocity.runtime.resource.ResourceManagerImpl.getResource(ResourceManagerImpl.java:352)
	at org.apache.velocity.runtime.RuntimeInstance.getTemplate(RuntimeInstance.java:1533)
	at org.apache.velocity.runtime.RuntimeInstance.getTemplate(RuntimeInstance.java:1514)
	at org.apache.velocity.app.VelocityEngine.getTemplate(VelocityEngine.java:373)
	at com.za.qa.utils.VelocityUtils.getVelocityString(VelocityUtils.java:20)
	at com.za.qa.services.ReportService.constructReport(ReportService.java:39)
	at com.za.qa.services.ReportService.outputReport(ReportService.java:52)
	at com.za.qa.APIMain.main(APIMain.java:60)
2016-12-12 15:29:30,373 - Parser Exception: vmTemplates/localTestReport.vm
org.apache.velocity.runtime.parser.ParseException: Encountered "=" at line 153, column 83.
Was expecting one of:
    <RPAREN> ...
    "-" ...
    "+" ...
    "*" ...
    "/" ...
    "%" ...
    <LOGICAL_AND> ...
    <LOGICAL_OR> ...
    <LOGICAL_LT> ...
    <LOGICAL_LE> ...
    <LOGICAL_GT> ...
    <LOGICAL_GE> ...
    <LOGICAL_EQUALS> ...
    <LOGICAL_NOT_EQUALS> ...
    
	at org.apache.velocity.runtime.parser.Parser.generateParseException(Parser.java:3679)
	at org.apache.velocity.runtime.parser.Parser.jj_consume_token(Parser.java:3558)
	at org.apache.velocity.runtime.parser.Parser.ElseIfStatement(Parser.java:1863)
	at org.apache.velocity.runtime.parser.Parser.IfStatement(Parser.java:1717)
	at org.apache.velocity.runtime.parser.Parser.Statement(Parser.java:352)
	at org.apache.velocity.runtime.parser.Parser.IfStatement(Parser.java:1692)
	at org.apache.velocity.runtime.parser.Parser.Statement(Parser.java:352)
	at org.apache.velocity.runtime.parser.Parser.Directive(Parser.java:918)
	at org.apache.velocity.runtime.parser.Parser.Statement(Parser.java:379)
	at org.apache.velocity.runtime.parser.Parser.process(Parser.java:317)
	at org.apache.velocity.runtime.parser.Parser.parse(Parser.java:117)
	at org.apache.velocity.runtime.RuntimeInstance.parse(RuntimeInstance.java:1226)
	at org.apache.velocity.runtime.RuntimeInstance.parse(RuntimeInstance.java:1181)
	at org.apache.velocity.Template.process(Template.java:134)
	at org.apache.velocity.runtime.resource.ResourceManagerImpl.loadResource(ResourceManagerImpl.java:437)
	at org.apache.velocity.runtime.resource.ResourceManagerImpl.getResource(ResourceManagerImpl.java:352)
	at org.apache.velocity.runtime.RuntimeInstance.getTemplate(RuntimeInstance.java:1533)
	at org.apache.velocity.runtime.RuntimeInstance.getTemplate(RuntimeInstance.java:1514)
	at org.apache.velocity.app.VelocityEngine.getTemplate(VelocityEngine.java:373)
	at com.za.qa.utils.VelocityUtils.getVelocityString(VelocityUtils.java:20)
	at com.za.qa.services.ReportService.constructReport(ReportService.java:39)
	at com.za.qa.services.ReportService.outputReport(ReportService.java:52)
	at com.za.qa.APIMain.main(APIMain.java:60)
2016-12-12 15:29:30,377 - ResourceManager.getResource() parse exception
org.apache.velocity.exception.ParseErrorException: Encountered "=" at vmTemplates/localTestReport.vm[line 153, column 83]
Was expecting one of:
    <RPAREN> ...
    "-" ...
    "+" ...
    "*" ...
    "/" ...
    "%" ...
    <LOGICAL_AND> ...
    <LOGICAL_OR> ...
    <LOGICAL_LT> ...
    <LOGICAL_LE> ...
    <LOGICAL_GT> ...
    <LOGICAL_GE> ...
    <LOGICAL_EQUALS> ...
    <LOGICAL_NOT_EQUALS> ...
    
	at org.apache.velocity.Template.process(Template.java:151)
	at org.apache.velocity.runtime.resource.ResourceManagerImpl.loadResource(ResourceManagerImpl.java:437)
	at org.apache.velocity.runtime.resource.ResourceManagerImpl.getResource(ResourceManagerImpl.java:352)
	at org.apache.velocity.runtime.RuntimeInstance.getTemplate(RuntimeInstance.java:1533)
	at org.apache.velocity.runtime.RuntimeInstance.getTemplate(RuntimeInstance.java:1514)
	at org.apache.velocity.app.VelocityEngine.getTemplate(VelocityEngine.java:373)
	at com.za.qa.utils.VelocityUtils.getVelocityString(VelocityUtils.java:20)
	at com.za.qa.services.ReportService.constructReport(ReportService.java:39)
	at com.za.qa.services.ReportService.outputReport(ReportService.java:52)
	at com.za.qa.APIMain.main(APIMain.java:60)
2016-12-27 10:52:38,378 - Parser Exception: vmTemplates/localTestReport.vm
org.apache.velocity.runtime.parser.ParseException: Encountered "no" at line 103, column 30.
Was expecting one of:
    "[" ...
    "{" ...
    "(" ...
    <STRING_LITERAL> ...
    "true" ...
    "false" ...
    <INTEGER_LITERAL> ...
    <FLOATING_POINT_LITERAL> ...
    <IDENTIFIER> ...
    "{" ...
    "[" ...
    
	at org.apache.velocity.runtime.parser.Parser.generateParseException(Parser.java:3679)
	at org.apache.velocity.runtime.parser.Parser.jj_consume_token(Parser.java:3558)
	at org.apache.velocity.runtime.parser.Parser.PrimaryExpression(Parser.java:2644)
	at org.apache.velocity.runtime.parser.Parser.UnaryExpression(Parser.java:2586)
	at org.apache.velocity.runtime.parser.Parser.MultiplicativeExpression(Parser.java:2435)
	at org.apache.velocity.runtime.parser.Parser.AdditiveExpression(Parser.java:2359)
	at org.apache.velocity.runtime.parser.Parser.RelationalExpression(Parser.java:2227)
	at org.apache.velocity.runtime.parser.Parser.EqualityExpression(Parser.java:2151)
	at org.apache.velocity.runtime.parser.Parser.ConditionalAndExpression(Parser.java:2111)
	at org.apache.velocity.runtime.parser.Parser.ConditionalOrExpression(Parser.java:2071)
	at org.apache.velocity.runtime.parser.Parser.Expression(Parser.java:2018)
	at org.apache.velocity.runtime.parser.Parser.SetDirective(Parser.java:1971)
	at org.apache.velocity.runtime.parser.Parser.Statement(Parser.java:369)
	at org.apache.velocity.runtime.parser.Parser.process(Parser.java:317)
	at org.apache.velocity.runtime.parser.Parser.parse(Parser.java:117)
	at org.apache.velocity.runtime.RuntimeInstance.parse(RuntimeInstance.java:1226)
	at org.apache.velocity.runtime.RuntimeInstance.parse(RuntimeInstance.java:1181)
	at org.apache.velocity.Template.process(Template.java:134)
	at org.apache.velocity.runtime.resource.ResourceManagerImpl.loadResource(ResourceManagerImpl.java:437)
	at org.apache.velocity.runtime.resource.ResourceManagerImpl.getResource(ResourceManagerImpl.java:352)
	at org.apache.velocity.runtime.RuntimeInstance.getTemplate(RuntimeInstance.java:1533)
	at org.apache.velocity.runtime.RuntimeInstance.getTemplate(RuntimeInstance.java:1514)
	at org.apache.velocity.app.VelocityEngine.getTemplate(VelocityEngine.java:373)
	at com.za.qa.utils.VelocityUtils.getVelocityString(VelocityUtils.java:20)
	at com.za.qa.services.ReportService.constructReport(ReportService.java:39)
	at com.za.qa.services.ReportService.outputReport(ReportService.java:53)
	at com.za.qa.APIMain.main(APIMain.java:68)
2016-12-27 10:52:38,381 - ResourceManager.getResource() parse exception
org.apache.velocity.exception.ParseErrorException: Encountered "no" at vmTemplates/localTestReport.vm[line 103, column 30]
Was expecting one of:
    "[" ...
    "{" ...
    "(" ...
    <STRING_LITERAL> ...
    "true" ...
    "false" ...
    <INTEGER_LITERAL> ...
    <FLOATING_POINT_LITERAL> ...
    <IDENTIFIER> ...
    "{" ...
    "[" ...
    
	at org.apache.velocity.Template.process(Template.java:151)
	at org.apache.velocity.runtime.resource.ResourceManagerImpl.loadResource(ResourceManagerImpl.java:437)
	at org.apache.velocity.runtime.resource.ResourceManagerImpl.getResource(ResourceManagerImpl.java:352)
	at org.apache.velocity.runtime.RuntimeInstance.getTemplate(RuntimeInstance.java:1533)
	at org.apache.velocity.runtime.RuntimeInstance.getTemplate(RuntimeInstance.java:1514)
	at org.apache.velocity.app.VelocityEngine.getTemplate(VelocityEngine.java:373)
	at com.za.qa.utils.VelocityUtils.getVelocityString(VelocityUtils.java:20)
	at com.za.qa.services.ReportService.constructReport(ReportService.java:39)
	at com.za.qa.services.ReportService.outputReport(ReportService.java:53)
	at com.za.qa.APIMain.main(APIMain.java:68)
2017-02-16 15:35:25,530 - Log4JLogChute initialized using file 'velocity.log'
2017-02-16 15:35:25,534 - Initializing Velocity, Calling init()...
2017-02-16 15:35:25,534 - Starting Apache Velocity v1.7 (compiled: 2010-11-19 12:14:37)
2017-02-16 15:35:25,534 - Default Properties File: org\apache\velocity\runtime\defaults\velocity.properties
2017-02-16 15:35:25,534 - Trying to use logger class org.apache.velocity.runtime.log.AvalonLogChute
2017-02-16 15:35:25,534 - Target log system for org.apache.velocity.runtime.log.AvalonLogChute is not available (java.lang.NoClassDefFoundError: org/apache/log/format/Formatter).  Falling back to next log system...
2017-02-16 15:35:25,534 - Trying to use logger class org.apache.velocity.runtime.log.Log4JLogChute
2017-02-16 15:35:25,534 - Using logger class org.apache.velocity.runtime.log.Log4JLogChute
2017-02-16 15:35:25,540 - ResourceLoader instantiated: org.apache.velocity.runtime.resource.loader.ClasspathResourceLoader
2017-02-16 15:35:25,555 - ResourceCache: initialized (class org.apache.velocity.runtime.resource.ResourceCacheImpl) with class java.util.Collections$SynchronizedMap cache map.
2017-02-16 15:35:25,558 - Loaded System Directive: org.apache.velocity.runtime.directive.Stop
2017-02-16 15:35:25,560 - Loaded System Directive: org.apache.velocity.runtime.directive.Define
2017-02-16 15:35:25,561 - Loaded System Directive: org.apache.velocity.runtime.directive.Break
2017-02-16 15:35:25,562 - Loaded System Directive: org.apache.velocity.runtime.directive.Evaluate
2017-02-16 15:35:25,565 - Loaded System Directive: org.apache.velocity.runtime.directive.Literal
2017-02-16 15:35:25,567 - Loaded System Directive: org.apache.velocity.runtime.directive.Macro
2017-02-16 15:35:25,569 - Loaded System Directive: org.apache.velocity.runtime.directive.Parse
2017-02-16 15:35:25,571 - Loaded System Directive: org.apache.velocity.runtime.directive.Include
2017-02-16 15:35:25,572 - Loaded System Directive: org.apache.velocity.runtime.directive.Foreach
2017-02-16 15:35:25,615 - Created '20' parsers.
2017-02-16 15:35:25,625 - Velocimacro : "velocimacro.library" is not set.  Trying default library: VM_global_library.vm
2017-02-16 15:35:25,625 - Could not load resource 'VM_global_library.vm' from ResourceLoader org.apache.velocity.runtime.resource.loader.ClasspathResourceLoader: ClasspathResourceLoader Error: cannot find resource VM_global_library.vm
2017-02-16 15:35:25,625 - Velocimacro : Default library not found.
2017-02-16 15:35:25,625 - Velocimacro : allowInline = true : VMs can be defined inline in templates
2017-02-16 15:35:25,625 - Velocimacro : allowInlineToOverride = false : VMs defined inline may NOT replace previous VM definitions
2017-02-16 15:35:25,625 - Velocimacro : allowInlineLocal = false : VMs defined inline will be global in scope if allowed.
2017-02-16 15:35:25,626 - Velocimacro : autoload off : VM system will not automatically reload global library macros
2017-02-16 15:35:25,715 - ResourceManager : found vmTemplates/localTestReport.vm with loader org.apache.velocity.runtime.resource.loader.ClasspathResourceLoader
