2017-03-21 14:31:56  [ main:0 ] - [ ERROR ]  [用例集开关]: D:\workspace\TestCase\测试\携程全产品.xlsx用例集开关 未包含 携程酒店取消险1
2017-03-21 14:31:56  [ main:4 ] - [ ERROR ]  [用例集开关]: D:\workspace\TestCase\测试\携程全产品.xlsx用例集开关 未包含 携程apply.do4
2017-03-21 14:31:56  [ main:5 ] - [ ERROR ]  [用例集开关]: D:\workspace\TestCase\测试\携程全产品.xlsx用例集开关 未包含 携程apply.do5
2017-03-21 14:31:56  [ main:5 ] - [ ERROR ]  [用例集开关]: D:\workspace\TestCase\测试\携程全产品.xlsx用例集开关 未包含 携程酒店取消险2
2017-03-21 14:31:56  [ main:7 ] - [ ERROR ]  [用例集开关]: D:\workspace\TestCase\测试\携程全产品.xlsx用例集开关 未包含 携程酒店取消险3
2017-03-21 14:31:56  [ main:8 ] - [ ERROR ]  [用例集开关]: D:\workspace\TestCase\测试\携程全产品.xlsx用例集开关 未包含 携程apply.do6
2017-03-21 14:31:56  [ main:9 ] - [ ERROR ]  [用例集开关]: D:\workspace\TestCase\测试\携程全产品.xlsx用例集开关 未包含 携程酒店取消险4
2017-03-21 14:31:56  [ main:10 ] - [ ERROR ]  [用例集开关]: D:\workspace\TestCase\测试\携程全产品.xlsx用例集开关 未包含 携程酒店取消险5
2017-03-21 14:31:56  [ main:13 ] - [ ERROR ]  [用例集开关]: D:\workspace\TestCase\测试\携程全产品.xlsx用例集开关 未包含 携程航空意外险5
2017-03-21 14:31:56  [ main:14 ] - [ ERROR ]  [用例集开关]: D:\workspace\TestCase\测试\携程全产品.xlsx用例集开关 未包含 携程航延险
2017-03-21 14:31:56  [ main:15 ] - [ ERROR ]  [用例集开关]: D:\workspace\TestCase\测试\携程全产品.xlsx用例集开关 未包含 携程航空意外险1
2017-03-21 14:31:56  [ main:16 ] - [ ERROR ]  [用例集开关]: D:\workspace\TestCase\测试\携程全产品.xlsx用例集开关 未包含 携程航空意外险2
2017-03-21 14:31:56  [ main:17 ] - [ ERROR ]  [用例集开关]: D:\workspace\TestCase\测试\携程全产品.xlsx用例集开关 未包含 携程账户安全险
2017-03-21 14:31:56  [ main:17 ] - [ ERROR ]  [用例集开关]: D:\workspace\TestCase\测试\携程全产品.xlsx用例集开关 未包含 携程航空意外险3
2017-03-21 14:31:56  [ main:18 ] - [ ERROR ]  [用例集开关]: D:\workspace\TestCase\测试\携程全产品.xlsx用例集开关 未包含 携程航空意外险4
2017-03-21 14:31:56  [ main:19 ] - [ ERROR ]  [用例集开关]: D:\workspace\TestCase\测试\携程全产品.xlsx用例集开关 未包含 携程旅游险5
2017-03-21 14:31:56  [ main:21 ] - [ ERROR ]  [用例集开关]: D:\workspace\TestCase\测试\携程全产品.xlsx用例集开关 未包含 携程迪斯尼1
2017-03-21 14:31:56  [ main:22 ] - [ ERROR ]  [用例集开关]: D:\workspace\TestCase\测试\携程全产品.xlsx用例集开关 未包含 携程旅游险1
2017-03-21 14:31:56  [ main:23 ] - [ ERROR ]  [用例集开关]: D:\workspace\TestCase\测试\携程全产品.xlsx用例集开关 未包含 携程铁路意外综合保险
2017-03-21 14:31:56  [ main:24 ] - [ ERROR ]  [用例集开关]: D:\workspace\TestCase\测试\携程全产品.xlsx用例集开关 未包含 携程旅游险2
2017-03-21 14:31:56  [ main:25 ] - [ ERROR ]  [用例集开关]: D:\workspace\TestCase\测试\携程全产品.xlsx用例集开关 未包含 携程apply.do1
2017-03-21 14:31:56  [ main:26 ] - [ ERROR ]  [用例集开关]: D:\workspace\TestCase\测试\携程全产品.xlsx用例集开关 未包含 携程旅游险3
2017-03-21 14:31:56  [ main:26 ] - [ ERROR ]  [用例集开关]: D:\workspace\TestCase\测试\携程全产品.xlsx用例集开关 未包含 携程apply.do2
2017-03-21 14:31:56  [ main:27 ] - [ ERROR ]  [用例集开关]: D:\workspace\TestCase\测试\携程全产品.xlsx用例集开关 未包含 携程旅游险4
2017-03-21 14:31:56  [ main:27 ] - [ ERROR ]  [用例集开关]: D:\workspace\TestCase\测试\携程全产品.xlsx用例集开关 未包含 携程apply.do3
2017-03-21 14:31:56  [ main:28 ] - [ ERROR ]  [用例集开关]: D:\workspace\TestCase\测试\携程全产品.xlsx用例集开关 未包含 携程机票旅行险
2017-03-21 14:31:57  [ pool-1-thread-1:115 ] - [ ERROR ]  [用例集开关]: D:\workspace\TestCase\测试\携程全产品.xlsx用例集开关 未包含 携程酒店取消险1
2017-03-21 14:31:57  [ pool-1-thread-24:118 ] - [ ERROR ]  [用例集开关]: D:\workspace\TestCase\测试\携程全产品.xlsx用例集开关 未包含 携程旅游险4
2017-03-21 14:31:57  [ pool-1-thread-3:119 ] - [ ERROR ]  [用例集开关]: D:\workspace\TestCase\测试\携程全产品.xlsx用例集开关 未包含 携程apply.do5
2017-03-21 14:31:57  [ pool-1-thread-15:119 ] - [ ERROR ]  [用例集开关]: D:\workspace\TestCase\测试\携程全产品.xlsx用例集开关 未包含 携程航空意外险4
2017-03-21 14:31:57  [ pool-1-thread-7:120 ] - [ ERROR ]  [用例集开关]: D:\workspace\TestCase\测试\携程全产品.xlsx用例集开关 未包含 携程酒店取消险4
2017-03-21 14:31:57  [ pool-1-thread-5:121 ] - [ ERROR ]  [用例集开关]: D:\workspace\TestCase\测试\携程全产品.xlsx用例集开关 未包含 携程酒店取消险3
2017-03-21 14:31:57  [ pool-1-thread-2:122 ] - [ ERROR ]  [用例集开关]: D:\workspace\TestCase\测试\携程全产品.xlsx用例集开关 未包含 携程apply.do4
2017-03-21 14:31:57  [ pool-1-thread-6:122 ] - [ ERROR ]  [用例集开关]: D:\workspace\TestCase\测试\携程全产品.xlsx用例集开关 未包含 携程apply.do6
2017-03-21 14:31:57  [ pool-1-thread-20:127 ] - [ ERROR ]  [用例集开关]: D:\workspace\TestCase\测试\携程全产品.xlsx用例集开关 未包含 携程旅游险2
2017-03-21 14:31:57  [ pool-1-thread-8:133 ] - [ ERROR ]  [用例集开关]: D:\workspace\TestCase\测试\携程全产品.xlsx用例集开关 未包含 携程酒店取消险5
2017-03-21 14:31:57  [ pool-1-thread-4:134 ] - [ ERROR ]  [用例集开关]: D:\workspace\TestCase\测试\携程全产品.xlsx用例集开关 未包含 携程酒店取消险2
2017-03-21 14:31:57  [ pool-1-thread-22:134 ] - [ ERROR ]  [用例集开关]: D:\workspace\TestCase\测试\携程全产品.xlsx用例集开关 未包含 携程旅游险3
2017-03-21 14:31:57  [ pool-1-thread-12:139 ] - [ ERROR ]  [用例集开关]: D:\workspace\TestCase\测试\携程全产品.xlsx用例集开关 未包含 携程航空意外险2
2017-03-21 14:31:57  [ pool-1-thread-18:140 ] - [ ERROR ]  [用例集开关]: D:\workspace\TestCase\测试\携程全产品.xlsx用例集开关 未包含 携程旅游险1
2017-03-21 14:31:57  [ pool-1-thread-27:140 ] - [ ERROR ]  [用例集开关]: D:\workspace\TestCase\测试\携程全产品.xlsx用例集开关 未包含 携程机票旅行险
2017-03-21 14:31:57  [ pool-1-thread-23:141 ] - [ ERROR ]  [用例集开关]: D:\workspace\TestCase\测试\携程全产品.xlsx用例集开关 未包含 携程apply.do2
2017-03-21 14:31:57  [ pool-1-thread-25:141 ] - [ ERROR ]  [用例集开关]: D:\workspace\TestCase\测试\携程全产品.xlsx用例集开关 未包含 携程apply.do3
2017-03-21 14:31:57  [ pool-1-thread-21:152 ] - [ ERROR ]  [用例集开关]: D:\workspace\TestCase\测试\携程全产品.xlsx用例集开关 未包含 携程apply.do1
2017-03-21 14:31:57  [ pool-1-thread-19:154 ] - [ ERROR ]  [用例集开关]: D:\workspace\TestCase\测试\携程全产品.xlsx用例集开关 未包含 携程铁路意外综合保险
2017-03-21 14:31:57  [ pool-1-thread-17:156 ] - [ ERROR ]  [用例集开关]: D:\workspace\TestCase\测试\携程全产品.xlsx用例集开关 未包含 携程迪斯尼1
2017-03-21 14:31:57  [ pool-1-thread-16:158 ] - [ ERROR ]  [用例集开关]: D:\workspace\TestCase\测试\携程全产品.xlsx用例集开关 未包含 携程旅游险5
2017-03-21 14:31:57  [ pool-1-thread-11:159 ] - [ ERROR ]  [用例集开关]: D:\workspace\TestCase\测试\携程全产品.xlsx用例集开关 未包含 携程航空意外险1
2017-03-21 14:31:57  [ pool-1-thread-9:159 ] - [ ERROR ]  [用例集开关]: D:\workspace\TestCase\测试\携程全产品.xlsx用例集开关 未包含 携程航空意外险5
2017-03-21 14:31:57  [ pool-1-thread-10:159 ] - [ ERROR ]  [用例集开关]: D:\workspace\TestCase\测试\携程全产品.xlsx用例集开关 未包含 携程航延险
2017-03-21 14:31:57  [ pool-1-thread-14:160 ] - [ ERROR ]  [用例集开关]: D:\workspace\TestCase\测试\携程全产品.xlsx用例集开关 未包含 携程航空意外险3
2017-03-21 14:31:57  [ pool-1-thread-13:161 ] - [ ERROR ]  [用例集开关]: D:\workspace\TestCase\测试\携程全产品.xlsx用例集开关 未包含 携程账户安全险
2017-03-21 14:31:57  [ pool-1-thread-1:167 ] - [ ERROR ]  [用例集开关]: D:\workspace\TestCase\测试\携程全产品.xlsx用例集开关 未包含 携程酒店取消险1
2017-03-21 14:31:57  [ pool-1-thread-11:168 ] - [ ERROR ]  [用例集开关]: D:\workspace\TestCase\测试\携程全产品.xlsx用例集开关 未包含 携程航空意外险1
2017-03-21 14:31:57  [ pool-1-thread-14:176 ] - [ ERROR ]  [用例集开关]: D:\workspace\TestCase\测试\携程全产品.xlsx用例集开关 未包含 携程航空意外险3
2017-03-21 14:31:57  [ pool-1-thread-9:178 ] - [ ERROR ]  [用例集开关]: D:\workspace\TestCase\测试\携程全产品.xlsx用例集开关 未包含 携程航空意外险5
2017-03-21 14:31:57  [ pool-1-thread-4:182 ] - [ ERROR ]  [用例集开关]: D:\workspace\TestCase\测试\携程全产品.xlsx用例集开关 未包含 携程酒店取消险2
2017-03-21 14:31:57  [ pool-1-thread-10:182 ] - [ ERROR ]  [用例集开关]: D:\workspace\TestCase\测试\携程全产品.xlsx用例集开关 未包含 携程航延险
2017-03-21 14:31:57  [ pool-1-thread-10:183 ] - [ ERROR ]  [用例集开关]: D:\workspace\TestCase\测试\携程全产品.xlsx用例集开关 未包含 携程航延险
2017-03-21 14:31:57  [ pool-1-thread-10:183 ] - [ ERROR ]  [用例集开关]: D:\workspace\TestCase\测试\携程全产品.xlsx用例集开关 未包含 携程航延险
2017-03-21 14:31:57  [ pool-1-thread-10:184 ] - [ ERROR ]  [用例集开关]: D:\workspace\TestCase\测试\携程全产品.xlsx用例集开关 未包含 携程航延险
2017-03-21 14:31:57  [ pool-1-thread-10:184 ] - [ ERROR ]  [用例集开关]: D:\workspace\TestCase\测试\携程全产品.xlsx用例集开关 未包含 携程航延险
2017-03-21 14:31:57  [ pool-1-thread-16:185 ] - [ ERROR ]  [用例集开关]: D:\workspace\TestCase\测试\携程全产品.xlsx用例集开关 未包含 携程旅游险5
2017-03-21 14:31:57  [ pool-1-thread-15:196 ] - [ ERROR ]  [用例集开关]: D:\workspace\TestCase\测试\携程全产品.xlsx用例集开关 未包含 携程航空意外险4
2017-03-21 14:31:57  [ pool-1-thread-24:202 ] - [ ERROR ]  [用例集开关]: D:\workspace\TestCase\测试\携程全产品.xlsx用例集开关 未包含 携程旅游险4
2017-03-21 14:31:57  [ pool-1-thread-20:185 ] - [ ERROR ]  [用例集开关]: D:\workspace\TestCase\测试\携程全产品.xlsx用例集开关 未包含 携程旅游险2
2017-03-21 14:31:57  [ pool-1-thread-22:185 ] - [ ERROR ]  [用例集开关]: D:\workspace\TestCase\测试\携程全产品.xlsx用例集开关 未包含 携程旅游险3
2017-03-21 14:31:57  [ pool-1-thread-17:206 ] - [ ERROR ]  [用例集开关]: D:\workspace\TestCase\测试\携程全产品.xlsx用例集开关 未包含 携程迪斯尼1
2017-03-21 14:31:57  [ pool-1-thread-17:206 ] - [ ERROR ]  [用例集开关]: D:\workspace\TestCase\测试\携程全产品.xlsx用例集开关 未包含 携程迪斯尼1
2017-03-21 14:31:57  [ pool-1-thread-17:206 ] - [ ERROR ]  [用例集开关]: D:\workspace\TestCase\测试\携程全产品.xlsx用例集开关 未包含 携程迪斯尼1
2017-03-21 14:31:57  [ pool-1-thread-17:207 ] - [ ERROR ]  [用例集开关]: D:\workspace\TestCase\测试\携程全产品.xlsx用例集开关 未包含 携程迪斯尼1
2017-03-21 14:31:57  [ pool-1-thread-17:207 ] - [ ERROR ]  [用例集开关]: D:\workspace\TestCase\测试\携程全产品.xlsx用例集开关 未包含 携程迪斯尼1
2017-03-21 14:31:57  [ pool-1-thread-17:207 ] - [ ERROR ]  [用例集开关]: D:\workspace\TestCase\测试\携程全产品.xlsx用例集开关 未包含 携程迪斯尼1
2017-03-21 14:31:57  [ pool-1-thread-17:208 ] - [ ERROR ]  [用例集开关]: D:\workspace\TestCase\测试\携程全产品.xlsx用例集开关 未包含 携程迪斯尼1
2017-03-21 14:31:57  [ pool-1-thread-21:208 ] - [ ERROR ]  [用例集开关]: D:\workspace\TestCase\测试\携程全产品.xlsx用例集开关 未包含 携程apply.do1
2017-03-21 14:31:57  [ pool-1-thread-23:211 ] - [ ERROR ]  [用例集开关]: D:\workspace\TestCase\测试\携程全产品.xlsx用例集开关 未包含 携程apply.do2
2017-03-21 14:31:57  [ pool-1-thread-27:212 ] - [ ERROR ]  [用例集开关]: D:\workspace\TestCase\测试\携程全产品.xlsx用例集开关 未包含 携程机票旅行险
2017-03-21 14:31:57  [ pool-1-thread-27:212 ] - [ ERROR ]  [用例集开关]: D:\workspace\TestCase\测试\携程全产品.xlsx用例集开关 未包含 携程机票旅行险
2017-03-21 14:31:57  [ pool-1-thread-27:213 ] - [ ERROR ]  [用例集开关]: D:\workspace\TestCase\测试\携程全产品.xlsx用例集开关 未包含 携程机票旅行险
2017-03-21 14:31:57  [ pool-1-thread-27:214 ] - [ ERROR ]  [用例集开关]: D:\workspace\TestCase\测试\携程全产品.xlsx用例集开关 未包含 携程机票旅行险
2017-03-21 14:31:57  [ pool-1-thread-27:214 ] - [ ERROR ]  [用例集开关]: D:\workspace\TestCase\测试\携程全产品.xlsx用例集开关 未包含 携程机票旅行险
2017-03-21 14:31:57  [ pool-1-thread-27:215 ] - [ ERROR ]  [用例集开关]: D:\workspace\TestCase\测试\携程全产品.xlsx用例集开关 未包含 携程机票旅行险
2017-03-21 14:31:57  [ pool-1-thread-27:216 ] - [ ERROR ]  [用例集开关]: D:\workspace\TestCase\测试\携程全产品.xlsx用例集开关 未包含 携程机票旅行险
2017-03-21 14:31:57  [ pool-1-thread-27:217 ] - [ ERROR ]  [用例集开关]: D:\workspace\TestCase\测试\携程全产品.xlsx用例集开关 未包含 携程机票旅行险
2017-03-21 14:31:57  [ pool-1-thread-27:217 ] - [ ERROR ]  [用例集开关]: D:\workspace\TestCase\测试\携程全产品.xlsx用例集开关 未包含 携程机票旅行险
2017-03-21 14:31:57  [ pool-1-thread-3:218 ] - [ ERROR ]  [用例集开关]: D:\workspace\TestCase\测试\携程全产品.xlsx用例集开关 未包含 携程apply.do5
2017-03-21 14:31:57  [ pool-1-thread-8:197 ] - [ ERROR ]  [用例集开关]: D:\workspace\TestCase\测试\携程全产品.xlsx用例集开关 未包含 携程酒店取消险5
2017-03-21 14:31:57  [ pool-1-thread-7:224 ] - [ ERROR ]  [用例集开关]: D:\workspace\TestCase\测试\携程全产品.xlsx用例集开关 未包含 携程酒店取消险4
2017-03-21 14:31:57  [ pool-1-thread-6:224 ] - [ ERROR ]  [用例集开关]: D:\workspace\TestCase\测试\携程全产品.xlsx用例集开关 未包含 携程apply.do6
2017-03-21 14:31:57  [ pool-1-thread-5:224 ] - [ ERROR ]  [用例集开关]: D:\workspace\TestCase\测试\携程全产品.xlsx用例集开关 未包含 携程酒店取消险3
2017-03-21 14:31:57  [ pool-1-thread-2:224 ] - [ ERROR ]  [用例集开关]: D:\workspace\TestCase\测试\携程全产品.xlsx用例集开关 未包含 携程apply.do4
2017-03-21 14:31:57  [ pool-1-thread-12:223 ] - [ ERROR ]  [用例集开关]: D:\workspace\TestCase\测试\携程全产品.xlsx用例集开关 未包含 携程航空意外险2
2017-03-21 14:31:57  [ pool-1-thread-18:216 ] - [ ERROR ]  [用例集开关]: D:\workspace\TestCase\测试\携程全产品.xlsx用例集开关 未包含 携程旅游险1
2017-03-21 14:31:57  [ pool-1-thread-25:210 ] - [ ERROR ]  [用例集开关]: D:\workspace\TestCase\测试\携程全产品.xlsx用例集开关 未包含 携程apply.do3
2017-03-21 14:31:57  [ pool-1-thread-19:208 ] - [ ERROR ]  [用例集开关]: D:\workspace\TestCase\测试\携程全产品.xlsx用例集开关 未包含 携程铁路意外综合保险
2017-03-21 14:31:57  [ pool-1-thread-26:246 ] - [ INFO ]  ---------当前用例执行开始，用例编号:case001,接口类型: HTTP
2017-03-21 14:31:59  [ pool-1-thread-26:3066 ] - [ INFO ]  
表达式引擎解析前的参数: 
X-Requested-With=XMLHttpRequest|assortmentId=51252513&premium_params[AMOUNT][key]=AMOUNT&premium_params[AMOUNT][value]=1000000&premium_params[AMOUNT][type]=2&premium_params[AMOUNT][belong]=4&premium_params[EXPIRES][key]=EXPIRES&premium_params[EXPIRES][value]=1年&premium_params[EXPIRES][type]=3&premium_params[EXPIRES][belong]=3&premium_params[INSURANCE][key]=INSURANCE&premium_params[INSURANCE][type]=3&premium_params[INSURANCE][belong]=2&premium_params[BIRTHDAY][key]=BIRTHDAY&premium_params[BIRTHDAY][type]=3&premium_params[BIRTHDAY][belong]=2&premium_params[INSURANCE][value]=$GetExcelData("hasSheBao")&premium_params[BIRTHDAY][value]=$GetExcelData("BIRTHDAY")
2017-03-21 14:32:00  [ pool-1-thread-26:3173 ] - [ INFO ]  表达式: [GetExcelData("hasSheBao")]开始解析...
2017-03-21 14:32:00  [ pool-1-thread-26:3174 ] - [ INFO ]  表达式: [GetExcelData("BIRTHDAY")]开始解析...
2017-03-21 14:32:00  [ pool-1-thread-26:3175 ] - [ INFO ]  表达式: [RDate("YYYY-MM-dd","-82/0/0")]开始解析...
2017-03-21 14:32:00  [ pool-1-thread-26:3226 ] - [ INFO ]  
表达式引擎解析后的参数: 
X-Requested-With=XMLHttpRequest|assortmentId=51252513&premium_params[AMOUNT][key]=AMOUNT&premium_params[AMOUNT][value]=1000000&premium_params[AMOUNT][type]=2&premium_params[AMOUNT][belong]=4&premium_params[EXPIRES][key]=EXPIRES&premium_params[EXPIRES][value]=1年&premium_params[EXPIRES][type]=3&premium_params[EXPIRES][belong]=3&premium_params[INSURANCE][key]=INSURANCE&premium_params[INSURANCE][type]=3&premium_params[INSURANCE][belong]=2&premium_params[BIRTHDAY][key]=BIRTHDAY&premium_params[BIRTHDAY][type]=3&premium_params[BIRTHDAY][belong]=2&premium_params[INSURANCE][value]=Y&premium_params[BIRTHDAY][value]=1935-03-21
2017-03-21 14:32:00  [ pool-1-thread-26:3230 ] - [ INFO ]  接口访问地址: http://mp.zhongan.com/health/iYunBao/common/apiGetPremium.html
2017-03-21 14:35:25  [ pool-1-thread-26:208498 ] - [ INFO ]  httpReponse:{"ret":-101,"msg":"参数错误","data":[]}
2017-03-21 14:38:54  [ pool-1-thread-26:417610 ] - [ INFO ]  bizcontent: {"ret":-101,"msg":"参数错误","data":[]}
2017-03-21 14:38:54  [ pool-1-thread-26:417832 ] - [ INFO ]  ---------当前用例执行完毕，用例编号:case001---------
2017-03-21 14:38:54  [ pool-1-thread-26:417832 ] - [ INFO ]  ---------当前用例执行开始，用例编号:case002,接口类型: HTTP
2017-03-21 14:38:55  [ pool-1-thread-26:418784 ] - [ INFO ]  
表达式引擎解析前的参数: 
X-Requested-With=XMLHttpRequest|assortmentId=51252513&premium_params[AMOUNT][key]=AMOUNT&premium_params[AMOUNT][value]=1000000&premium_params[AMOUNT][type]=2&premium_params[AMOUNT][belong]=4&premium_params[EXPIRES][key]=EXPIRES&premium_params[EXPIRES][value]=1年&premium_params[EXPIRES][type]=3&premium_params[EXPIRES][belong]=3&premium_params[INSURANCE][key]=INSURANCE&premium_params[INSURANCE][type]=3&premium_params[INSURANCE][belong]=2&premium_params[BIRTHDAY][key]=BIRTHDAY&premium_params[BIRTHDAY][type]=3&premium_params[BIRTHDAY][belong]=2&premium_params[INSURANCE][value]=$GetExcelData("hasSheBao")&premium_params[BIRTHDAY][value]=$GetExcelData("BIRTHDAY")
2017-03-21 14:38:55  [ pool-1-thread-26:418787 ] - [ INFO ]  表达式: [GetExcelData("hasSheBao")]开始解析...
2017-03-21 14:38:55  [ pool-1-thread-26:418788 ] - [ INFO ]  表达式: [GetExcelData("BIRTHDAY")]开始解析...
2017-03-21 14:38:55  [ pool-1-thread-26:418790 ] - [ INFO ]  表达式: [RDate("YYYY-MM-dd","-82/0/0")]开始解析...
2017-03-21 14:38:55  [ pool-1-thread-26:418795 ] - [ INFO ]  
表达式引擎解析后的参数: 
X-Requested-With=XMLHttpRequest|assortmentId=51252513&premium_params[AMOUNT][key]=AMOUNT&premium_params[AMOUNT][value]=1000000&premium_params[AMOUNT][type]=2&premium_params[AMOUNT][belong]=4&premium_params[EXPIRES][key]=EXPIRES&premium_params[EXPIRES][value]=1年&premium_params[EXPIRES][type]=3&premium_params[EXPIRES][belong]=3&premium_params[INSURANCE][key]=INSURANCE&premium_params[INSURANCE][type]=3&premium_params[INSURANCE][belong]=2&premium_params[BIRTHDAY][key]=BIRTHDAY&premium_params[BIRTHDAY][type]=3&premium_params[BIRTHDAY][belong]=2&premium_params[INSURANCE][value]=N&premium_params[BIRTHDAY][value]=1935-03-21
2017-03-21 14:38:55  [ pool-1-thread-26:418796 ] - [ INFO ]  接口访问地址: http://mp.zhongan.com/health/iYunBao/common/apiGetPremium.html
2017-03-21 14:39:01  [ pool-1-thread-26:424630 ] - [ INFO ]  httpReponse:{"ret":-101,"msg":"参数错误","data":[]}
