2017-03-21 11:34:53  [ main:0 ] - [ ERROR ]  [用例集开关]: D:\workspace\TestCase\测试\携程全产品.xlsx用例集开关 未包含 携程酒店取消险1
2017-03-21 11:34:53  [ main:6 ] - [ ERROR ]  [用例集开关]: D:\workspace\TestCase\测试\携程全产品.xlsx用例集开关 未包含 携程apply.do4
2017-03-21 11:34:53  [ main:7 ] - [ ERROR ]  [用例集开关]: D:\workspace\TestCase\测试\携程全产品.xlsx用例集开关 未包含 携程apply.do5
2017-03-21 11:34:53  [ main:9 ] - [ ERROR ]  [用例集开关]: D:\workspace\TestCase\测试\携程全产品.xlsx用例集开关 未包含 携程酒店取消险2
2017-03-21 11:34:53  [ main:15 ] - [ ERROR ]  [用例集开关]: D:\workspace\TestCase\测试\携程全产品.xlsx用例集开关 未包含 携程酒店取消险3
2017-03-21 11:34:53  [ main:16 ] - [ ERROR ]  [用例集开关]: D:\workspace\TestCase\测试\携程全产品.xlsx用例集开关 未包含 携程apply.do6
2017-03-21 11:34:53  [ main:32 ] - [ ERROR ]  [用例集开关]: D:\workspace\TestCase\测试\携程全产品.xlsx用例集开关 未包含 携程酒店取消险4
2017-03-21 11:34:53  [ main:34 ] - [ ERROR ]  [用例集开关]: D:\workspace\TestCase\测试\携程全产品.xlsx用例集开关 未包含 携程酒店取消险5
2017-03-21 11:34:53  [ main:37 ] - [ ERROR ]  [用例集开关]: D:\workspace\TestCase\测试\携程全产品.xlsx用例集开关 未包含 携程航空意外险5
2017-03-21 11:34:53  [ main:37 ] - [ ERROR ]  [用例集开关]: D:\workspace\TestCase\测试\携程全产品.xlsx用例集开关 未包含 携程航延险
2017-03-21 11:34:53  [ main:38 ] - [ ERROR ]  [用例集开关]: D:\workspace\TestCase\测试\携程全产品.xlsx用例集开关 未包含 携程航空意外险1
2017-03-21 11:34:53  [ main:41 ] - [ ERROR ]  [用例集开关]: D:\workspace\TestCase\测试\携程全产品.xlsx用例集开关 未包含 携程航空意外险2
2017-03-21 11:34:53  [ main:47 ] - [ ERROR ]  [用例集开关]: D:\workspace\TestCase\测试\携程全产品.xlsx用例集开关 未包含 携程账户安全险
2017-03-21 11:34:53  [ main:48 ] - [ ERROR ]  [用例集开关]: D:\workspace\TestCase\测试\携程全产品.xlsx用例集开关 未包含 携程航空意外险3
2017-03-21 11:34:53  [ main:49 ] - [ ERROR ]  [用例集开关]: D:\workspace\TestCase\测试\携程全产品.xlsx用例集开关 未包含 携程航空意外险4
2017-03-21 11:34:53  [ main:50 ] - [ ERROR ]  [用例集开关]: D:\workspace\TestCase\测试\携程全产品.xlsx用例集开关 未包含 携程旅游险5
2017-03-21 11:34:53  [ main:53 ] - [ ERROR ]  [用例集开关]: D:\workspace\TestCase\测试\携程全产品.xlsx用例集开关 未包含 携程迪斯尼1
2017-03-21 11:34:53  [ main:54 ] - [ ERROR ]  [用例集开关]: D:\workspace\TestCase\测试\携程全产品.xlsx用例集开关 未包含 携程旅游险1
2017-03-21 11:34:53  [ main:77 ] - [ ERROR ]  [用例集开关]: D:\workspace\TestCase\测试\携程全产品.xlsx用例集开关 未包含 携程铁路意外综合保险
2017-03-21 11:34:53  [ main:78 ] - [ ERROR ]  [用例集开关]: D:\workspace\TestCase\测试\携程全产品.xlsx用例集开关 未包含 携程旅游险2
2017-03-21 11:34:53  [ main:79 ] - [ ERROR ]  [用例集开关]: D:\workspace\TestCase\测试\携程全产品.xlsx用例集开关 未包含 携程apply.do1
2017-03-21 11:34:53  [ main:80 ] - [ ERROR ]  [用例集开关]: D:\workspace\TestCase\测试\携程全产品.xlsx用例集开关 未包含 携程旅游险3
2017-03-21 11:34:53  [ main:81 ] - [ ERROR ]  [用例集开关]: D:\workspace\TestCase\测试\携程全产品.xlsx用例集开关 未包含 携程apply.do2
2017-03-21 11:34:53  [ main:83 ] - [ ERROR ]  [用例集开关]: D:\workspace\TestCase\测试\携程全产品.xlsx用例集开关 未包含 携程旅游险4
2017-03-21 11:34:53  [ main:85 ] - [ ERROR ]  [用例集开关]: D:\workspace\TestCase\测试\携程全产品.xlsx用例集开关 未包含 携程apply.do3
2017-03-21 11:34:53  [ main:87 ] - [ ERROR ]  [用例集开关]: D:\workspace\TestCase\测试\携程全产品.xlsx用例集开关 未包含 携程机票旅行险
2017-03-21 11:34:53  [ pool-1-thread-9:214 ] - [ ERROR ]  [用例集开关]: D:\workspace\TestCase\测试\携程全产品.xlsx用例集开关 未包含 携程航空意外险5
2017-03-21 11:34:53  [ pool-1-thread-8:216 ] - [ ERROR ]  [用例集开关]: D:\workspace\TestCase\测试\携程全产品.xlsx用例集开关 未包含 携程酒店取消险5
2017-03-21 11:34:53  [ pool-1-thread-11:214 ] - [ ERROR ]  [用例集开关]: D:\workspace\TestCase\测试\携程全产品.xlsx用例集开关 未包含 携程航空意外险1
2017-03-21 11:34:53  [ pool-1-thread-25:217 ] - [ ERROR ]  [用例集开关]: D:\workspace\TestCase\测试\携程全产品.xlsx用例集开关 未包含 携程apply.do3
2017-03-21 11:34:53  [ pool-1-thread-15:219 ] - [ ERROR ]  [用例集开关]: D:\workspace\TestCase\测试\携程全产品.xlsx用例集开关 未包含 携程航空意外险4
2017-03-21 11:34:53  [ pool-1-thread-13:219 ] - [ ERROR ]  [用例集开关]: D:\workspace\TestCase\测试\携程全产品.xlsx用例集开关 未包含 携程账户安全险
2017-03-21 11:34:53  [ pool-1-thread-17:219 ] - [ ERROR ]  [用例集开关]: D:\workspace\TestCase\测试\携程全产品.xlsx用例集开关 未包含 携程迪斯尼1
2017-03-21 11:34:53  [ pool-1-thread-21:220 ] - [ ERROR ]  [用例集开关]: D:\workspace\TestCase\测试\携程全产品.xlsx用例集开关 未包含 携程apply.do1
2017-03-21 11:34:53  [ pool-1-thread-7:225 ] - [ ERROR ]  [用例集开关]: D:\workspace\TestCase\测试\携程全产品.xlsx用例集开关 未包含 携程酒店取消险4
2017-03-21 11:34:53  [ pool-1-thread-3:226 ] - [ ERROR ]  [用例集开关]: D:\workspace\TestCase\测试\携程全产品.xlsx用例集开关 未包含 携程apply.do5
2017-03-21 11:34:53  [ pool-1-thread-27:225 ] - [ ERROR ]  [用例集开关]: D:\workspace\TestCase\测试\携程全产品.xlsx用例集开关 未包含 携程机票旅行险
2017-03-21 11:34:53  [ pool-1-thread-23:225 ] - [ ERROR ]  [用例集开关]: D:\workspace\TestCase\测试\携程全产品.xlsx用例集开关 未包含 携程apply.do2
2017-03-21 11:34:53  [ pool-1-thread-19:225 ] - [ ERROR ]  [用例集开关]: D:\workspace\TestCase\测试\携程全产品.xlsx用例集开关 未包含 携程铁路意外综合保险
2017-03-21 11:34:53  [ pool-1-thread-2:235 ] - [ ERROR ]  [用例集开关]: D:\workspace\TestCase\测试\携程全产品.xlsx用例集开关 未包含 携程apply.do4
2017-03-21 11:34:53  [ pool-1-thread-6:236 ] - [ ERROR ]  [用例集开关]: D:\workspace\TestCase\测试\携程全产品.xlsx用例集开关 未包含 携程apply.do6
2017-03-21 11:34:53  [ pool-1-thread-10:236 ] - [ ERROR ]  [用例集开关]: D:\workspace\TestCase\测试\携程全产品.xlsx用例集开关 未包含 携程航延险
2017-03-21 11:34:53  [ pool-1-thread-14:236 ] - [ ERROR ]  [用例集开关]: D:\workspace\TestCase\测试\携程全产品.xlsx用例集开关 未包含 携程航空意外险3
2017-03-21 11:34:53  [ pool-1-thread-18:237 ] - [ ERROR ]  [用例集开关]: D:\workspace\TestCase\测试\携程全产品.xlsx用例集开关 未包含 携程旅游险1
2017-03-21 11:34:53  [ pool-1-thread-22:237 ] - [ ERROR ]  [用例集开关]: D:\workspace\TestCase\测试\携程全产品.xlsx用例集开关 未包含 携程旅游险3
2017-03-21 11:34:53  [ pool-1-thread-5:240 ] - [ ERROR ]  [用例集开关]: D:\workspace\TestCase\测试\携程全产品.xlsx用例集开关 未包含 携程酒店取消险3
2017-03-21 11:34:53  [ pool-1-thread-20:240 ] - [ ERROR ]  [用例集开关]: D:\workspace\TestCase\测试\携程全产品.xlsx用例集开关 未包含 携程旅游险2
2017-03-21 11:34:53  [ pool-1-thread-24:241 ] - [ ERROR ]  [用例集开关]: D:\workspace\TestCase\测试\携程全产品.xlsx用例集开关 未包含 携程旅游险4
2017-03-21 11:34:53  [ pool-1-thread-4:242 ] - [ ERROR ]  [用例集开关]: D:\workspace\TestCase\测试\携程全产品.xlsx用例集开关 未包含 携程酒店取消险2
2017-03-21 11:34:53  [ pool-1-thread-12:242 ] - [ ERROR ]  [用例集开关]: D:\workspace\TestCase\测试\携程全产品.xlsx用例集开关 未包含 携程航空意外险2
2017-03-21 11:34:53  [ pool-1-thread-16:243 ] - [ ERROR ]  [用例集开关]: D:\workspace\TestCase\测试\携程全产品.xlsx用例集开关 未包含 携程旅游险5
2017-03-21 11:34:53  [ pool-1-thread-1:245 ] - [ ERROR ]  [用例集开关]: D:\workspace\TestCase\测试\携程全产品.xlsx用例集开关 未包含 携程酒店取消险1
2017-03-21 11:34:53  [ pool-1-thread-9:275 ] - [ ERROR ]  [用例集开关]: D:\workspace\TestCase\测试\携程全产品.xlsx用例集开关 未包含 携程航空意外险5
2017-03-21 11:34:53  [ pool-1-thread-12:276 ] - [ ERROR ]  [用例集开关]: D:\workspace\TestCase\测试\携程全产品.xlsx用例集开关 未包含 携程航空意外险2
2017-03-21 11:34:53  [ pool-1-thread-4:277 ] - [ ERROR ]  [用例集开关]: D:\workspace\TestCase\测试\携程全产品.xlsx用例集开关 未包含 携程酒店取消险2
2017-03-21 11:34:53  [ pool-1-thread-16:277 ] - [ ERROR ]  [用例集开关]: D:\workspace\TestCase\测试\携程全产品.xlsx用例集开关 未包含 携程旅游险5
2017-03-21 11:34:53  [ pool-1-thread-25:283 ] - [ ERROR ]  [用例集开关]: D:\workspace\TestCase\测试\携程全产品.xlsx用例集开关 未包含 携程apply.do3
2017-03-21 11:34:53  [ pool-1-thread-1:283 ] - [ ERROR ]  [用例集开关]: D:\workspace\TestCase\测试\携程全产品.xlsx用例集开关 未包含 携程酒店取消险1
2017-03-21 11:34:53  [ pool-1-thread-11:284 ] - [ ERROR ]  [用例集开关]: D:\workspace\TestCase\测试\携程全产品.xlsx用例集开关 未包含 携程航空意外险1
2017-03-21 11:34:53  [ pool-1-thread-2:285 ] - [ ERROR ]  [用例集开关]: D:\workspace\TestCase\测试\携程全产品.xlsx用例集开关 未包含 携程apply.do4
2017-03-21 11:34:53  [ pool-1-thread-6:286 ] - [ ERROR ]  [用例集开关]: D:\workspace\TestCase\测试\携程全产品.xlsx用例集开关 未包含 携程apply.do6
2017-03-21 11:34:54  [ pool-1-thread-21:295 ] - [ ERROR ]  [用例集开关]: D:\workspace\TestCase\测试\携程全产品.xlsx用例集开关 未包含 携程apply.do1
2017-03-21 11:34:54  [ pool-1-thread-10:290 ] - [ ERROR ]  [用例集开关]: D:\workspace\TestCase\测试\携程全产品.xlsx用例集开关 未包含 携程航延险
2017-03-21 11:34:54  [ pool-1-thread-10:297 ] - [ ERROR ]  [用例集开关]: D:\workspace\TestCase\测试\携程全产品.xlsx用例集开关 未包含 携程航延险
2017-03-21 11:34:54  [ pool-1-thread-10:298 ] - [ ERROR ]  [用例集开关]: D:\workspace\TestCase\测试\携程全产品.xlsx用例集开关 未包含 携程航延险
2017-03-21 11:34:54  [ pool-1-thread-10:298 ] - [ ERROR ]  [用例集开关]: D:\workspace\TestCase\测试\携程全产品.xlsx用例集开关 未包含 携程航延险
2017-03-21 11:34:54  [ pool-1-thread-10:298 ] - [ ERROR ]  [用例集开关]: D:\workspace\TestCase\测试\携程全产品.xlsx用例集开关 未包含 携程航延险
2017-03-21 11:34:54  [ pool-1-thread-18:290 ] - [ ERROR ]  [用例集开关]: D:\workspace\TestCase\测试\携程全产品.xlsx用例集开关 未包含 携程旅游险1
2017-03-21 11:34:54  [ pool-1-thread-22:299 ] - [ ERROR ]  [用例集开关]: D:\workspace\TestCase\测试\携程全产品.xlsx用例集开关 未包含 携程旅游险3
2017-03-21 11:34:54  [ pool-1-thread-14:290 ] - [ ERROR ]  [用例集开关]: D:\workspace\TestCase\测试\携程全产品.xlsx用例集开关 未包含 携程航空意外险3
2017-03-21 11:34:54  [ pool-1-thread-17:301 ] - [ ERROR ]  [用例集开关]: D:\workspace\TestCase\测试\携程全产品.xlsx用例集开关 未包含 携程迪斯尼1
2017-03-21 11:34:54  [ pool-1-thread-17:301 ] - [ ERROR ]  [用例集开关]: D:\workspace\TestCase\测试\携程全产品.xlsx用例集开关 未包含 携程迪斯尼1
2017-03-21 11:34:54  [ pool-1-thread-17:301 ] - [ ERROR ]  [用例集开关]: D:\workspace\TestCase\测试\携程全产品.xlsx用例集开关 未包含 携程迪斯尼1
2017-03-21 11:34:54  [ pool-1-thread-17:302 ] - [ ERROR ]  [用例集开关]: D:\workspace\TestCase\测试\携程全产品.xlsx用例集开关 未包含 携程迪斯尼1
2017-03-21 11:34:54  [ pool-1-thread-17:303 ] - [ ERROR ]  [用例集开关]: D:\workspace\TestCase\测试\携程全产品.xlsx用例集开关 未包含 携程迪斯尼1
2017-03-21 11:34:54  [ pool-1-thread-17:303 ] - [ ERROR ]  [用例集开关]: D:\workspace\TestCase\测试\携程全产品.xlsx用例集开关 未包含 携程迪斯尼1
2017-03-21 11:34:54  [ pool-1-thread-17:303 ] - [ ERROR ]  [用例集开关]: D:\workspace\TestCase\测试\携程全产品.xlsx用例集开关 未包含 携程迪斯尼1
2017-03-21 11:34:54  [ pool-1-thread-5:304 ] - [ ERROR ]  [用例集开关]: D:\workspace\TestCase\测试\携程全产品.xlsx用例集开关 未包含 携程酒店取消险3
2017-03-21 11:34:54  [ pool-1-thread-24:307 ] - [ ERROR ]  [用例集开关]: D:\workspace\TestCase\测试\携程全产品.xlsx用例集开关 未包含 携程旅游险4
2017-03-21 11:34:54  [ pool-1-thread-8:312 ] - [ ERROR ]  [用例集开关]: D:\workspace\TestCase\测试\携程全产品.xlsx用例集开关 未包含 携程酒店取消险5
2017-03-21 11:34:54  [ pool-1-thread-20:312 ] - [ ERROR ]  [用例集开关]: D:\workspace\TestCase\测试\携程全产品.xlsx用例集开关 未包含 携程旅游险2
2017-03-21 11:34:54  [ pool-1-thread-7:320 ] - [ ERROR ]  [用例集开关]: D:\workspace\TestCase\测试\携程全产品.xlsx用例集开关 未包含 携程酒店取消险4
2017-03-21 11:34:54  [ pool-1-thread-3:320 ] - [ ERROR ]  [用例集开关]: D:\workspace\TestCase\测试\携程全产品.xlsx用例集开关 未包含 携程apply.do5
2017-03-21 11:34:54  [ pool-1-thread-19:320 ] - [ ERROR ]  [用例集开关]: D:\workspace\TestCase\测试\携程全产品.xlsx用例集开关 未包含 携程铁路意外综合保险
2017-03-21 11:34:54  [ pool-1-thread-23:320 ] - [ ERROR ]  [用例集开关]: D:\workspace\TestCase\测试\携程全产品.xlsx用例集开关 未包含 携程apply.do2
2017-03-21 11:34:54  [ pool-1-thread-27:320 ] - [ ERROR ]  [用例集开关]: D:\workspace\TestCase\测试\携程全产品.xlsx用例集开关 未包含 携程机票旅行险
2017-03-21 11:34:54  [ pool-1-thread-27:322 ] - [ ERROR ]  [用例集开关]: D:\workspace\TestCase\测试\携程全产品.xlsx用例集开关 未包含 携程机票旅行险
2017-03-21 11:34:54  [ pool-1-thread-27:322 ] - [ ERROR ]  [用例集开关]: D:\workspace\TestCase\测试\携程全产品.xlsx用例集开关 未包含 携程机票旅行险
2017-03-21 11:34:54  [ pool-1-thread-27:322 ] - [ ERROR ]  [用例集开关]: D:\workspace\TestCase\测试\携程全产品.xlsx用例集开关 未包含 携程机票旅行险
2017-03-21 11:34:54  [ pool-1-thread-27:322 ] - [ ERROR ]  [用例集开关]: D:\workspace\TestCase\测试\携程全产品.xlsx用例集开关 未包含 携程机票旅行险
2017-03-21 11:34:54  [ pool-1-thread-27:323 ] - [ ERROR ]  [用例集开关]: D:\workspace\TestCase\测试\携程全产品.xlsx用例集开关 未包含 携程机票旅行险
2017-03-21 11:34:54  [ pool-1-thread-27:323 ] - [ ERROR ]  [用例集开关]: D:\workspace\TestCase\测试\携程全产品.xlsx用例集开关 未包含 携程机票旅行险
2017-03-21 11:34:54  [ pool-1-thread-27:323 ] - [ ERROR ]  [用例集开关]: D:\workspace\TestCase\测试\携程全产品.xlsx用例集开关 未包含 携程机票旅行险
2017-03-21 11:34:54  [ pool-1-thread-27:323 ] - [ ERROR ]  [用例集开关]: D:\workspace\TestCase\测试\携程全产品.xlsx用例集开关 未包含 携程机票旅行险
2017-03-21 11:34:54  [ pool-1-thread-15:321 ] - [ ERROR ]  [用例集开关]: D:\workspace\TestCase\测试\携程全产品.xlsx用例集开关 未包含 携程航空意外险4
2017-03-21 11:34:54  [ pool-1-thread-26:345 ] - [ INFO ]  ---------当前用例执行开始，用例编号:case001,接口类型: HTTP
2017-03-21 11:34:57  [ pool-1-thread-26:3456 ] - [ INFO ]  
表达式引擎解析前的参数: 
X-Requested-With=XMLHttpRequest|assortmentId=51252513&premium_params[AMOUNT][key]=AMOUNT&premium_params[AMOUNT][value]=1000000&premium_params[AMOUNT][type]=2&premium_params[AMOUNT][belong]=4&premium_params[EXPIRES][key]=EXPIRES&premium_params[EXPIRES][value]=1年&premium_params[EXPIRES][type]=3&premium_params[EXPIRES][belong]=3&premium_params[INSURANCE][key]=INSURANCE&premium_params[INSURANCE][type]=3&premium_params[INSURANCE][belong]=2&premium_params[BIRTHDAY][key]=BIRTHDAY&premium_params[BIRTHDAY][type]=3&premium_params[BIRTHDAY][belong]=2&premium_params[INSURANCE][value]=$GetExcelData("hasSheBao")&premium_params[BIRTHDAY][value]=$GetExcelData("BIRTHDAY")
2017-03-21 11:35:05  [ pool-1-thread-26:12229 ] - [ INFO ]  表达式: [GetExcelData("hasSheBao")]开始解析...
2017-03-21 11:35:05  [ pool-1-thread-26:12230 ] - [ INFO ]  表达式: [GetExcelData("BIRTHDAY")]开始解析...
2017-03-21 11:35:09  [ pool-1-thread-26:15339 ] - [ INFO ]  表达式: [RDate("YYYY-MM-dd","-82/0/0")]开始解析...
2017-03-21 11:35:09  [ pool-1-thread-26:15399 ] - [ INFO ]  
表达式引擎解析后的参数: 
X-Requested-With=XMLHttpRequest|assortmentId=51252513&premium_params[AMOUNT][key]=AMOUNT&premium_params[AMOUNT][value]=1000000&premium_params[AMOUNT][type]=2&premium_params[AMOUNT][belong]=4&premium_params[EXPIRES][key]=EXPIRES&premium_params[EXPIRES][value]=1年&premium_params[EXPIRES][type]=3&premium_params[EXPIRES][belong]=3&premium_params[INSURANCE][key]=INSURANCE&premium_params[INSURANCE][type]=3&premium_params[INSURANCE][belong]=2&premium_params[BIRTHDAY][key]=BIRTHDAY&premium_params[BIRTHDAY][type]=3&premium_params[BIRTHDAY][belong]=2&premium_params[INSURANCE][value]=Y&premium_params[BIRTHDAY][value]=1935-03-21
2017-03-21 11:35:09  [ pool-1-thread-26:15403 ] - [ INFO ]  接口访问地址: http://mp.zhongan.com/health/iYunBao/common/apiGetPremium.html
2017-03-21 11:35:42  [ pool-1-thread-26:48459 ] - [ INFO ]  httpReponse:{"ret":-9999,"msg":"服务错误","data":[]}
2017-03-21 11:36:32  [ pool-1-thread-26:98636 ] - [ INFO ]  请求地址：http://mp.zhongan.com/health/iYunBao/common/apiGetPremium.html
2017-03-21 11:36:32  [ pool-1-thread-26:98636 ] - [ INFO ]  字符编码：utf-8
2017-03-21 11:39:05  [ pool-1-thread-26:251447 ] - [ INFO ]  bizcontent: {"ret":-101,"msg":"被保人的年龄不符合投保规则，请详阅投保须知","data":[]}

2017-03-21 11:39:05  [ pool-1-thread-26:251661 ] - [ INFO ]  ---------当前用例执行完毕，用例编号:case001---------
2017-03-21 11:39:05  [ pool-1-thread-26:251662 ] - [ INFO ]  ---------当前用例执行开始，用例编号:case002,接口类型: HTTP
