2017-03-21 14:30:53  [ main:0 ] - [ ERROR ]  [用例集开关]: D:\workspace\TestCase\测试\携程全产品.xlsx用例集开关 未包含 携程酒店取消险1
2017-03-21 14:30:53  [ main:4 ] - [ ERROR ]  [用例集开关]: D:\workspace\TestCase\测试\携程全产品.xlsx用例集开关 未包含 携程apply.do4
2017-03-21 14:30:53  [ main:5 ] - [ ERROR ]  [用例集开关]: D:\workspace\TestCase\测试\携程全产品.xlsx用例集开关 未包含 携程apply.do5
2017-03-21 14:30:53  [ main:7 ] - [ ERROR ]  [用例集开关]: D:\workspace\TestCase\测试\携程全产品.xlsx用例集开关 未包含 携程酒店取消险2
2017-03-21 14:30:53  [ main:8 ] - [ ERROR ]  [用例集开关]: D:\workspace\TestCase\测试\携程全产品.xlsx用例集开关 未包含 携程酒店取消险3
2017-03-21 14:30:53  [ main:16 ] - [ ERROR ]  [用例集开关]: D:\workspace\TestCase\测试\携程全产品.xlsx用例集开关 未包含 携程apply.do6
2017-03-21 14:30:53  [ main:17 ] - [ ERROR ]  [用例集开关]: D:\workspace\TestCase\测试\携程全产品.xlsx用例集开关 未包含 携程酒店取消险4
2017-03-21 14:30:53  [ main:19 ] - [ ERROR ]  [用例集开关]: D:\workspace\TestCase\测试\携程全产品.xlsx用例集开关 未包含 携程酒店取消险5
2017-03-21 14:30:53  [ main:20 ] - [ ERROR ]  [用例集开关]: D:\workspace\TestCase\测试\携程全产品.xlsx用例集开关 未包含 携程航空意外险5
2017-03-21 14:30:53  [ main:21 ] - [ ERROR ]  [用例集开关]: D:\workspace\TestCase\测试\携程全产品.xlsx用例集开关 未包含 携程航延险
2017-03-21 14:30:53  [ main:23 ] - [ ERROR ]  [用例集开关]: D:\workspace\TestCase\测试\携程全产品.xlsx用例集开关 未包含 携程航空意外险1
2017-03-21 14:30:53  [ main:24 ] - [ ERROR ]  [用例集开关]: D:\workspace\TestCase\测试\携程全产品.xlsx用例集开关 未包含 携程航空意外险2
2017-03-21 14:30:53  [ main:25 ] - [ ERROR ]  [用例集开关]: D:\workspace\TestCase\测试\携程全产品.xlsx用例集开关 未包含 携程账户安全险
2017-03-21 14:30:53  [ main:26 ] - [ ERROR ]  [用例集开关]: D:\workspace\TestCase\测试\携程全产品.xlsx用例集开关 未包含 携程航空意外险3
2017-03-21 14:30:53  [ main:26 ] - [ ERROR ]  [用例集开关]: D:\workspace\TestCase\测试\携程全产品.xlsx用例集开关 未包含 携程航空意外险4
2017-03-21 14:30:53  [ main:28 ] - [ ERROR ]  [用例集开关]: D:\workspace\TestCase\测试\携程全产品.xlsx用例集开关 未包含 携程旅游险5
2017-03-21 14:30:53  [ main:33 ] - [ ERROR ]  [用例集开关]: D:\workspace\TestCase\测试\携程全产品.xlsx用例集开关 未包含 携程迪斯尼1
2017-03-21 14:30:53  [ main:38 ] - [ ERROR ]  [用例集开关]: D:\workspace\TestCase\测试\携程全产品.xlsx用例集开关 未包含 携程旅游险1
2017-03-21 14:30:53  [ main:39 ] - [ ERROR ]  [用例集开关]: D:\workspace\TestCase\测试\携程全产品.xlsx用例集开关 未包含 携程铁路意外综合保险
2017-03-21 14:30:53  [ main:40 ] - [ ERROR ]  [用例集开关]: D:\workspace\TestCase\测试\携程全产品.xlsx用例集开关 未包含 携程旅游险2
2017-03-21 14:30:53  [ main:41 ] - [ ERROR ]  [用例集开关]: D:\workspace\TestCase\测试\携程全产品.xlsx用例集开关 未包含 携程apply.do1
2017-03-21 14:30:53  [ main:42 ] - [ ERROR ]  [用例集开关]: D:\workspace\TestCase\测试\携程全产品.xlsx用例集开关 未包含 携程旅游险3
2017-03-21 14:30:53  [ main:43 ] - [ ERROR ]  [用例集开关]: D:\workspace\TestCase\测试\携程全产品.xlsx用例集开关 未包含 携程apply.do2
2017-03-21 14:30:53  [ main:43 ] - [ ERROR ]  [用例集开关]: D:\workspace\TestCase\测试\携程全产品.xlsx用例集开关 未包含 携程旅游险4
2017-03-21 14:30:53  [ main:44 ] - [ ERROR ]  [用例集开关]: D:\workspace\TestCase\测试\携程全产品.xlsx用例集开关 未包含 携程apply.do3
2017-03-21 14:30:53  [ main:46 ] - [ ERROR ]  [用例集开关]: D:\workspace\TestCase\测试\携程全产品.xlsx用例集开关 未包含 携程机票旅行险
2017-03-21 14:30:53  [ pool-1-thread-2:126 ] - [ ERROR ]  [用例集开关]: D:\workspace\TestCase\测试\携程全产品.xlsx用例集开关 未包含 携程apply.do4
2017-03-21 14:30:53  [ pool-1-thread-1:128 ] - [ ERROR ]  [用例集开关]: D:\workspace\TestCase\测试\携程全产品.xlsx用例集开关 未包含 携程酒店取消险1
2017-03-21 14:30:53  [ pool-1-thread-19:130 ] - [ ERROR ]  [用例集开关]: D:\workspace\TestCase\测试\携程全产品.xlsx用例集开关 未包含 携程铁路意外综合保险
2017-03-21 14:30:53  [ pool-1-thread-11:134 ] - [ ERROR ]  [用例集开关]: D:\workspace\TestCase\测试\携程全产品.xlsx用例集开关 未包含 携程航空意外险1
2017-03-21 14:30:53  [ pool-1-thread-23:139 ] - [ ERROR ]  [用例集开关]: D:\workspace\TestCase\测试\携程全产品.xlsx用例集开关 未包含 携程apply.do2
2017-03-21 14:30:53  [ pool-1-thread-15:143 ] - [ ERROR ]  [用例集开关]: D:\workspace\TestCase\测试\携程全产品.xlsx用例集开关 未包含 携程航空意外险4
2017-03-21 14:30:53  [ pool-1-thread-27:146 ] - [ ERROR ]  [用例集开关]: D:\workspace\TestCase\测试\携程全产品.xlsx用例集开关 未包含 携程机票旅行险
2017-03-21 14:30:53  [ pool-1-thread-6:146 ] - [ ERROR ]  [用例集开关]: D:\workspace\TestCase\测试\携程全产品.xlsx用例集开关 未包含 携程apply.do6
2017-03-21 14:30:53  [ pool-1-thread-10:146 ] - [ ERROR ]  [用例集开关]: D:\workspace\TestCase\测试\携程全产品.xlsx用例集开关 未包含 携程航延险
2017-03-21 14:30:53  [ pool-1-thread-10:151 ] - [ ERROR ]  [用例集开关]: D:\workspace\TestCase\测试\携程全产品.xlsx用例集开关 未包含 携程航延险
2017-03-21 14:30:53  [ pool-1-thread-10:151 ] - [ ERROR ]  [用例集开关]: D:\workspace\TestCase\测试\携程全产品.xlsx用例集开关 未包含 携程航延险
2017-03-21 14:30:53  [ pool-1-thread-10:151 ] - [ ERROR ]  [用例集开关]: D:\workspace\TestCase\测试\携程全产品.xlsx用例集开关 未包含 携程航延险
2017-03-21 14:30:53  [ pool-1-thread-10:152 ] - [ ERROR ]  [用例集开关]: D:\workspace\TestCase\测试\携程全产品.xlsx用例集开关 未包含 携程航延险
2017-03-21 14:30:53  [ pool-1-thread-10:152 ] - [ ERROR ]  [用例集开关]: D:\workspace\TestCase\测试\携程全产品.xlsx用例集开关 未包含 携程航延险
2017-03-21 14:30:53  [ pool-1-thread-6:151 ] - [ ERROR ]  [用例集开关]: D:\workspace\TestCase\测试\携程全产品.xlsx用例集开关 未包含 携程apply.do6
2017-03-21 14:30:53  [ pool-1-thread-2:150 ] - [ ERROR ]  [用例集开关]: D:\workspace\TestCase\测试\携程全产品.xlsx用例集开关 未包含 携程apply.do4
2017-03-21 14:30:53  [ pool-1-thread-4:149 ] - [ ERROR ]  [用例集开关]: D:\workspace\TestCase\测试\携程全产品.xlsx用例集开关 未包含 携程酒店取消险2
2017-03-21 14:30:53  [ pool-1-thread-4:155 ] - [ ERROR ]  [用例集开关]: D:\workspace\TestCase\测试\携程全产品.xlsx用例集开关 未包含 携程酒店取消险2
2017-03-21 14:30:53  [ pool-1-thread-16:149 ] - [ ERROR ]  [用例集开关]: D:\workspace\TestCase\测试\携程全产品.xlsx用例集开关 未包含 携程旅游险5
2017-03-21 14:30:53  [ pool-1-thread-16:156 ] - [ ERROR ]  [用例集开关]: D:\workspace\TestCase\测试\携程全产品.xlsx用例集开关 未包含 携程旅游险5
2017-03-21 14:30:53  [ pool-1-thread-18:149 ] - [ ERROR ]  [用例集开关]: D:\workspace\TestCase\测试\携程全产品.xlsx用例集开关 未包含 携程旅游险1
2017-03-21 14:30:53  [ pool-1-thread-18:157 ] - [ ERROR ]  [用例集开关]: D:\workspace\TestCase\测试\携程全产品.xlsx用例集开关 未包含 携程旅游险1
2017-03-21 14:30:53  [ pool-1-thread-13:149 ] - [ ERROR ]  [用例集开关]: D:\workspace\TestCase\测试\携程全产品.xlsx用例集开关 未包含 携程账户安全险
2017-03-21 14:30:53  [ pool-1-thread-9:149 ] - [ ERROR ]  [用例集开关]: D:\workspace\TestCase\测试\携程全产品.xlsx用例集开关 未包含 携程航空意外险5
2017-03-21 14:30:53  [ pool-1-thread-9:184 ] - [ ERROR ]  [用例集开关]: D:\workspace\TestCase\测试\携程全产品.xlsx用例集开关 未包含 携程航空意外险5
2017-03-21 14:30:53  [ pool-1-thread-20:149 ] - [ ERROR ]  [用例集开关]: D:\workspace\TestCase\测试\携程全产品.xlsx用例集开关 未包含 携程旅游险2
2017-03-21 14:30:53  [ pool-1-thread-20:185 ] - [ ERROR ]  [用例集开关]: D:\workspace\TestCase\测试\携程全产品.xlsx用例集开关 未包含 携程旅游险2
2017-03-21 14:30:53  [ pool-1-thread-5:149 ] - [ ERROR ]  [用例集开关]: D:\workspace\TestCase\测试\携程全产品.xlsx用例集开关 未包含 携程酒店取消险3
2017-03-21 14:30:53  [ pool-1-thread-5:187 ] - [ ERROR ]  [用例集开关]: D:\workspace\TestCase\测试\携程全产品.xlsx用例集开关 未包含 携程酒店取消险3
2017-03-21 14:30:53  [ pool-1-thread-12:149 ] - [ ERROR ]  [用例集开关]: D:\workspace\TestCase\测试\携程全产品.xlsx用例集开关 未包含 携程航空意外险2
2017-03-21 14:30:53  [ pool-1-thread-12:188 ] - [ ERROR ]  [用例集开关]: D:\workspace\TestCase\测试\携程全产品.xlsx用例集开关 未包含 携程航空意外险2
2017-03-21 14:30:53  [ pool-1-thread-8:149 ] - [ ERROR ]  [用例集开关]: D:\workspace\TestCase\测试\携程全产品.xlsx用例集开关 未包含 携程酒店取消险5
2017-03-21 14:30:53  [ pool-1-thread-8:189 ] - [ ERROR ]  [用例集开关]: D:\workspace\TestCase\测试\携程全产品.xlsx用例集开关 未包含 携程酒店取消险5
2017-03-21 14:30:53  [ pool-1-thread-14:149 ] - [ ERROR ]  [用例集开关]: D:\workspace\TestCase\测试\携程全产品.xlsx用例集开关 未包含 携程航空意外险3
2017-03-21 14:30:53  [ pool-1-thread-14:190 ] - [ ERROR ]  [用例集开关]: D:\workspace\TestCase\测试\携程全产品.xlsx用例集开关 未包含 携程航空意外险3
2017-03-21 14:30:53  [ pool-1-thread-22:149 ] - [ ERROR ]  [用例集开关]: D:\workspace\TestCase\测试\携程全产品.xlsx用例集开关 未包含 携程旅游险3
2017-03-21 14:30:53  [ pool-1-thread-22:190 ] - [ ERROR ]  [用例集开关]: D:\workspace\TestCase\测试\携程全产品.xlsx用例集开关 未包含 携程旅游险3
2017-03-21 14:30:53  [ pool-1-thread-24:149 ] - [ ERROR ]  [用例集开关]: D:\workspace\TestCase\测试\携程全产品.xlsx用例集开关 未包含 携程旅游险4
2017-03-21 14:30:53  [ pool-1-thread-24:191 ] - [ ERROR ]  [用例集开关]: D:\workspace\TestCase\测试\携程全产品.xlsx用例集开关 未包含 携程旅游险4
2017-03-21 14:30:53  [ pool-1-thread-17:149 ] - [ ERROR ]  [用例集开关]: D:\workspace\TestCase\测试\携程全产品.xlsx用例集开关 未包含 携程迪斯尼1
2017-03-21 14:30:53  [ pool-1-thread-17:192 ] - [ ERROR ]  [用例集开关]: D:\workspace\TestCase\测试\携程全产品.xlsx用例集开关 未包含 携程迪斯尼1
2017-03-21 14:30:53  [ pool-1-thread-17:192 ] - [ ERROR ]  [用例集开关]: D:\workspace\TestCase\测试\携程全产品.xlsx用例集开关 未包含 携程迪斯尼1
2017-03-21 14:30:53  [ pool-1-thread-17:194 ] - [ ERROR ]  [用例集开关]: D:\workspace\TestCase\测试\携程全产品.xlsx用例集开关 未包含 携程迪斯尼1
2017-03-21 14:30:53  [ pool-1-thread-17:194 ] - [ ERROR ]  [用例集开关]: D:\workspace\TestCase\测试\携程全产品.xlsx用例集开关 未包含 携程迪斯尼1
2017-03-21 14:30:53  [ pool-1-thread-17:194 ] - [ ERROR ]  [用例集开关]: D:\workspace\TestCase\测试\携程全产品.xlsx用例集开关 未包含 携程迪斯尼1
2017-03-21 14:30:53  [ pool-1-thread-17:195 ] - [ ERROR ]  [用例集开关]: D:\workspace\TestCase\测试\携程全产品.xlsx用例集开关 未包含 携程迪斯尼1
2017-03-21 14:30:53  [ pool-1-thread-17:195 ] - [ ERROR ]  [用例集开关]: D:\workspace\TestCase\测试\携程全产品.xlsx用例集开关 未包含 携程迪斯尼1
2017-03-21 14:30:53  [ pool-1-thread-21:148 ] - [ ERROR ]  [用例集开关]: D:\workspace\TestCase\测试\携程全产品.xlsx用例集开关 未包含 携程apply.do1
2017-03-21 14:30:53  [ pool-1-thread-21:196 ] - [ ERROR ]  [用例集开关]: D:\workspace\TestCase\测试\携程全产品.xlsx用例集开关 未包含 携程apply.do1
2017-03-21 14:30:53  [ pool-1-thread-25:148 ] - [ ERROR ]  [用例集开关]: D:\workspace\TestCase\测试\携程全产品.xlsx用例集开关 未包含 携程apply.do3
2017-03-21 14:30:53  [ pool-1-thread-25:197 ] - [ ERROR ]  [用例集开关]: D:\workspace\TestCase\测试\携程全产品.xlsx用例集开关 未包含 携程apply.do3
2017-03-21 14:30:53  [ pool-1-thread-3:148 ] - [ ERROR ]  [用例集开关]: D:\workspace\TestCase\测试\携程全产品.xlsx用例集开关 未包含 携程apply.do5
2017-03-21 14:30:53  [ pool-1-thread-3:199 ] - [ ERROR ]  [用例集开关]: D:\workspace\TestCase\测试\携程全产品.xlsx用例集开关 未包含 携程apply.do5
2017-03-21 14:30:53  [ pool-1-thread-1:158 ] - [ ERROR ]  [用例集开关]: D:\workspace\TestCase\测试\携程全产品.xlsx用例集开关 未包含 携程酒店取消险1
2017-03-21 14:30:53  [ pool-1-thread-26:158 ] - [ INFO ]  ---------当前用例执行开始，用例编号:case001,接口类型: HTTP
2017-03-21 14:30:53  [ pool-1-thread-23:158 ] - [ ERROR ]  [用例集开关]: D:\workspace\TestCase\测试\携程全产品.xlsx用例集开关 未包含 携程apply.do2
2017-03-21 14:30:53  [ pool-1-thread-15:158 ] - [ ERROR ]  [用例集开关]: D:\workspace\TestCase\测试\携程全产品.xlsx用例集开关 未包含 携程航空意外险4
2017-03-21 14:30:53  [ pool-1-thread-27:158 ] - [ ERROR ]  [用例集开关]: D:\workspace\TestCase\测试\携程全产品.xlsx用例集开关 未包含 携程机票旅行险
2017-03-21 14:30:53  [ pool-1-thread-27:275 ] - [ ERROR ]  [用例集开关]: D:\workspace\TestCase\测试\携程全产品.xlsx用例集开关 未包含 携程机票旅行险
2017-03-21 14:30:53  [ pool-1-thread-27:276 ] - [ ERROR ]  [用例集开关]: D:\workspace\TestCase\测试\携程全产品.xlsx用例集开关 未包含 携程机票旅行险
2017-03-21 14:30:53  [ pool-1-thread-27:276 ] - [ ERROR ]  [用例集开关]: D:\workspace\TestCase\测试\携程全产品.xlsx用例集开关 未包含 携程机票旅行险
2017-03-21 14:30:53  [ pool-1-thread-27:281 ] - [ ERROR ]  [用例集开关]: D:\workspace\TestCase\测试\携程全产品.xlsx用例集开关 未包含 携程机票旅行险
2017-03-21 14:30:53  [ pool-1-thread-27:282 ] - [ ERROR ]  [用例集开关]: D:\workspace\TestCase\测试\携程全产品.xlsx用例集开关 未包含 携程机票旅行险
2017-03-21 14:30:53  [ pool-1-thread-27:282 ] - [ ERROR ]  [用例集开关]: D:\workspace\TestCase\测试\携程全产品.xlsx用例集开关 未包含 携程机票旅行险
2017-03-21 14:30:53  [ pool-1-thread-27:283 ] - [ ERROR ]  [用例集开关]: D:\workspace\TestCase\测试\携程全产品.xlsx用例集开关 未包含 携程机票旅行险
2017-03-21 14:30:53  [ pool-1-thread-27:283 ] - [ ERROR ]  [用例集开关]: D:\workspace\TestCase\测试\携程全产品.xlsx用例集开关 未包含 携程机票旅行险
2017-03-21 14:30:53  [ pool-1-thread-7:157 ] - [ ERROR ]  [用例集开关]: D:\workspace\TestCase\测试\携程全产品.xlsx用例集开关 未包含 携程酒店取消险4
2017-03-21 14:30:53  [ pool-1-thread-7:284 ] - [ ERROR ]  [用例集开关]: D:\workspace\TestCase\测试\携程全产品.xlsx用例集开关 未包含 携程酒店取消险4
2017-03-21 14:30:53  [ pool-1-thread-11:157 ] - [ ERROR ]  [用例集开关]: D:\workspace\TestCase\测试\携程全产品.xlsx用例集开关 未包含 携程航空意外险1
2017-03-21 14:30:53  [ pool-1-thread-19:155 ] - [ ERROR ]  [用例集开关]: D:\workspace\TestCase\测试\携程全产品.xlsx用例集开关 未包含 携程铁路意外综合保险
2017-03-21 14:30:53  [ pool-1-thread-26:294 ] - [ INFO ]  
表达式引擎解析前的参数: 
X-Requested-With=XMLHttpRequest|assortmentId=51252513&premium_params[AMOUNT][key]=AMOUNT&premium_params[AMOUNT][value]=1000000&premium_params[AMOUNT][type]=2&premium_params[AMOUNT][belong]=4&premium_params[EXPIRES][key]=EXPIRES&premium_params[EXPIRES][value]=1年&premium_params[EXPIRES][type]=3&premium_params[EXPIRES][belong]=3&premium_params[INSURANCE][key]=INSURANCE&premium_params[INSURANCE][type]=3&premium_params[INSURANCE][belong]=2&premium_params[BIRTHDAY][key]=BIRTHDAY&premium_params[BIRTHDAY][type]=3&premium_params[BIRTHDAY][belong]=2&premium_params[INSURANCE][value]=$GetExcelData("hasSheBao")&premium_params[BIRTHDAY][value]=$GetExcelData("BIRTHDAY")
2017-03-21 14:30:53  [ pool-1-thread-26:414 ] - [ INFO ]  表达式: [GetExcelData("hasSheBao")]开始解析...
2017-03-21 14:30:53  [ pool-1-thread-26:415 ] - [ INFO ]  表达式: [GetExcelData("BIRTHDAY")]开始解析...
2017-03-21 14:30:53  [ pool-1-thread-26:423 ] - [ INFO ]  表达式: [RDate("YYYY-MM-dd","-82/0/0")]开始解析...
2017-03-21 14:30:53  [ pool-1-thread-26:491 ] - [ INFO ]  
表达式引擎解析后的参数: 
X-Requested-With=XMLHttpRequest|assortmentId=51252513&premium_params[AMOUNT][key]=AMOUNT&premium_params[AMOUNT][value]=1000000&premium_params[AMOUNT][type]=2&premium_params[AMOUNT][belong]=4&premium_params[EXPIRES][key]=EXPIRES&premium_params[EXPIRES][value]=1年&premium_params[EXPIRES][type]=3&premium_params[EXPIRES][belong]=3&premium_params[INSURANCE][key]=INSURANCE&premium_params[INSURANCE][type]=3&premium_params[INSURANCE][belong]=2&premium_params[BIRTHDAY][key]=BIRTHDAY&premium_params[BIRTHDAY][type]=3&premium_params[BIRTHDAY][belong]=2&premium_params[INSURANCE][value]=Y&premium_params[BIRTHDAY][value]=1935-03-21
2017-03-21 14:30:53  [ pool-1-thread-26:512 ] - [ INFO ]  接口访问地址: http://mp.zhongan.com/health/iYunBao/common/apiGetPremium.html
2017-03-21 14:30:54  [ pool-1-thread-26:1359 ] - [ INFO ]  httpReponse:{"ret":-101,"msg":"参数错误","data":[]}
2017-03-21 14:30:54  [ pool-1-thread-26:1359 ] - [ INFO ]  bizcontent: {"ret":-101,"msg":"参数错误","data":[]}
2017-03-21 14:30:54  [ pool-1-thread-26:1539 ] - [ INFO ]  ---------当前用例执行完毕，用例编号:case001---------
2017-03-21 14:30:54  [ pool-1-thread-26:1540 ] - [ INFO ]  ---------当前用例执行开始，用例编号:case002,接口类型: HTTP
2017-03-21 14:30:54  [ pool-1-thread-26:1540 ] - [ INFO ]  
表达式引擎解析前的参数: 
X-Requested-With=XMLHttpRequest|assortmentId=51252513&premium_params[AMOUNT][key]=AMOUNT&premium_params[AMOUNT][value]=1000000&premium_params[AMOUNT][type]=2&premium_params[AMOUNT][belong]=4&premium_params[EXPIRES][key]=EXPIRES&premium_params[EXPIRES][value]=1年&premium_params[EXPIRES][type]=3&premium_params[EXPIRES][belong]=3&premium_params[INSURANCE][key]=INSURANCE&premium_params[INSURANCE][type]=3&premium_params[INSURANCE][belong]=2&premium_params[BIRTHDAY][key]=BIRTHDAY&premium_params[BIRTHDAY][type]=3&premium_params[BIRTHDAY][belong]=2&premium_params[INSURANCE][value]=$GetExcelData("hasSheBao")&premium_params[BIRTHDAY][value]=$GetExcelData("BIRTHDAY")
2017-03-21 14:30:54  [ pool-1-thread-26:1541 ] - [ INFO ]  表达式: [GetExcelData("hasSheBao")]开始解析...
2017-03-21 14:30:54  [ pool-1-thread-26:1541 ] - [ INFO ]  表达式: [GetExcelData("BIRTHDAY")]开始解析...
2017-03-21 14:30:54  [ pool-1-thread-26:1549 ] - [ INFO ]  表达式: [RDate("YYYY-MM-dd","-82/0/0")]开始解析...
2017-03-21 14:30:54  [ pool-1-thread-26:1552 ] - [ INFO ]  
表达式引擎解析后的参数: 
X-Requested-With=XMLHttpRequest|assortmentId=51252513&premium_params[AMOUNT][key]=AMOUNT&premium_params[AMOUNT][value]=1000000&premium_params[AMOUNT][type]=2&premium_params[AMOUNT][belong]=4&premium_params[EXPIRES][key]=EXPIRES&premium_params[EXPIRES][value]=1年&premium_params[EXPIRES][type]=3&premium_params[EXPIRES][belong]=3&premium_params[INSURANCE][key]=INSURANCE&premium_params[INSURANCE][type]=3&premium_params[INSURANCE][belong]=2&premium_params[BIRTHDAY][key]=BIRTHDAY&premium_params[BIRTHDAY][type]=3&premium_params[BIRTHDAY][belong]=2&premium_params[INSURANCE][value]=N&premium_params[BIRTHDAY][value]=1935-03-21
2017-03-21 14:30:54  [ pool-1-thread-26:1552 ] - [ INFO ]  接口访问地址: http://mp.zhongan.com/health/iYunBao/common/apiGetPremium.html
2017-03-21 14:30:54  [ pool-1-thread-26:1634 ] - [ INFO ]  httpReponse:{"ret":-101,"msg":"参数错误","data":[]}
2017-03-21 14:30:54  [ pool-1-thread-26:1634 ] - [ INFO ]  bizcontent: {"ret":-101,"msg":"参数错误","data":[]}
2017-03-21 14:30:54  [ pool-1-thread-26:1635 ] - [ INFO ]  ---------当前用例执行完毕，用例编号:case002---------
2017-03-21 14:30:54  [ pool-1-thread-26:1635 ] - [ INFO ]  ---------当前用例执行开始，用例编号:case003,接口类型: HTTP
2017-03-21 14:30:54  [ pool-1-thread-26:1635 ] - [ INFO ]  
表达式引擎解析前的参数: 
X-Requested-With=XMLHttpRequest|assortmentId=51252513&premium_params[AMOUNT][key]=AMOUNT&premium_params[AMOUNT][value]=1000000&premium_params[AMOUNT][type]=2&premium_params[AMOUNT][belong]=4&premium_params[EXPIRES][key]=EXPIRES&premium_params[EXPIRES][value]=1年&premium_params[EXPIRES][type]=3&premium_params[EXPIRES][belong]=3&premium_params[INSURANCE][key]=INSURANCE&premium_params[INSURANCE][type]=3&premium_params[INSURANCE][belong]=2&premium_params[BIRTHDAY][key]=BIRTHDAY&premium_params[BIRTHDAY][type]=3&premium_params[BIRTHDAY][belong]=2&premium_params[INSURANCE][value]=$GetExcelData("hasSheBao")&premium_params[BIRTHDAY][value]=$GetExcelData("BIRTHDAY")
2017-03-21 14:30:54  [ pool-1-thread-26:1635 ] - [ INFO ]  表达式: [GetExcelData("hasSheBao")]开始解析...
2017-03-21 14:30:54  [ pool-1-thread-26:1635 ] - [ INFO ]  表达式: [GetExcelData("BIRTHDAY")]开始解析...
2017-03-21 14:30:54  [ pool-1-thread-26:1636 ] - [ INFO ]  表达式: [RDate("YYYY-MM-dd","-61/0/0")]开始解析...
2017-03-21 14:30:54  [ pool-1-thread-26:1637 ] - [ INFO ]  
表达式引擎解析后的参数: 
X-Requested-With=XMLHttpRequest|assortmentId=51252513&premium_params[AMOUNT][key]=AMOUNT&premium_params[AMOUNT][value]=1000000&premium_params[AMOUNT][type]=2&premium_params[AMOUNT][belong]=4&premium_params[EXPIRES][key]=EXPIRES&premium_params[EXPIRES][value]=1年&premium_params[EXPIRES][type]=3&premium_params[EXPIRES][belong]=3&premium_params[INSURANCE][key]=INSURANCE&premium_params[INSURANCE][type]=3&premium_params[INSURANCE][belong]=2&premium_params[BIRTHDAY][key]=BIRTHDAY&premium_params[BIRTHDAY][type]=3&premium_params[BIRTHDAY][belong]=2&premium_params[INSURANCE][value]=Y&premium_params[BIRTHDAY][value]=1956-03-21
2017-03-21 14:30:54  [ pool-1-thread-26:1637 ] - [ INFO ]  接口访问地址: http://mp.zhongan.com/health/iYunBao/common/apiGetPremium.html
2017-03-21 14:30:54  [ pool-1-thread-26:1732 ] - [ INFO ]  httpReponse:{"ret":-101,"msg":"参数错误","data":[]}
2017-03-21 14:30:54  [ pool-1-thread-26:1732 ] - [ INFO ]  bizcontent: {"ret":-101,"msg":"参数错误","data":[]}
2017-03-21 14:30:54  [ pool-1-thread-26:1733 ] - [ INFO ]  ---------当前用例执行完毕，用例编号:case003---------
2017-03-21 14:30:54  [ pool-1-thread-26:1734 ] - [ INFO ]  ---------当前用例执行开始，用例编号:case004,接口类型: HTTP
2017-03-21 14:30:54  [ pool-1-thread-26:1734 ] - [ INFO ]  
表达式引擎解析前的参数: 
X-Requested-With=XMLHttpRequest|assortmentId=51252513&premium_params[AMOUNT][key]=AMOUNT&premium_params[AMOUNT][value]=1000000&premium_params[AMOUNT][type]=2&premium_params[AMOUNT][belong]=4&premium_params[EXPIRES][key]=EXPIRES&premium_params[EXPIRES][value]=1年&premium_params[EXPIRES][type]=3&premium_params[EXPIRES][belong]=3&premium_params[INSURANCE][key]=INSURANCE&premium_params[INSURANCE][type]=3&premium_params[INSURANCE][belong]=2&premium_params[BIRTHDAY][key]=BIRTHDAY&premium_params[BIRTHDAY][type]=3&premium_params[BIRTHDAY][belong]=2&premium_params[INSURANCE][value]=$GetExcelData("hasSheBao")&premium_params[BIRTHDAY][value]=$GetExcelData("BIRTHDAY")
2017-03-21 14:30:54  [ pool-1-thread-26:1734 ] - [ INFO ]  表达式: [GetExcelData("hasSheBao")]开始解析...
2017-03-21 14:30:54  [ pool-1-thread-26:1735 ] - [ INFO ]  表达式: [GetExcelData("BIRTHDAY")]开始解析...
2017-03-21 14:30:54  [ pool-1-thread-26:1736 ] - [ INFO ]  表达式: [RDate("YYYY-MM-dd","-61/0/0")]开始解析...
2017-03-21 14:30:54  [ pool-1-thread-26:1739 ] - [ INFO ]  
表达式引擎解析后的参数: 
X-Requested-With=XMLHttpRequest|assortmentId=51252513&premium_params[AMOUNT][key]=AMOUNT&premium_params[AMOUNT][value]=1000000&premium_params[AMOUNT][type]=2&premium_params[AMOUNT][belong]=4&premium_params[EXPIRES][key]=EXPIRES&premium_params[EXPIRES][value]=1年&premium_params[EXPIRES][type]=3&premium_params[EXPIRES][belong]=3&premium_params[INSURANCE][key]=INSURANCE&premium_params[INSURANCE][type]=3&premium_params[INSURANCE][belong]=2&premium_params[BIRTHDAY][key]=BIRTHDAY&premium_params[BIRTHDAY][type]=3&premium_params[BIRTHDAY][belong]=2&premium_params[INSURANCE][value]=N&premium_params[BIRTHDAY][value]=1956-03-21
2017-03-21 14:30:54  [ pool-1-thread-26:1739 ] - [ INFO ]  接口访问地址: http://mp.zhongan.com/health/iYunBao/common/apiGetPremium.html
2017-03-21 14:30:55  [ pool-1-thread-26:1853 ] - [ INFO ]  httpReponse:{"ret":-101,"msg":"参数错误","data":[]}
2017-03-21 14:30:55  [ pool-1-thread-26:1854 ] - [ INFO ]  bizcontent: {"ret":-101,"msg":"参数错误","data":[]}
2017-03-21 14:30:55  [ pool-1-thread-26:1856 ] - [ INFO ]  ---------当前用例执行完毕，用例编号:case004---------
2017-03-21 14:30:55  [ pool-1-thread-26:1856 ] - [ INFO ]  ---------当前用例执行开始，用例编号:case005,接口类型: HTTP
2017-03-21 14:30:55  [ pool-1-thread-26:1856 ] - [ INFO ]  
表达式引擎解析前的参数: 
X-Requested-With=XMLHttpRequest|assortmentId=51252513&premium_params[AMOUNT][key]=AMOUNT&premium_params[AMOUNT][value]=1000000&premium_params[AMOUNT][type]=2&premium_params[AMOUNT][belong]=4&premium_params[EXPIRES][key]=EXPIRES&premium_params[EXPIRES][value]=1年&premium_params[EXPIRES][type]=3&premium_params[EXPIRES][belong]=3&premium_params[INSURANCE][key]=INSURANCE&premium_params[INSURANCE][type]=3&premium_params[INSURANCE][belong]=2&premium_params[BIRTHDAY][key]=BIRTHDAY&premium_params[BIRTHDAY][type]=3&premium_params[BIRTHDAY][belong]=2&premium_params[INSURANCE][value]=$GetExcelData("hasSheBao")&premium_params[BIRTHDAY][value]=$GetExcelData("BIRTHDAY")
2017-03-21 14:30:55  [ pool-1-thread-26:1857 ] - [ INFO ]  表达式: [GetExcelData("hasSheBao")]开始解析...
2017-03-21 14:30:55  [ pool-1-thread-26:1857 ] - [ INFO ]  表达式: [GetExcelData("BIRTHDAY")]开始解析...
2017-03-21 14:30:55  [ pool-1-thread-26:1858 ] - [ INFO ]  表达式: [RDate("YYYY-MM-dd","-61/0/1")]开始解析...
2017-03-21 14:30:55  [ pool-1-thread-26:1860 ] - [ INFO ]  
表达式引擎解析后的参数: 
X-Requested-With=XMLHttpRequest|assortmentId=51252513&premium_params[AMOUNT][key]=AMOUNT&premium_params[AMOUNT][value]=1000000&premium_params[AMOUNT][type]=2&premium_params[AMOUNT][belong]=4&premium_params[EXPIRES][key]=EXPIRES&premium_params[EXPIRES][value]=1年&premium_params[EXPIRES][type]=3&premium_params[EXPIRES][belong]=3&premium_params[INSURANCE][key]=INSURANCE&premium_params[INSURANCE][type]=3&premium_params[INSURANCE][belong]=2&premium_params[BIRTHDAY][key]=BIRTHDAY&premium_params[BIRTHDAY][type]=3&premium_params[BIRTHDAY][belong]=2&premium_params[INSURANCE][value]=Y&premium_params[BIRTHDAY][value]=1956-03-22
2017-03-21 14:30:55  [ pool-1-thread-26:1863 ] - [ INFO ]  接口访问地址: http://mp.zhongan.com/health/iYunBao/common/apiGetPremium.html
2017-03-21 14:30:55  [ pool-1-thread-26:1951 ] - [ INFO ]  httpReponse:{"ret":-101,"msg":"参数错误","data":[]}
2017-03-21 14:30:55  [ pool-1-thread-26:1951 ] - [ INFO ]  bizcontent: {"ret":-101,"msg":"参数错误","data":[]}
2017-03-21 14:30:55  [ pool-1-thread-26:1974 ] - [ INFO ]  ---------当前用例执行完毕，用例编号:case005---------
2017-03-21 14:30:55  [ pool-1-thread-26:1975 ] - [ INFO ]  ---------当前用例执行开始，用例编号:case006,接口类型: HTTP
2017-03-21 14:30:55  [ pool-1-thread-26:1975 ] - [ INFO ]  
表达式引擎解析前的参数: 
X-Requested-With=XMLHttpRequest|assortmentId=51252513&premium_params[AMOUNT][key]=AMOUNT&premium_params[AMOUNT][value]=1000000&premium_params[AMOUNT][type]=2&premium_params[AMOUNT][belong]=4&premium_params[EXPIRES][key]=EXPIRES&premium_params[EXPIRES][value]=1年&premium_params[EXPIRES][type]=3&premium_params[EXPIRES][belong]=3&premium_params[INSURANCE][key]=INSURANCE&premium_params[INSURANCE][type]=3&premium_params[INSURANCE][belong]=2&premium_params[BIRTHDAY][key]=BIRTHDAY&premium_params[BIRTHDAY][type]=3&premium_params[BIRTHDAY][belong]=2&premium_params[INSURANCE][value]=$GetExcelData("hasSheBao")&premium_params[BIRTHDAY][value]=$GetExcelData("BIRTHDAY")
2017-03-21 14:30:55  [ pool-1-thread-26:1989 ] - [ INFO ]  表达式: [GetExcelData("hasSheBao")]开始解析...
2017-03-21 14:30:55  [ pool-1-thread-26:1989 ] - [ INFO ]  表达式: [GetExcelData("BIRTHDAY")]开始解析...
2017-03-21 14:30:55  [ pool-1-thread-26:1990 ] - [ INFO ]  表达式: [RDate("YYYY-MM-dd","-61/0/1")]开始解析...
2017-03-21 14:30:55  [ pool-1-thread-26:1992 ] - [ INFO ]  
表达式引擎解析后的参数: 
X-Requested-With=XMLHttpRequest|assortmentId=51252513&premium_params[AMOUNT][key]=AMOUNT&premium_params[AMOUNT][value]=1000000&premium_params[AMOUNT][type]=2&premium_params[AMOUNT][belong]=4&premium_params[EXPIRES][key]=EXPIRES&premium_params[EXPIRES][value]=1年&premium_params[EXPIRES][type]=3&premium_params[EXPIRES][belong]=3&premium_params[INSURANCE][key]=INSURANCE&premium_params[INSURANCE][type]=3&premium_params[INSURANCE][belong]=2&premium_params[BIRTHDAY][key]=BIRTHDAY&premium_params[BIRTHDAY][type]=3&premium_params[BIRTHDAY][belong]=2&premium_params[INSURANCE][value]=N&premium_params[BIRTHDAY][value]=1956-03-22
2017-03-21 14:30:55  [ pool-1-thread-26:1992 ] - [ INFO ]  接口访问地址: http://mp.zhongan.com/health/iYunBao/common/apiGetPremium.html
2017-03-21 14:30:55  [ pool-1-thread-26:2099 ] - [ INFO ]  httpReponse:{"ret":-101,"msg":"参数错误","data":[]}
2017-03-21 14:30:55  [ pool-1-thread-26:2099 ] - [ INFO ]  bizcontent: {"ret":-101,"msg":"参数错误","data":[]}
2017-03-21 14:30:55  [ pool-1-thread-26:2101 ] - [ INFO ]  ---------当前用例执行完毕，用例编号:case006---------
2017-03-21 14:30:55  [ pool-1-thread-26:2101 ] - [ INFO ]  ---------当前用例执行开始，用例编号:case007,接口类型: HTTP
2017-03-21 14:30:55  [ pool-1-thread-26:2101 ] - [ INFO ]  
表达式引擎解析前的参数: 
X-Requested-With=XMLHttpRequest|assortmentId=51252513&premium_params[AMOUNT][key]=AMOUNT&premium_params[AMOUNT][value]=1000000&premium_params[AMOUNT][type]=2&premium_params[AMOUNT][belong]=4&premium_params[EXPIRES][key]=EXPIRES&premium_params[EXPIRES][value]=1年&premium_params[EXPIRES][type]=3&premium_params[EXPIRES][belong]=3&premium_params[INSURANCE][key]=INSURANCE&premium_params[INSURANCE][type]=3&premium_params[INSURANCE][belong]=2&premium_params[BIRTHDAY][key]=BIRTHDAY&premium_params[BIRTHDAY][type]=3&premium_params[BIRTHDAY][belong]=2&premium_params[INSURANCE][value]=$GetExcelData("hasSheBao")&premium_params[BIRTHDAY][value]=$GetExcelData("BIRTHDAY")
2017-03-21 14:30:55  [ pool-1-thread-26:2102 ] - [ INFO ]  表达式: [GetExcelData("hasSheBao")]开始解析...
2017-03-21 14:30:55  [ pool-1-thread-26:2102 ] - [ INFO ]  表达式: [GetExcelData("BIRTHDAY")]开始解析...
2017-03-21 14:30:55  [ pool-1-thread-26:2103 ] - [ INFO ]  表达式: [RDate("YYYY-MM-dd","-56/0/-1")]开始解析...
2017-03-21 14:30:55  [ pool-1-thread-26:2106 ] - [ INFO ]  
表达式引擎解析后的参数: 
X-Requested-With=XMLHttpRequest|assortmentId=51252513&premium_params[AMOUNT][key]=AMOUNT&premium_params[AMOUNT][value]=1000000&premium_params[AMOUNT][type]=2&premium_params[AMOUNT][belong]=4&premium_params[EXPIRES][key]=EXPIRES&premium_params[EXPIRES][value]=1年&premium_params[EXPIRES][type]=3&premium_params[EXPIRES][belong]=3&premium_params[INSURANCE][key]=INSURANCE&premium_params[INSURANCE][type]=3&premium_params[INSURANCE][belong]=2&premium_params[BIRTHDAY][key]=BIRTHDAY&premium_params[BIRTHDAY][type]=3&premium_params[BIRTHDAY][belong]=2&premium_params[INSURANCE][value]=Y&premium_params[BIRTHDAY][value]=1961-03-20
2017-03-21 14:30:55  [ pool-1-thread-26:2107 ] - [ INFO ]  接口访问地址: http://mp.zhongan.com/health/iYunBao/common/apiGetPremium.html
2017-03-21 14:30:55  [ pool-1-thread-26:2193 ] - [ INFO ]  httpReponse:{"ret":-101,"msg":"参数错误","data":[]}
2017-03-21 14:30:55  [ pool-1-thread-26:2193 ] - [ INFO ]  bizcontent: {"ret":-101,"msg":"参数错误","data":[]}
2017-03-21 14:30:55  [ pool-1-thread-26:2194 ] - [ INFO ]  ---------当前用例执行完毕，用例编号:case007---------
2017-03-21 14:30:55  [ pool-1-thread-26:2194 ] - [ INFO ]  ---------当前用例执行开始，用例编号:case008,接口类型: HTTP
2017-03-21 14:30:55  [ pool-1-thread-26:2194 ] - [ INFO ]  
表达式引擎解析前的参数: 
X-Requested-With=XMLHttpRequest|assortmentId=51252513&premium_params[AMOUNT][key]=AMOUNT&premium_params[AMOUNT][value]=1000000&premium_params[AMOUNT][type]=2&premium_params[AMOUNT][belong]=4&premium_params[EXPIRES][key]=EXPIRES&premium_params[EXPIRES][value]=1年&premium_params[EXPIRES][type]=3&premium_params[EXPIRES][belong]=3&premium_params[INSURANCE][key]=INSURANCE&premium_params[INSURANCE][type]=3&premium_params[INSURANCE][belong]=2&premium_params[BIRTHDAY][key]=BIRTHDAY&premium_params[BIRTHDAY][type]=3&premium_params[BIRTHDAY][belong]=2&premium_params[INSURANCE][value]=$GetExcelData("hasSheBao")&premium_params[BIRTHDAY][value]=$GetExcelData("BIRTHDAY")
2017-03-21 14:30:55  [ pool-1-thread-26:2195 ] - [ INFO ]  表达式: [GetExcelData("hasSheBao")]开始解析...
2017-03-21 14:30:55  [ pool-1-thread-26:2195 ] - [ INFO ]  表达式: [GetExcelData("BIRTHDAY")]开始解析...
2017-03-21 14:30:55  [ pool-1-thread-26:2196 ] - [ INFO ]  表达式: [RDate("YYYY-MM-dd","-56/0/-1")]开始解析...
2017-03-21 14:30:55  [ pool-1-thread-26:2198 ] - [ INFO ]  
表达式引擎解析后的参数: 
X-Requested-With=XMLHttpRequest|assortmentId=51252513&premium_params[AMOUNT][key]=AMOUNT&premium_params[AMOUNT][value]=1000000&premium_params[AMOUNT][type]=2&premium_params[AMOUNT][belong]=4&premium_params[EXPIRES][key]=EXPIRES&premium_params[EXPIRES][value]=1年&premium_params[EXPIRES][type]=3&premium_params[EXPIRES][belong]=3&premium_params[INSURANCE][key]=INSURANCE&premium_params[INSURANCE][type]=3&premium_params[INSURANCE][belong]=2&premium_params[BIRTHDAY][key]=BIRTHDAY&premium_params[BIRTHDAY][type]=3&premium_params[BIRTHDAY][belong]=2&premium_params[INSURANCE][value]=N&premium_params[BIRTHDAY][value]=1961-03-20
2017-03-21 14:30:55  [ pool-1-thread-26:2198 ] - [ INFO ]  接口访问地址: http://mp.zhongan.com/health/iYunBao/common/apiGetPremium.html
2017-03-21 14:30:55  [ pool-1-thread-26:2285 ] - [ INFO ]  httpReponse:{"ret":-101,"msg":"参数错误","data":[]}
2017-03-21 14:30:55  [ pool-1-thread-26:2285 ] - [ INFO ]  bizcontent: {"ret":-101,"msg":"参数错误","data":[]}
2017-03-21 14:30:55  [ pool-1-thread-26:2286 ] - [ INFO ]  ---------当前用例执行完毕，用例编号:case008---------
2017-03-21 14:30:55  [ pool-1-thread-26:2287 ] - [ INFO ]  ---------当前用例执行开始，用例编号:case009,接口类型: HTTP
2017-03-21 14:30:55  [ pool-1-thread-26:2287 ] - [ INFO ]  
表达式引擎解析前的参数: 
X-Requested-With=XMLHttpRequest|assortmentId=51252513&premium_params[AMOUNT][key]=AMOUNT&premium_params[AMOUNT][value]=1000000&premium_params[AMOUNT][type]=2&premium_params[AMOUNT][belong]=4&premium_params[EXPIRES][key]=EXPIRES&premium_params[EXPIRES][value]=1年&premium_params[EXPIRES][type]=3&premium_params[EXPIRES][belong]=3&premium_params[INSURANCE][key]=INSURANCE&premium_params[INSURANCE][type]=3&premium_params[INSURANCE][belong]=2&premium_params[BIRTHDAY][key]=BIRTHDAY&premium_params[BIRTHDAY][type]=3&premium_params[BIRTHDAY][belong]=2&premium_params[INSURANCE][value]=$GetExcelData("hasSheBao")&premium_params[BIRTHDAY][value]=$GetExcelData("BIRTHDAY")
2017-03-21 14:30:55  [ pool-1-thread-26:2287 ] - [ INFO ]  表达式: [GetExcelData("hasSheBao")]开始解析...
2017-03-21 14:30:55  [ pool-1-thread-26:2287 ] - [ INFO ]  表达式: [GetExcelData("BIRTHDAY")]开始解析...
2017-03-21 14:30:55  [ pool-1-thread-26:2288 ] - [ INFO ]  表达式: [RDate("YYYY-MM-dd","-56/0/0")]开始解析...
2017-03-21 14:30:55  [ pool-1-thread-26:2290 ] - [ INFO ]  
表达式引擎解析后的参数: 
X-Requested-With=XMLHttpRequest|assortmentId=51252513&premium_params[AMOUNT][key]=AMOUNT&premium_params[AMOUNT][value]=1000000&premium_params[AMOUNT][type]=2&premium_params[AMOUNT][belong]=4&premium_params[EXPIRES][key]=EXPIRES&premium_params[EXPIRES][value]=1年&premium_params[EXPIRES][type]=3&premium_params[EXPIRES][belong]=3&premium_params[INSURANCE][key]=INSURANCE&premium_params[INSURANCE][type]=3&premium_params[INSURANCE][belong]=2&premium_params[BIRTHDAY][key]=BIRTHDAY&premium_params[BIRTHDAY][type]=3&premium_params[BIRTHDAY][belong]=2&premium_params[INSURANCE][value]=Y&premium_params[BIRTHDAY][value]=1961-03-21
2017-03-21 14:30:55  [ pool-1-thread-26:2290 ] - [ INFO ]  接口访问地址: http://mp.zhongan.com/health/iYunBao/common/apiGetPremium.html
2017-03-21 14:30:55  [ pool-1-thread-26:2383 ] - [ INFO ]  httpReponse:{"ret":-101,"msg":"参数错误","data":[]}
2017-03-21 14:30:55  [ pool-1-thread-26:2384 ] - [ INFO ]  bizcontent: {"ret":-101,"msg":"参数错误","data":[]}
2017-03-21 14:30:55  [ pool-1-thread-26:2390 ] - [ INFO ]  ---------当前用例执行完毕，用例编号:case009---------
2017-03-21 14:30:55  [ pool-1-thread-26:2390 ] - [ INFO ]  ---------当前用例执行开始，用例编号:case010,接口类型: HTTP
2017-03-21 14:30:55  [ pool-1-thread-26:2390 ] - [ INFO ]  
表达式引擎解析前的参数: 
X-Requested-With=XMLHttpRequest|assortmentId=51252513&premium_params[AMOUNT][key]=AMOUNT&premium_params[AMOUNT][value]=1000000&premium_params[AMOUNT][type]=2&premium_params[AMOUNT][belong]=4&premium_params[EXPIRES][key]=EXPIRES&premium_params[EXPIRES][value]=1年&premium_params[EXPIRES][type]=3&premium_params[EXPIRES][belong]=3&premium_params[INSURANCE][key]=INSURANCE&premium_params[INSURANCE][type]=3&premium_params[INSURANCE][belong]=2&premium_params[BIRTHDAY][key]=BIRTHDAY&premium_params[BIRTHDAY][type]=3&premium_params[BIRTHDAY][belong]=2&premium_params[INSURANCE][value]=$GetExcelData("hasSheBao")&premium_params[BIRTHDAY][value]=$GetExcelData("BIRTHDAY")
2017-03-21 14:30:55  [ pool-1-thread-26:2391 ] - [ INFO ]  表达式: [GetExcelData("hasSheBao")]开始解析...
2017-03-21 14:30:55  [ pool-1-thread-26:2391 ] - [ INFO ]  表达式: [GetExcelData("BIRTHDAY")]开始解析...
2017-03-21 14:30:55  [ pool-1-thread-26:2392 ] - [ INFO ]  表达式: [RDate("YYYY-MM-dd","-56/0/0")]开始解析...
2017-03-21 14:30:55  [ pool-1-thread-26:2394 ] - [ INFO ]  
表达式引擎解析后的参数: 
X-Requested-With=XMLHttpRequest|assortmentId=51252513&premium_params[AMOUNT][key]=AMOUNT&premium_params[AMOUNT][value]=1000000&premium_params[AMOUNT][type]=2&premium_params[AMOUNT][belong]=4&premium_params[EXPIRES][key]=EXPIRES&premium_params[EXPIRES][value]=1年&premium_params[EXPIRES][type]=3&premium_params[EXPIRES][belong]=3&premium_params[INSURANCE][key]=INSURANCE&premium_params[INSURANCE][type]=3&premium_params[INSURANCE][belong]=2&premium_params[BIRTHDAY][key]=BIRTHDAY&premium_params[BIRTHDAY][type]=3&premium_params[BIRTHDAY][belong]=2&premium_params[INSURANCE][value]=N&premium_params[BIRTHDAY][value]=1961-03-21
2017-03-21 14:30:55  [ pool-1-thread-26:2394 ] - [ INFO ]  接口访问地址: http://mp.zhongan.com/health/iYunBao/common/apiGetPremium.html
2017-03-21 14:30:55  [ pool-1-thread-26:2488 ] - [ INFO ]  httpReponse:{"ret":-101,"msg":"参数错误","data":[]}
2017-03-21 14:30:55  [ pool-1-thread-26:2489 ] - [ INFO ]  bizcontent: {"ret":-101,"msg":"参数错误","data":[]}
2017-03-21 14:30:55  [ pool-1-thread-26:2489 ] - [ INFO ]  ---------当前用例执行完毕，用例编号:case010---------
2017-03-21 14:30:55  [ pool-1-thread-26:2490 ] - [ INFO ]  ---------当前用例执行开始，用例编号:case011,接口类型: HTTP
2017-03-21 14:30:55  [ pool-1-thread-26:2490 ] - [ INFO ]  
表达式引擎解析前的参数: 
X-Requested-With=XMLHttpRequest|assortmentId=51252513&premium_params[AMOUNT][key]=AMOUNT&premium_params[AMOUNT][value]=1000000&premium_params[AMOUNT][type]=2&premium_params[AMOUNT][belong]=4&premium_params[EXPIRES][key]=EXPIRES&premium_params[EXPIRES][value]=1年&premium_params[EXPIRES][type]=3&premium_params[EXPIRES][belong]=3&premium_params[INSURANCE][key]=INSURANCE&premium_params[INSURANCE][type]=3&premium_params[INSURANCE][belong]=2&premium_params[BIRTHDAY][key]=BIRTHDAY&premium_params[BIRTHDAY][type]=3&premium_params[BIRTHDAY][belong]=2&premium_params[INSURANCE][value]=$GetExcelData("hasSheBao")&premium_params[BIRTHDAY][value]=$GetExcelData("BIRTHDAY")
2017-03-21 14:30:55  [ pool-1-thread-26:2490 ] - [ INFO ]  表达式: [GetExcelData("hasSheBao")]开始解析...
2017-03-21 14:30:55  [ pool-1-thread-26:2490 ] - [ INFO ]  表达式: [GetExcelData("BIRTHDAY")]开始解析...
2017-03-21 14:30:55  [ pool-1-thread-26:2491 ] - [ INFO ]  表达式: [RDate("YYYY-MM-dd","-56/0/1")]开始解析...
2017-03-21 14:30:55  [ pool-1-thread-26:2492 ] - [ INFO ]  
表达式引擎解析后的参数: 
X-Requested-With=XMLHttpRequest|assortmentId=51252513&premium_params[AMOUNT][key]=AMOUNT&premium_params[AMOUNT][value]=1000000&premium_params[AMOUNT][type]=2&premium_params[AMOUNT][belong]=4&premium_params[EXPIRES][key]=EXPIRES&premium_params[EXPIRES][value]=1年&premium_params[EXPIRES][type]=3&premium_params[EXPIRES][belong]=3&premium_params[INSURANCE][key]=INSURANCE&premium_params[INSURANCE][type]=3&premium_params[INSURANCE][belong]=2&premium_params[BIRTHDAY][key]=BIRTHDAY&premium_params[BIRTHDAY][type]=3&premium_params[BIRTHDAY][belong]=2&premium_params[INSURANCE][value]=Y&premium_params[BIRTHDAY][value]=1961-03-22
2017-03-21 14:30:55  [ pool-1-thread-26:2493 ] - [ INFO ]  接口访问地址: http://mp.zhongan.com/health/iYunBao/common/apiGetPremium.html
2017-03-21 14:30:55  [ pool-1-thread-26:2585 ] - [ INFO ]  httpReponse:{"ret":-101,"msg":"参数错误","data":[]}
2017-03-21 14:30:55  [ pool-1-thread-26:2585 ] - [ INFO ]  bizcontent: {"ret":-101,"msg":"参数错误","data":[]}
2017-03-21 14:30:55  [ pool-1-thread-26:2586 ] - [ INFO ]  ---------当前用例执行完毕，用例编号:case011---------
2017-03-21 14:30:55  [ pool-1-thread-26:2587 ] - [ INFO ]  ---------当前用例执行开始，用例编号:case012,接口类型: HTTP
2017-03-21 14:30:55  [ pool-1-thread-26:2587 ] - [ INFO ]  
表达式引擎解析前的参数: 
X-Requested-With=XMLHttpRequest|assortmentId=51252513&premium_params[AMOUNT][key]=AMOUNT&premium_params[AMOUNT][value]=1000000&premium_params[AMOUNT][type]=2&premium_params[AMOUNT][belong]=4&premium_params[EXPIRES][key]=EXPIRES&premium_params[EXPIRES][value]=1年&premium_params[EXPIRES][type]=3&premium_params[EXPIRES][belong]=3&premium_params[INSURANCE][key]=INSURANCE&premium_params[INSURANCE][type]=3&premium_params[INSURANCE][belong]=2&premium_params[BIRTHDAY][key]=BIRTHDAY&premium_params[BIRTHDAY][type]=3&premium_params[BIRTHDAY][belong]=2&premium_params[INSURANCE][value]=$GetExcelData("hasSheBao")&premium_params[BIRTHDAY][value]=$GetExcelData("BIRTHDAY")
2017-03-21 14:30:55  [ pool-1-thread-26:2587 ] - [ INFO ]  表达式: [GetExcelData("hasSheBao")]开始解析...
2017-03-21 14:30:55  [ pool-1-thread-26:2588 ] - [ INFO ]  表达式: [GetExcelData("BIRTHDAY")]开始解析...
2017-03-21 14:30:55  [ pool-1-thread-26:2588 ] - [ INFO ]  表达式: [RDate("YYYY-MM-dd","-56/0/1")]开始解析...
2017-03-21 14:30:55  [ pool-1-thread-26:2598 ] - [ INFO ]  
表达式引擎解析后的参数: 
X-Requested-With=XMLHttpRequest|assortmentId=51252513&premium_params[AMOUNT][key]=AMOUNT&premium_params[AMOUNT][value]=1000000&premium_params[AMOUNT][type]=2&premium_params[AMOUNT][belong]=4&premium_params[EXPIRES][key]=EXPIRES&premium_params[EXPIRES][value]=1年&premium_params[EXPIRES][type]=3&premium_params[EXPIRES][belong]=3&premium_params[INSURANCE][key]=INSURANCE&premium_params[INSURANCE][type]=3&premium_params[INSURANCE][belong]=2&premium_params[BIRTHDAY][key]=BIRTHDAY&premium_params[BIRTHDAY][type]=3&premium_params[BIRTHDAY][belong]=2&premium_params[INSURANCE][value]=N&premium_params[BIRTHDAY][value]=1961-03-22
2017-03-21 14:30:55  [ pool-1-thread-26:2599 ] - [ INFO ]  接口访问地址: http://mp.zhongan.com/health/iYunBao/common/apiGetPremium.html
2017-03-21 14:30:55  [ pool-1-thread-26:2706 ] - [ INFO ]  httpReponse:{"ret":-101,"msg":"参数错误","data":[]}
2017-03-21 14:30:55  [ pool-1-thread-26:2707 ] - [ INFO ]  bizcontent: {"ret":-101,"msg":"参数错误","data":[]}
2017-03-21 14:30:55  [ pool-1-thread-26:2708 ] - [ INFO ]  ---------当前用例执行完毕，用例编号:case012---------
2017-03-21 14:30:55  [ pool-1-thread-26:2708 ] - [ INFO ]  ---------当前用例执行开始，用例编号:case013,接口类型: HTTP
2017-03-21 14:30:55  [ pool-1-thread-26:2708 ] - [ INFO ]  
表达式引擎解析前的参数: 
X-Requested-With=XMLHttpRequest|assortmentId=51252513&premium_params[AMOUNT][key]=AMOUNT&premium_params[AMOUNT][value]=1000000&premium_params[AMOUNT][type]=2&premium_params[AMOUNT][belong]=4&premium_params[EXPIRES][key]=EXPIRES&premium_params[EXPIRES][value]=1年&premium_params[EXPIRES][type]=3&premium_params[EXPIRES][belong]=3&premium_params[INSURANCE][key]=INSURANCE&premium_params[INSURANCE][type]=3&premium_params[INSURANCE][belong]=2&premium_params[BIRTHDAY][key]=BIRTHDAY&premium_params[BIRTHDAY][type]=3&premium_params[BIRTHDAY][belong]=2&premium_params[INSURANCE][value]=$GetExcelData("hasSheBao")&premium_params[BIRTHDAY][value]=$GetExcelData("BIRTHDAY")
2017-03-21 14:30:55  [ pool-1-thread-26:2709 ] - [ INFO ]  表达式: [GetExcelData("hasSheBao")]开始解析...
2017-03-21 14:30:55  [ pool-1-thread-26:2709 ] - [ INFO ]  表达式: [GetExcelData("BIRTHDAY")]开始解析...
2017-03-21 14:30:55  [ pool-1-thread-26:2710 ] - [ INFO ]  表达式: [RDate("YYYY-MM-dd","-51/0/-1")]开始解析...
2017-03-21 14:30:55  [ pool-1-thread-26:2712 ] - [ INFO ]  
表达式引擎解析后的参数: 
X-Requested-With=XMLHttpRequest|assortmentId=51252513&premium_params[AMOUNT][key]=AMOUNT&premium_params[AMOUNT][value]=1000000&premium_params[AMOUNT][type]=2&premium_params[AMOUNT][belong]=4&premium_params[EXPIRES][key]=EXPIRES&premium_params[EXPIRES][value]=1年&premium_params[EXPIRES][type]=3&premium_params[EXPIRES][belong]=3&premium_params[INSURANCE][key]=INSURANCE&premium_params[INSURANCE][type]=3&premium_params[INSURANCE][belong]=2&premium_params[BIRTHDAY][key]=BIRTHDAY&premium_params[BIRTHDAY][type]=3&premium_params[BIRTHDAY][belong]=2&premium_params[INSURANCE][value]=Y&premium_params[BIRTHDAY][value]=1966-03-20
2017-03-21 14:30:55  [ pool-1-thread-26:2712 ] - [ INFO ]  接口访问地址: http://mp.zhongan.com/health/iYunBao/common/apiGetPremium.html
2017-03-21 14:30:55  [ pool-1-thread-26:2809 ] - [ INFO ]  httpReponse:{"ret":-101,"msg":"参数错误","data":[]}
2017-03-21 14:30:55  [ pool-1-thread-26:2809 ] - [ INFO ]  bizcontent: {"ret":-101,"msg":"参数错误","data":[]}
2017-03-21 14:30:55  [ pool-1-thread-26:2810 ] - [ INFO ]  ---------当前用例执行完毕，用例编号:case013---------
2017-03-21 14:30:55  [ pool-1-thread-26:2810 ] - [ INFO ]  ---------当前用例执行开始，用例编号:case014,接口类型: HTTP
2017-03-21 14:30:55  [ pool-1-thread-26:2810 ] - [ INFO ]  
表达式引擎解析前的参数: 
X-Requested-With=XMLHttpRequest|assortmentId=51252513&premium_params[AMOUNT][key]=AMOUNT&premium_params[AMOUNT][value]=1000000&premium_params[AMOUNT][type]=2&premium_params[AMOUNT][belong]=4&premium_params[EXPIRES][key]=EXPIRES&premium_params[EXPIRES][value]=1年&premium_params[EXPIRES][type]=3&premium_params[EXPIRES][belong]=3&premium_params[INSURANCE][key]=INSURANCE&premium_params[INSURANCE][type]=3&premium_params[INSURANCE][belong]=2&premium_params[BIRTHDAY][key]=BIRTHDAY&premium_params[BIRTHDAY][type]=3&premium_params[BIRTHDAY][belong]=2&premium_params[INSURANCE][value]=$GetExcelData("hasSheBao")&premium_params[BIRTHDAY][value]=$GetExcelData("BIRTHDAY")
2017-03-21 14:30:55  [ pool-1-thread-26:2811 ] - [ INFO ]  表达式: [GetExcelData("hasSheBao")]开始解析...
2017-03-21 14:30:55  [ pool-1-thread-26:2811 ] - [ INFO ]  表达式: [GetExcelData("BIRTHDAY")]开始解析...
2017-03-21 14:30:55  [ pool-1-thread-26:2812 ] - [ INFO ]  表达式: [RDate("YYYY-MM-dd","-51/0/-1")]开始解析...
2017-03-21 14:30:55  [ pool-1-thread-26:2814 ] - [ INFO ]  
表达式引擎解析后的参数: 
X-Requested-With=XMLHttpRequest|assortmentId=51252513&premium_params[AMOUNT][key]=AMOUNT&premium_params[AMOUNT][value]=1000000&premium_params[AMOUNT][type]=2&premium_params[AMOUNT][belong]=4&premium_params[EXPIRES][key]=EXPIRES&premium_params[EXPIRES][value]=1年&premium_params[EXPIRES][type]=3&premium_params[EXPIRES][belong]=3&premium_params[INSURANCE][key]=INSURANCE&premium_params[INSURANCE][type]=3&premium_params[INSURANCE][belong]=2&premium_params[BIRTHDAY][key]=BIRTHDAY&premium_params[BIRTHDAY][type]=3&premium_params[BIRTHDAY][belong]=2&premium_params[INSURANCE][value]=N&premium_params[BIRTHDAY][value]=1966-03-20
2017-03-21 14:30:55  [ pool-1-thread-26:2814 ] - [ INFO ]  接口访问地址: http://mp.zhongan.com/health/iYunBao/common/apiGetPremium.html
2017-03-21 14:30:56  [ pool-1-thread-26:2911 ] - [ INFO ]  httpReponse:{"ret":-101,"msg":"参数错误","data":[]}
2017-03-21 14:30:56  [ pool-1-thread-26:2911 ] - [ INFO ]  bizcontent: {"ret":-101,"msg":"参数错误","data":[]}
2017-03-21 14:30:56  [ pool-1-thread-26:2912 ] - [ INFO ]  ---------当前用例执行完毕，用例编号:case014---------
2017-03-21 14:30:56  [ pool-1-thread-26:2912 ] - [ INFO ]  ---------当前用例执行开始，用例编号:case015,接口类型: HTTP
2017-03-21 14:30:56  [ pool-1-thread-26:2912 ] - [ INFO ]  
表达式引擎解析前的参数: 
X-Requested-With=XMLHttpRequest|assortmentId=51252513&premium_params[AMOUNT][key]=AMOUNT&premium_params[AMOUNT][value]=1000000&premium_params[AMOUNT][type]=2&premium_params[AMOUNT][belong]=4&premium_params[EXPIRES][key]=EXPIRES&premium_params[EXPIRES][value]=1年&premium_params[EXPIRES][type]=3&premium_params[EXPIRES][belong]=3&premium_params[INSURANCE][key]=INSURANCE&premium_params[INSURANCE][type]=3&premium_params[INSURANCE][belong]=2&premium_params[BIRTHDAY][key]=BIRTHDAY&premium_params[BIRTHDAY][type]=3&premium_params[BIRTHDAY][belong]=2&premium_params[INSURANCE][value]=$GetExcelData("hasSheBao")&premium_params[BIRTHDAY][value]=$GetExcelData("BIRTHDAY")
2017-03-21 14:30:56  [ pool-1-thread-26:2913 ] - [ INFO ]  表达式: [GetExcelData("hasSheBao")]开始解析...
2017-03-21 14:30:56  [ pool-1-thread-26:2913 ] - [ INFO ]  表达式: [GetExcelData("BIRTHDAY")]开始解析...
2017-03-21 14:30:56  [ pool-1-thread-26:2914 ] - [ INFO ]  表达式: [RDate("YYYY-MM-dd","-51/0/0")]开始解析...
2017-03-21 14:30:56  [ pool-1-thread-26:2915 ] - [ INFO ]  
表达式引擎解析后的参数: 
X-Requested-With=XMLHttpRequest|assortmentId=51252513&premium_params[AMOUNT][key]=AMOUNT&premium_params[AMOUNT][value]=1000000&premium_params[AMOUNT][type]=2&premium_params[AMOUNT][belong]=4&premium_params[EXPIRES][key]=EXPIRES&premium_params[EXPIRES][value]=1年&premium_params[EXPIRES][type]=3&premium_params[EXPIRES][belong]=3&premium_params[INSURANCE][key]=INSURANCE&premium_params[INSURANCE][type]=3&premium_params[INSURANCE][belong]=2&premium_params[BIRTHDAY][key]=BIRTHDAY&premium_params[BIRTHDAY][type]=3&premium_params[BIRTHDAY][belong]=2&premium_params[INSURANCE][value]=Y&premium_params[BIRTHDAY][value]=1966-03-21
2017-03-21 14:30:56  [ pool-1-thread-26:2916 ] - [ INFO ]  接口访问地址: http://mp.zhongan.com/health/iYunBao/common/apiGetPremium.html
2017-03-21 14:30:56  [ pool-1-thread-26:3036 ] - [ INFO ]  httpReponse:{"ret":-101,"msg":"参数错误","data":[]}
2017-03-21 14:30:56  [ pool-1-thread-26:3036 ] - [ INFO ]  bizcontent: {"ret":-101,"msg":"参数错误","data":[]}
2017-03-21 14:30:56  [ pool-1-thread-26:3039 ] - [ INFO ]  ---------当前用例执行完毕，用例编号:case015---------
2017-03-21 14:30:56  [ pool-1-thread-26:3039 ] - [ INFO ]  ---------当前用例执行开始，用例编号:case016,接口类型: HTTP
2017-03-21 14:30:56  [ pool-1-thread-26:3039 ] - [ INFO ]  
表达式引擎解析前的参数: 
X-Requested-With=XMLHttpRequest|assortmentId=51252513&premium_params[AMOUNT][key]=AMOUNT&premium_params[AMOUNT][value]=1000000&premium_params[AMOUNT][type]=2&premium_params[AMOUNT][belong]=4&premium_params[EXPIRES][key]=EXPIRES&premium_params[EXPIRES][value]=1年&premium_params[EXPIRES][type]=3&premium_params[EXPIRES][belong]=3&premium_params[INSURANCE][key]=INSURANCE&premium_params[INSURANCE][type]=3&premium_params[INSURANCE][belong]=2&premium_params[BIRTHDAY][key]=BIRTHDAY&premium_params[BIRTHDAY][type]=3&premium_params[BIRTHDAY][belong]=2&premium_params[INSURANCE][value]=$GetExcelData("hasSheBao")&premium_params[BIRTHDAY][value]=$GetExcelData("BIRTHDAY")
2017-03-21 14:30:56  [ pool-1-thread-26:3040 ] - [ INFO ]  表达式: [GetExcelData("hasSheBao")]开始解析...
2017-03-21 14:30:56  [ pool-1-thread-26:3040 ] - [ INFO ]  表达式: [GetExcelData("BIRTHDAY")]开始解析...
2017-03-21 14:30:56  [ pool-1-thread-26:3040 ] - [ INFO ]  表达式: [RDate("YYYY-MM-dd","-51/0/0")]开始解析...
2017-03-21 14:30:56  [ pool-1-thread-26:3041 ] - [ INFO ]  
表达式引擎解析后的参数: 
X-Requested-With=XMLHttpRequest|assortmentId=51252513&premium_params[AMOUNT][key]=AMOUNT&premium_params[AMOUNT][value]=1000000&premium_params[AMOUNT][type]=2&premium_params[AMOUNT][belong]=4&premium_params[EXPIRES][key]=EXPIRES&premium_params[EXPIRES][value]=1年&premium_params[EXPIRES][type]=3&premium_params[EXPIRES][belong]=3&premium_params[INSURANCE][key]=INSURANCE&premium_params[INSURANCE][type]=3&premium_params[INSURANCE][belong]=2&premium_params[BIRTHDAY][key]=BIRTHDAY&premium_params[BIRTHDAY][type]=3&premium_params[BIRTHDAY][belong]=2&premium_params[INSURANCE][value]=N&premium_params[BIRTHDAY][value]=1966-03-21
2017-03-21 14:30:56  [ pool-1-thread-26:3042 ] - [ INFO ]  接口访问地址: http://mp.zhongan.com/health/iYunBao/common/apiGetPremium.html
2017-03-21 14:30:56  [ pool-1-thread-26:3131 ] - [ INFO ]  httpReponse:{"ret":-101,"msg":"参数错误","data":[]}
2017-03-21 14:30:56  [ pool-1-thread-26:3131 ] - [ INFO ]  bizcontent: {"ret":-101,"msg":"参数错误","data":[]}
2017-03-21 14:30:56  [ pool-1-thread-26:3132 ] - [ INFO ]  ---------当前用例执行完毕，用例编号:case016---------
2017-03-21 14:30:56  [ pool-1-thread-26:3132 ] - [ INFO ]  ---------当前用例执行开始，用例编号:case017,接口类型: HTTP
2017-03-21 14:30:56  [ pool-1-thread-26:3133 ] - [ INFO ]  
表达式引擎解析前的参数: 
X-Requested-With=XMLHttpRequest|assortmentId=51252513&premium_params[AMOUNT][key]=AMOUNT&premium_params[AMOUNT][value]=1000000&premium_params[AMOUNT][type]=2&premium_params[AMOUNT][belong]=4&premium_params[EXPIRES][key]=EXPIRES&premium_params[EXPIRES][value]=1年&premium_params[EXPIRES][type]=3&premium_params[EXPIRES][belong]=3&premium_params[INSURANCE][key]=INSURANCE&premium_params[INSURANCE][type]=3&premium_params[INSURANCE][belong]=2&premium_params[BIRTHDAY][key]=BIRTHDAY&premium_params[BIRTHDAY][type]=3&premium_params[BIRTHDAY][belong]=2&premium_params[INSURANCE][value]=$GetExcelData("hasSheBao")&premium_params[BIRTHDAY][value]=$GetExcelData("BIRTHDAY")
2017-03-21 14:30:56  [ pool-1-thread-26:3133 ] - [ INFO ]  表达式: [GetExcelData("hasSheBao")]开始解析...
2017-03-21 14:30:56  [ pool-1-thread-26:3133 ] - [ INFO ]  表达式: [GetExcelData("BIRTHDAY")]开始解析...
2017-03-21 14:30:56  [ pool-1-thread-26:3134 ] - [ INFO ]  表达式: [RDate("YYYY-MM-dd","-50/0/1")]开始解析...
2017-03-21 14:30:56  [ pool-1-thread-26:3136 ] - [ INFO ]  
表达式引擎解析后的参数: 
X-Requested-With=XMLHttpRequest|assortmentId=51252513&premium_params[AMOUNT][key]=AMOUNT&premium_params[AMOUNT][value]=1000000&premium_params[AMOUNT][type]=2&premium_params[AMOUNT][belong]=4&premium_params[EXPIRES][key]=EXPIRES&premium_params[EXPIRES][value]=1年&premium_params[EXPIRES][type]=3&premium_params[EXPIRES][belong]=3&premium_params[INSURANCE][key]=INSURANCE&premium_params[INSURANCE][type]=3&premium_params[INSURANCE][belong]=2&premium_params[BIRTHDAY][key]=BIRTHDAY&premium_params[BIRTHDAY][type]=3&premium_params[BIRTHDAY][belong]=2&premium_params[INSURANCE][value]=Y&premium_params[BIRTHDAY][value]=1967-03-22
2017-03-21 14:30:56  [ pool-1-thread-26:3136 ] - [ INFO ]  接口访问地址: http://mp.zhongan.com/health/iYunBao/common/apiGetPremium.html
2017-03-21 14:30:56  [ pool-1-thread-26:3233 ] - [ INFO ]  httpReponse:{"ret":-101,"msg":"参数错误","data":[]}
2017-03-21 14:30:56  [ pool-1-thread-26:3233 ] - [ INFO ]  bizcontent: {"ret":-101,"msg":"参数错误","data":[]}
2017-03-21 14:30:56  [ pool-1-thread-26:3234 ] - [ INFO ]  ---------当前用例执行完毕，用例编号:case017---------
2017-03-21 14:30:56  [ pool-1-thread-26:3235 ] - [ INFO ]  ---------当前用例执行开始，用例编号:case018,接口类型: HTTP
2017-03-21 14:30:56  [ pool-1-thread-26:3235 ] - [ INFO ]  
表达式引擎解析前的参数: 
X-Requested-With=XMLHttpRequest|assortmentId=51252513&premium_params[AMOUNT][key]=AMOUNT&premium_params[AMOUNT][value]=1000000&premium_params[AMOUNT][type]=2&premium_params[AMOUNT][belong]=4&premium_params[EXPIRES][key]=EXPIRES&premium_params[EXPIRES][value]=1年&premium_params[EXPIRES][type]=3&premium_params[EXPIRES][belong]=3&premium_params[INSURANCE][key]=INSURANCE&premium_params[INSURANCE][type]=3&premium_params[INSURANCE][belong]=2&premium_params[BIRTHDAY][key]=BIRTHDAY&premium_params[BIRTHDAY][type]=3&premium_params[BIRTHDAY][belong]=2&premium_params[INSURANCE][value]=$GetExcelData("hasSheBao")&premium_params[BIRTHDAY][value]=$GetExcelData("BIRTHDAY")
2017-03-21 14:30:56  [ pool-1-thread-26:3235 ] - [ INFO ]  表达式: [GetExcelData("hasSheBao")]开始解析...
2017-03-21 14:30:56  [ pool-1-thread-26:3235 ] - [ INFO ]  表达式: [GetExcelData("BIRTHDAY")]开始解析...
2017-03-21 14:30:56  [ pool-1-thread-26:3236 ] - [ INFO ]  表达式: [RDate("YYYY-MM-dd","-50/0/1")]开始解析...
2017-03-21 14:30:56  [ pool-1-thread-26:3237 ] - [ INFO ]  
表达式引擎解析后的参数: 
X-Requested-With=XMLHttpRequest|assortmentId=51252513&premium_params[AMOUNT][key]=AMOUNT&premium_params[AMOUNT][value]=1000000&premium_params[AMOUNT][type]=2&premium_params[AMOUNT][belong]=4&premium_params[EXPIRES][key]=EXPIRES&premium_params[EXPIRES][value]=1年&premium_params[EXPIRES][type]=3&premium_params[EXPIRES][belong]=3&premium_params[INSURANCE][key]=INSURANCE&premium_params[INSURANCE][type]=3&premium_params[INSURANCE][belong]=2&premium_params[BIRTHDAY][key]=BIRTHDAY&premium_params[BIRTHDAY][type]=3&premium_params[BIRTHDAY][belong]=2&premium_params[INSURANCE][value]=N&premium_params[BIRTHDAY][value]=1967-03-22
2017-03-21 14:30:56  [ pool-1-thread-26:3238 ] - [ INFO ]  接口访问地址: http://mp.zhongan.com/health/iYunBao/common/apiGetPremium.html
2017-03-21 14:30:56  [ pool-1-thread-26:3365 ] - [ INFO ]  httpReponse:{"ret":-101,"msg":"参数错误","data":[]}
2017-03-21 14:30:56  [ pool-1-thread-26:3365 ] - [ INFO ]  bizcontent: {"ret":-101,"msg":"参数错误","data":[]}
2017-03-21 14:30:56  [ pool-1-thread-26:3366 ] - [ INFO ]  ---------当前用例执行完毕，用例编号:case018---------
2017-03-21 14:30:56  [ pool-1-thread-26:3366 ] - [ INFO ]  ---------当前用例执行开始，用例编号:case019,接口类型: HTTP
2017-03-21 14:30:56  [ pool-1-thread-26:3366 ] - [ INFO ]  
表达式引擎解析前的参数: 
X-Requested-With=XMLHttpRequest|assortmentId=51252513&premium_params[AMOUNT][key]=AMOUNT&premium_params[AMOUNT][value]=1000000&premium_params[AMOUNT][type]=2&premium_params[AMOUNT][belong]=4&premium_params[EXPIRES][key]=EXPIRES&premium_params[EXPIRES][value]=1年&premium_params[EXPIRES][type]=3&premium_params[EXPIRES][belong]=3&premium_params[INSURANCE][key]=INSURANCE&premium_params[INSURANCE][type]=3&premium_params[INSURANCE][belong]=2&premium_params[BIRTHDAY][key]=BIRTHDAY&premium_params[BIRTHDAY][type]=3&premium_params[BIRTHDAY][belong]=2&premium_params[INSURANCE][value]=$GetExcelData("hasSheBao")&premium_params[BIRTHDAY][value]=$GetExcelData("BIRTHDAY")
2017-03-21 14:30:56  [ pool-1-thread-26:3367 ] - [ INFO ]  表达式: [GetExcelData("hasSheBao")]开始解析...
2017-03-21 14:30:56  [ pool-1-thread-26:3367 ] - [ INFO ]  表达式: [GetExcelData("BIRTHDAY")]开始解析...
2017-03-21 14:30:56  [ pool-1-thread-26:3368 ] - [ INFO ]  表达式: [RDate("YYYY-MM-dd","-46/0/-1")]开始解析...
2017-03-21 14:30:56  [ pool-1-thread-26:3370 ] - [ INFO ]  
表达式引擎解析后的参数: 
X-Requested-With=XMLHttpRequest|assortmentId=51252513&premium_params[AMOUNT][key]=AMOUNT&premium_params[AMOUNT][value]=1000000&premium_params[AMOUNT][type]=2&premium_params[AMOUNT][belong]=4&premium_params[EXPIRES][key]=EXPIRES&premium_params[EXPIRES][value]=1年&premium_params[EXPIRES][type]=3&premium_params[EXPIRES][belong]=3&premium_params[INSURANCE][key]=INSURANCE&premium_params[INSURANCE][type]=3&premium_params[INSURANCE][belong]=2&premium_params[BIRTHDAY][key]=BIRTHDAY&premium_params[BIRTHDAY][type]=3&premium_params[BIRTHDAY][belong]=2&premium_params[INSURANCE][value]=Y&premium_params[BIRTHDAY][value]=1971-03-20
2017-03-21 14:30:56  [ pool-1-thread-26:3370 ] - [ INFO ]  接口访问地址: http://mp.zhongan.com/health/iYunBao/common/apiGetPremium.html
2017-03-21 14:30:56  [ pool-1-thread-26:3489 ] - [ INFO ]  httpReponse:{"ret":-101,"msg":"参数错误","data":[]}
2017-03-21 14:30:56  [ pool-1-thread-26:3490 ] - [ INFO ]  bizcontent: {"ret":-101,"msg":"参数错误","data":[]}
2017-03-21 14:30:56  [ pool-1-thread-26:3490 ] - [ INFO ]  ---------当前用例执行完毕，用例编号:case019---------
2017-03-21 14:30:56  [ pool-1-thread-26:3491 ] - [ INFO ]  ---------当前用例执行开始，用例编号:case020,接口类型: HTTP
2017-03-21 14:30:56  [ pool-1-thread-26:3491 ] - [ INFO ]  
表达式引擎解析前的参数: 
X-Requested-With=XMLHttpRequest|assortmentId=51252513&premium_params[AMOUNT][key]=AMOUNT&premium_params[AMOUNT][value]=1000000&premium_params[AMOUNT][type]=2&premium_params[AMOUNT][belong]=4&premium_params[EXPIRES][key]=EXPIRES&premium_params[EXPIRES][value]=1年&premium_params[EXPIRES][type]=3&premium_params[EXPIRES][belong]=3&premium_params[INSURANCE][key]=INSURANCE&premium_params[INSURANCE][type]=3&premium_params[INSURANCE][belong]=2&premium_params[BIRTHDAY][key]=BIRTHDAY&premium_params[BIRTHDAY][type]=3&premium_params[BIRTHDAY][belong]=2&premium_params[INSURANCE][value]=$GetExcelData("hasSheBao")&premium_params[BIRTHDAY][value]=$GetExcelData("BIRTHDAY")
2017-03-21 14:30:56  [ pool-1-thread-26:3491 ] - [ INFO ]  表达式: [GetExcelData("hasSheBao")]开始解析...
2017-03-21 14:30:56  [ pool-1-thread-26:3491 ] - [ INFO ]  表达式: [GetExcelData("BIRTHDAY")]开始解析...
2017-03-21 14:30:56  [ pool-1-thread-26:3492 ] - [ INFO ]  表达式: [RDate("YYYY-MM-dd","-46/0/-1")]开始解析...
2017-03-21 14:30:56  [ pool-1-thread-26:3493 ] - [ INFO ]  
表达式引擎解析后的参数: 
X-Requested-With=XMLHttpRequest|assortmentId=51252513&premium_params[AMOUNT][key]=AMOUNT&premium_params[AMOUNT][value]=1000000&premium_params[AMOUNT][type]=2&premium_params[AMOUNT][belong]=4&premium_params[EXPIRES][key]=EXPIRES&premium_params[EXPIRES][value]=1年&premium_params[EXPIRES][type]=3&premium_params[EXPIRES][belong]=3&premium_params[INSURANCE][key]=INSURANCE&premium_params[INSURANCE][type]=3&premium_params[INSURANCE][belong]=2&premium_params[BIRTHDAY][key]=BIRTHDAY&premium_params[BIRTHDAY][type]=3&premium_params[BIRTHDAY][belong]=2&premium_params[INSURANCE][value]=N&premium_params[BIRTHDAY][value]=1971-03-20
2017-03-21 14:30:56  [ pool-1-thread-26:3494 ] - [ INFO ]  接口访问地址: http://mp.zhongan.com/health/iYunBao/common/apiGetPremium.html
2017-03-21 14:30:56  [ pool-1-thread-26:3578 ] - [ INFO ]  httpReponse:{"ret":-101,"msg":"参数错误","data":[]}
2017-03-21 14:30:56  [ pool-1-thread-26:3578 ] - [ INFO ]  bizcontent: {"ret":-101,"msg":"参数错误","data":[]}
2017-03-21 14:30:56  [ pool-1-thread-26:3579 ] - [ INFO ]  ---------当前用例执行完毕，用例编号:case020---------
2017-03-21 14:30:56  [ pool-1-thread-26:3579 ] - [ INFO ]  ---------当前用例执行开始，用例编号:case021,接口类型: HTTP
2017-03-21 14:30:56  [ pool-1-thread-26:3580 ] - [ INFO ]  
表达式引擎解析前的参数: 
X-Requested-With=XMLHttpRequest|assortmentId=51252513&premium_params[AMOUNT][key]=AMOUNT&premium_params[AMOUNT][value]=1000000&premium_params[AMOUNT][type]=2&premium_params[AMOUNT][belong]=4&premium_params[EXPIRES][key]=EXPIRES&premium_params[EXPIRES][value]=1年&premium_params[EXPIRES][type]=3&premium_params[EXPIRES][belong]=3&premium_params[INSURANCE][key]=INSURANCE&premium_params[INSURANCE][type]=3&premium_params[INSURANCE][belong]=2&premium_params[BIRTHDAY][key]=BIRTHDAY&premium_params[BIRTHDAY][type]=3&premium_params[BIRTHDAY][belong]=2&premium_params[INSURANCE][value]=$GetExcelData("hasSheBao")&premium_params[BIRTHDAY][value]=$GetExcelData("BIRTHDAY")
2017-03-21 14:30:56  [ pool-1-thread-26:3580 ] - [ INFO ]  表达式: [GetExcelData("hasSheBao")]开始解析...
2017-03-21 14:30:56  [ pool-1-thread-26:3580 ] - [ INFO ]  表达式: [GetExcelData("BIRTHDAY")]开始解析...
2017-03-21 14:30:56  [ pool-1-thread-26:3581 ] - [ INFO ]  表达式: [RDate("YYYY-MM-dd","-46/0/0")]开始解析...
2017-03-21 14:30:56  [ pool-1-thread-26:3582 ] - [ INFO ]  
表达式引擎解析后的参数: 
X-Requested-With=XMLHttpRequest|assortmentId=51252513&premium_params[AMOUNT][key]=AMOUNT&premium_params[AMOUNT][value]=1000000&premium_params[AMOUNT][type]=2&premium_params[AMOUNT][belong]=4&premium_params[EXPIRES][key]=EXPIRES&premium_params[EXPIRES][value]=1年&premium_params[EXPIRES][type]=3&premium_params[EXPIRES][belong]=3&premium_params[INSURANCE][key]=INSURANCE&premium_params[INSURANCE][type]=3&premium_params[INSURANCE][belong]=2&premium_params[BIRTHDAY][key]=BIRTHDAY&premium_params[BIRTHDAY][type]=3&premium_params[BIRTHDAY][belong]=2&premium_params[INSURANCE][value]=Y&premium_params[BIRTHDAY][value]=1971-03-21
2017-03-21 14:30:56  [ pool-1-thread-26:3582 ] - [ INFO ]  接口访问地址: http://mp.zhongan.com/health/iYunBao/common/apiGetPremium.html
2017-03-21 14:30:56  [ pool-1-thread-26:3672 ] - [ INFO ]  httpReponse:{"ret":-101,"msg":"参数错误","data":[]}
2017-03-21 14:30:56  [ pool-1-thread-26:3673 ] - [ INFO ]  bizcontent: {"ret":-101,"msg":"参数错误","data":[]}
2017-03-21 14:30:56  [ pool-1-thread-26:3682 ] - [ INFO ]  ---------当前用例执行完毕，用例编号:case021---------
2017-03-21 14:30:56  [ pool-1-thread-26:3683 ] - [ INFO ]  ---------当前用例执行开始，用例编号:case022,接口类型: HTTP
2017-03-21 14:30:56  [ pool-1-thread-26:3683 ] - [ INFO ]  
表达式引擎解析前的参数: 
X-Requested-With=XMLHttpRequest|assortmentId=51252513&premium_params[AMOUNT][key]=AMOUNT&premium_params[AMOUNT][value]=1000000&premium_params[AMOUNT][type]=2&premium_params[AMOUNT][belong]=4&premium_params[EXPIRES][key]=EXPIRES&premium_params[EXPIRES][value]=1年&premium_params[EXPIRES][type]=3&premium_params[EXPIRES][belong]=3&premium_params[INSURANCE][key]=INSURANCE&premium_params[INSURANCE][type]=3&premium_params[INSURANCE][belong]=2&premium_params[BIRTHDAY][key]=BIRTHDAY&premium_params[BIRTHDAY][type]=3&premium_params[BIRTHDAY][belong]=2&premium_params[INSURANCE][value]=$GetExcelData("hasSheBao")&premium_params[BIRTHDAY][value]=$GetExcelData("BIRTHDAY")
2017-03-21 14:30:56  [ pool-1-thread-26:3683 ] - [ INFO ]  表达式: [GetExcelData("hasSheBao")]开始解析...
2017-03-21 14:30:56  [ pool-1-thread-26:3683 ] - [ INFO ]  表达式: [GetExcelData("BIRTHDAY")]开始解析...
2017-03-21 14:30:56  [ pool-1-thread-26:3684 ] - [ INFO ]  表达式: [RDate("YYYY-MM-dd","-46/0/0")]开始解析...
2017-03-21 14:30:56  [ pool-1-thread-26:3685 ] - [ INFO ]  
表达式引擎解析后的参数: 
X-Requested-With=XMLHttpRequest|assortmentId=51252513&premium_params[AMOUNT][key]=AMOUNT&premium_params[AMOUNT][value]=1000000&premium_params[AMOUNT][type]=2&premium_params[AMOUNT][belong]=4&premium_params[EXPIRES][key]=EXPIRES&premium_params[EXPIRES][value]=1年&premium_params[EXPIRES][type]=3&premium_params[EXPIRES][belong]=3&premium_params[INSURANCE][key]=INSURANCE&premium_params[INSURANCE][type]=3&premium_params[INSURANCE][belong]=2&premium_params[BIRTHDAY][key]=BIRTHDAY&premium_params[BIRTHDAY][type]=3&premium_params[BIRTHDAY][belong]=2&premium_params[INSURANCE][value]=N&premium_params[BIRTHDAY][value]=1971-03-21
2017-03-21 14:30:56  [ pool-1-thread-26:3687 ] - [ INFO ]  接口访问地址: http://mp.zhongan.com/health/iYunBao/common/apiGetPremium.html
2017-03-21 14:30:56  [ pool-1-thread-26:3778 ] - [ INFO ]  httpReponse:{"ret":-101,"msg":"参数错误","data":[]}
2017-03-21 14:30:56  [ pool-1-thread-26:3779 ] - [ INFO ]  bizcontent: {"ret":-101,"msg":"参数错误","data":[]}
2017-03-21 14:30:56  [ pool-1-thread-26:3779 ] - [ INFO ]  ---------当前用例执行完毕，用例编号:case022---------
2017-03-21 14:30:56  [ pool-1-thread-26:3779 ] - [ INFO ]  ---------当前用例执行开始，用例编号:case023,接口类型: HTTP
2017-03-21 14:30:56  [ pool-1-thread-26:3779 ] - [ INFO ]  
表达式引擎解析前的参数: 
X-Requested-With=XMLHttpRequest|assortmentId=51252513&premium_params[AMOUNT][key]=AMOUNT&premium_params[AMOUNT][value]=1000000&premium_params[AMOUNT][type]=2&premium_params[AMOUNT][belong]=4&premium_params[EXPIRES][key]=EXPIRES&premium_params[EXPIRES][value]=1年&premium_params[EXPIRES][type]=3&premium_params[EXPIRES][belong]=3&premium_params[INSURANCE][key]=INSURANCE&premium_params[INSURANCE][type]=3&premium_params[INSURANCE][belong]=2&premium_params[BIRTHDAY][key]=BIRTHDAY&premium_params[BIRTHDAY][type]=3&premium_params[BIRTHDAY][belong]=2&premium_params[INSURANCE][value]=$GetExcelData("hasSheBao")&premium_params[BIRTHDAY][value]=$GetExcelData("BIRTHDAY")
2017-03-21 14:30:56  [ pool-1-thread-26:3780 ] - [ INFO ]  表达式: [GetExcelData("hasSheBao")]开始解析...
2017-03-21 14:30:56  [ pool-1-thread-26:3780 ] - [ INFO ]  表达式: [GetExcelData("BIRTHDAY")]开始解析...
2017-03-21 14:30:56  [ pool-1-thread-26:3781 ] - [ INFO ]  表达式: [RDate("YYYY-MM-dd","-46/0/1")]开始解析...
2017-03-21 14:30:56  [ pool-1-thread-26:3782 ] - [ INFO ]  
表达式引擎解析后的参数: 
X-Requested-With=XMLHttpRequest|assortmentId=51252513&premium_params[AMOUNT][key]=AMOUNT&premium_params[AMOUNT][value]=1000000&premium_params[AMOUNT][type]=2&premium_params[AMOUNT][belong]=4&premium_params[EXPIRES][key]=EXPIRES&premium_params[EXPIRES][value]=1年&premium_params[EXPIRES][type]=3&premium_params[EXPIRES][belong]=3&premium_params[INSURANCE][key]=INSURANCE&premium_params[INSURANCE][type]=3&premium_params[INSURANCE][belong]=2&premium_params[BIRTHDAY][key]=BIRTHDAY&premium_params[BIRTHDAY][type]=3&premium_params[BIRTHDAY][belong]=2&premium_params[INSURANCE][value]=Y&premium_params[BIRTHDAY][value]=1971-03-22
2017-03-21 14:30:56  [ pool-1-thread-26:3783 ] - [ INFO ]  接口访问地址: http://mp.zhongan.com/health/iYunBao/common/apiGetPremium.html
2017-03-21 14:30:57  [ pool-1-thread-26:3876 ] - [ INFO ]  httpReponse:{"ret":-101,"msg":"参数错误","data":[]}
2017-03-21 14:30:57  [ pool-1-thread-26:3876 ] - [ INFO ]  bizcontent: {"ret":-101,"msg":"参数错误","data":[]}
2017-03-21 14:30:57  [ pool-1-thread-26:3877 ] - [ INFO ]  ---------当前用例执行完毕，用例编号:case023---------
2017-03-21 14:30:57  [ pool-1-thread-26:3877 ] - [ INFO ]  ---------当前用例执行开始，用例编号:case024,接口类型: HTTP
2017-03-21 14:30:57  [ pool-1-thread-26:3877 ] - [ INFO ]  
表达式引擎解析前的参数: 
X-Requested-With=XMLHttpRequest|assortmentId=51252513&premium_params[AMOUNT][key]=AMOUNT&premium_params[AMOUNT][value]=1000000&premium_params[AMOUNT][type]=2&premium_params[AMOUNT][belong]=4&premium_params[EXPIRES][key]=EXPIRES&premium_params[EXPIRES][value]=1年&premium_params[EXPIRES][type]=3&premium_params[EXPIRES][belong]=3&premium_params[INSURANCE][key]=INSURANCE&premium_params[INSURANCE][type]=3&premium_params[INSURANCE][belong]=2&premium_params[BIRTHDAY][key]=BIRTHDAY&premium_params[BIRTHDAY][type]=3&premium_params[BIRTHDAY][belong]=2&premium_params[INSURANCE][value]=$GetExcelData("hasSheBao")&premium_params[BIRTHDAY][value]=$GetExcelData("BIRTHDAY")
2017-03-21 14:30:57  [ pool-1-thread-26:3877 ] - [ INFO ]  表达式: [GetExcelData("hasSheBao")]开始解析...
2017-03-21 14:30:57  [ pool-1-thread-26:3878 ] - [ INFO ]  表达式: [GetExcelData("BIRTHDAY")]开始解析...
2017-03-21 14:30:57  [ pool-1-thread-26:3878 ] - [ INFO ]  表达式: [RDate("YYYY-MM-dd","-46/0/1")]开始解析...
2017-03-21 14:30:57  [ pool-1-thread-26:3880 ] - [ INFO ]  
表达式引擎解析后的参数: 
X-Requested-With=XMLHttpRequest|assortmentId=51252513&premium_params[AMOUNT][key]=AMOUNT&premium_params[AMOUNT][value]=1000000&premium_params[AMOUNT][type]=2&premium_params[AMOUNT][belong]=4&premium_params[EXPIRES][key]=EXPIRES&premium_params[EXPIRES][value]=1年&premium_params[EXPIRES][type]=3&premium_params[EXPIRES][belong]=3&premium_params[INSURANCE][key]=INSURANCE&premium_params[INSURANCE][type]=3&premium_params[INSURANCE][belong]=2&premium_params[BIRTHDAY][key]=BIRTHDAY&premium_params[BIRTHDAY][type]=3&premium_params[BIRTHDAY][belong]=2&premium_params[INSURANCE][value]=N&premium_params[BIRTHDAY][value]=1971-03-22
2017-03-21 14:30:57  [ pool-1-thread-26:3880 ] - [ INFO ]  接口访问地址: http://mp.zhongan.com/health/iYunBao/common/apiGetPremium.html
2017-03-21 14:30:57  [ pool-1-thread-26:3980 ] - [ INFO ]  httpReponse:{"ret":-101,"msg":"参数错误","data":[]}
2017-03-21 14:30:57  [ pool-1-thread-26:3980 ] - [ INFO ]  bizcontent: {"ret":-101,"msg":"参数错误","data":[]}
2017-03-21 14:30:57  [ pool-1-thread-26:3981 ] - [ INFO ]  ---------当前用例执行完毕，用例编号:case024---------
2017-03-21 14:30:57  [ pool-1-thread-26:3981 ] - [ INFO ]  ---------当前用例执行开始，用例编号:case025,接口类型: HTTP
