2017-03-21 11:53:15  [ main:0 ] - [ ERROR ]  [用例集开关]: D:\workspace\TestCase\测试\携程全产品.xlsx用例集开关 未包含 携程酒店取消险1
2017-03-21 11:53:15  [ main:3 ] - [ ERROR ]  [用例集开关]: D:\workspace\TestCase\测试\携程全产品.xlsx用例集开关 未包含 携程apply.do4
2017-03-21 11:53:15  [ main:5 ] - [ ERROR ]  [用例集开关]: D:\workspace\TestCase\测试\携程全产品.xlsx用例集开关 未包含 携程apply.do5
2017-03-21 11:53:15  [ main:7 ] - [ ERROR ]  [用例集开关]: D:\workspace\TestCase\测试\携程全产品.xlsx用例集开关 未包含 携程酒店取消险2
2017-03-21 11:53:15  [ main:10 ] - [ ERROR ]  [用例集开关]: D:\workspace\TestCase\测试\携程全产品.xlsx用例集开关 未包含 携程酒店取消险3
2017-03-21 11:53:15  [ main:11 ] - [ ERROR ]  [用例集开关]: D:\workspace\TestCase\测试\携程全产品.xlsx用例集开关 未包含 携程apply.do6
2017-03-21 11:53:15  [ main:15 ] - [ ERROR ]  [用例集开关]: D:\workspace\TestCase\测试\携程全产品.xlsx用例集开关 未包含 携程酒店取消险4
2017-03-21 11:53:15  [ main:17 ] - [ ERROR ]  [用例集开关]: D:\workspace\TestCase\测试\携程全产品.xlsx用例集开关 未包含 携程酒店取消险5
2017-03-21 11:53:15  [ main:18 ] - [ ERROR ]  [用例集开关]: D:\workspace\TestCase\测试\携程全产品.xlsx用例集开关 未包含 携程航空意外险5
2017-03-21 11:53:15  [ main:19 ] - [ ERROR ]  [用例集开关]: D:\workspace\TestCase\测试\携程全产品.xlsx用例集开关 未包含 携程航延险
2017-03-21 11:53:15  [ main:20 ] - [ ERROR ]  [用例集开关]: D:\workspace\TestCase\测试\携程全产品.xlsx用例集开关 未包含 携程航空意外险1
2017-03-21 11:53:15  [ main:21 ] - [ ERROR ]  [用例集开关]: D:\workspace\TestCase\测试\携程全产品.xlsx用例集开关 未包含 携程航空意外险2
2017-03-21 11:53:15  [ main:22 ] - [ ERROR ]  [用例集开关]: D:\workspace\TestCase\测试\携程全产品.xlsx用例集开关 未包含 携程账户安全险
2017-03-21 11:53:15  [ main:24 ] - [ ERROR ]  [用例集开关]: D:\workspace\TestCase\测试\携程全产品.xlsx用例集开关 未包含 携程航空意外险3
2017-03-21 11:53:15  [ main:24 ] - [ ERROR ]  [用例集开关]: D:\workspace\TestCase\测试\携程全产品.xlsx用例集开关 未包含 携程航空意外险4
2017-03-21 11:53:15  [ main:27 ] - [ ERROR ]  [用例集开关]: D:\workspace\TestCase\测试\携程全产品.xlsx用例集开关 未包含 携程旅游险5
2017-03-21 11:53:15  [ main:29 ] - [ ERROR ]  [用例集开关]: D:\workspace\TestCase\测试\携程全产品.xlsx用例集开关 未包含 携程迪斯尼1
2017-03-21 11:53:15  [ main:30 ] - [ ERROR ]  [用例集开关]: D:\workspace\TestCase\测试\携程全产品.xlsx用例集开关 未包含 携程旅游险1
2017-03-21 11:53:15  [ main:40 ] - [ ERROR ]  [用例集开关]: D:\workspace\TestCase\测试\携程全产品.xlsx用例集开关 未包含 携程铁路意外综合保险
2017-03-21 11:53:15  [ main:45 ] - [ ERROR ]  [用例集开关]: D:\workspace\TestCase\测试\携程全产品.xlsx用例集开关 未包含 携程旅游险2
2017-03-21 11:53:15  [ main:46 ] - [ ERROR ]  [用例集开关]: D:\workspace\TestCase\测试\携程全产品.xlsx用例集开关 未包含 携程apply.do1
2017-03-21 11:53:15  [ main:47 ] - [ ERROR ]  [用例集开关]: D:\workspace\TestCase\测试\携程全产品.xlsx用例集开关 未包含 携程旅游险3
2017-03-21 11:53:15  [ main:69 ] - [ ERROR ]  [用例集开关]: D:\workspace\TestCase\测试\携程全产品.xlsx用例集开关 未包含 携程apply.do2
2017-03-21 11:53:15  [ main:71 ] - [ ERROR ]  [用例集开关]: D:\workspace\TestCase\测试\携程全产品.xlsx用例集开关 未包含 携程旅游险4
2017-03-21 11:53:15  [ main:75 ] - [ ERROR ]  [用例集开关]: D:\workspace\TestCase\测试\携程全产品.xlsx用例集开关 未包含 携程apply.do3
2017-03-21 11:53:15  [ main:77 ] - [ ERROR ]  [用例集开关]: D:\workspace\TestCase\测试\携程全产品.xlsx用例集开关 未包含 携程机票旅行险
2017-03-21 11:53:15  [ pool-1-thread-18:98 ] - [ ERROR ]  [用例集开关]: D:\workspace\TestCase\测试\携程全产品.xlsx用例集开关 未包含 携程旅游险1
2017-03-21 11:53:15  [ pool-1-thread-3:105 ] - [ ERROR ]  [用例集开关]: D:\workspace\TestCase\测试\携程全产品.xlsx用例集开关 未包含 携程apply.do5
2017-03-21 11:53:15  [ pool-1-thread-2:110 ] - [ ERROR ]  [用例集开关]: D:\workspace\TestCase\测试\携程全产品.xlsx用例集开关 未包含 携程apply.do4
2017-03-21 11:53:15  [ pool-1-thread-8:112 ] - [ ERROR ]  [用例集开关]: D:\workspace\TestCase\测试\携程全产品.xlsx用例集开关 未包含 携程酒店取消险5
2017-03-21 11:53:15  [ pool-1-thread-12:112 ] - [ ERROR ]  [用例集开关]: D:\workspace\TestCase\测试\携程全产品.xlsx用例集开关 未包含 携程航空意外险2
2017-03-21 11:53:15  [ pool-1-thread-4:113 ] - [ ERROR ]  [用例集开关]: D:\workspace\TestCase\测试\携程全产品.xlsx用例集开关 未包含 携程酒店取消险2
2017-03-21 11:53:15  [ pool-1-thread-1:112 ] - [ ERROR ]  [用例集开关]: D:\workspace\TestCase\测试\携程全产品.xlsx用例集开关 未包含 携程酒店取消险1
2017-03-21 11:53:15  [ pool-1-thread-9:114 ] - [ ERROR ]  [用例集开关]: D:\workspace\TestCase\测试\携程全产品.xlsx用例集开关 未包含 携程航空意外险5
2017-03-21 11:53:15  [ pool-1-thread-25:113 ] - [ ERROR ]  [用例集开关]: D:\workspace\TestCase\测试\携程全产品.xlsx用例集开关 未包含 携程apply.do3
2017-03-21 11:53:15  [ pool-1-thread-5:115 ] - [ ERROR ]  [用例集开关]: D:\workspace\TestCase\测试\携程全产品.xlsx用例集开关 未包含 携程酒店取消险3
2017-03-21 11:53:15  [ pool-1-thread-21:111 ] - [ ERROR ]  [用例集开关]: D:\workspace\TestCase\测试\携程全产品.xlsx用例集开关 未包含 携程apply.do1
2017-03-21 11:53:15  [ pool-1-thread-13:111 ] - [ ERROR ]  [用例集开关]: D:\workspace\TestCase\测试\携程全产品.xlsx用例集开关 未包含 携程账户安全险
2017-03-21 11:53:15  [ pool-1-thread-18:122 ] - [ ERROR ]  [用例集开关]: D:\workspace\TestCase\测试\携程全产品.xlsx用例集开关 未包含 携程旅游险1
2017-03-21 11:53:15  [ pool-1-thread-8:122 ] - [ ERROR ]  [用例集开关]: D:\workspace\TestCase\测试\携程全产品.xlsx用例集开关 未包含 携程酒店取消险5
2017-03-21 11:53:15  [ pool-1-thread-4:123 ] - [ ERROR ]  [用例集开关]: D:\workspace\TestCase\测试\携程全产品.xlsx用例集开关 未包含 携程酒店取消险2
2017-03-21 11:53:15  [ pool-1-thread-12:123 ] - [ ERROR ]  [用例集开关]: D:\workspace\TestCase\测试\携程全产品.xlsx用例集开关 未包含 携程航空意外险2
2017-03-21 11:53:15  [ pool-1-thread-2:125 ] - [ ERROR ]  [用例集开关]: D:\workspace\TestCase\测试\携程全产品.xlsx用例集开关 未包含 携程apply.do4
2017-03-21 11:53:15  [ pool-1-thread-11:120 ] - [ ERROR ]  [用例集开关]: D:\workspace\TestCase\测试\携程全产品.xlsx用例集开关 未包含 携程航空意外险1
2017-03-21 11:53:15  [ pool-1-thread-5:126 ] - [ ERROR ]  [用例集开关]: D:\workspace\TestCase\测试\携程全产品.xlsx用例集开关 未包含 携程酒店取消险3
2017-03-21 11:53:15  [ pool-1-thread-27:118 ] - [ ERROR ]  [用例集开关]: D:\workspace\TestCase\测试\携程全产品.xlsx用例集开关 未包含 携程机票旅行险
2017-03-21 11:53:15  [ pool-1-thread-27:126 ] - [ ERROR ]  [用例集开关]: D:\workspace\TestCase\测试\携程全产品.xlsx用例集开关 未包含 携程机票旅行险
2017-03-21 11:53:15  [ pool-1-thread-22:131 ] - [ ERROR ]  [用例集开关]: D:\workspace\TestCase\测试\携程全产品.xlsx用例集开关 未包含 携程旅游险3
2017-03-21 11:53:15  [ pool-1-thread-22:131 ] - [ ERROR ]  [用例集开关]: D:\workspace\TestCase\测试\携程全产品.xlsx用例集开关 未包含 携程旅游险3
2017-03-21 11:53:15  [ pool-1-thread-14:116 ] - [ ERROR ]  [用例集开关]: D:\workspace\TestCase\测试\携程全产品.xlsx用例集开关 未包含 携程航空意外险3
2017-03-21 11:53:15  [ pool-1-thread-14:132 ] - [ ERROR ]  [用例集开关]: D:\workspace\TestCase\测试\携程全产品.xlsx用例集开关 未包含 携程航空意外险3
2017-03-21 11:53:15  [ pool-1-thread-16:116 ] - [ ERROR ]  [用例集开关]: D:\workspace\TestCase\测试\携程全产品.xlsx用例集开关 未包含 携程旅游险5
2017-03-21 11:53:15  [ pool-1-thread-16:134 ] - [ ERROR ]  [用例集开关]: D:\workspace\TestCase\测试\携程全产品.xlsx用例集开关 未包含 携程旅游险5
2017-03-21 11:53:15  [ pool-1-thread-6:114 ] - [ ERROR ]  [用例集开关]: D:\workspace\TestCase\测试\携程全产品.xlsx用例集开关 未包含 携程apply.do6
2017-03-21 11:53:15  [ pool-1-thread-6:135 ] - [ ERROR ]  [用例集开关]: D:\workspace\TestCase\测试\携程全产品.xlsx用例集开关 未包含 携程apply.do6
2017-03-21 11:53:15  [ pool-1-thread-10:131 ] - [ ERROR ]  [用例集开关]: D:\workspace\TestCase\测试\携程全产品.xlsx用例集开关 未包含 携程航延险
2017-03-21 11:53:15  [ pool-1-thread-10:136 ] - [ ERROR ]  [用例集开关]: D:\workspace\TestCase\测试\携程全产品.xlsx用例集开关 未包含 携程航延险
2017-03-21 11:53:15  [ pool-1-thread-10:136 ] - [ ERROR ]  [用例集开关]: D:\workspace\TestCase\测试\携程全产品.xlsx用例集开关 未包含 携程航延险
2017-03-21 11:53:15  [ pool-1-thread-10:136 ] - [ ERROR ]  [用例集开关]: D:\workspace\TestCase\测试\携程全产品.xlsx用例集开关 未包含 携程航延险
2017-03-21 11:53:15  [ pool-1-thread-10:137 ] - [ ERROR ]  [用例集开关]: D:\workspace\TestCase\测试\携程全产品.xlsx用例集开关 未包含 携程航延险
2017-03-21 11:53:15  [ pool-1-thread-10:137 ] - [ ERROR ]  [用例集开关]: D:\workspace\TestCase\测试\携程全产品.xlsx用例集开关 未包含 携程航延险
2017-03-21 11:53:15  [ pool-1-thread-20:131 ] - [ ERROR ]  [用例集开关]: D:\workspace\TestCase\测试\携程全产品.xlsx用例集开关 未包含 携程旅游险2
2017-03-21 11:53:15  [ pool-1-thread-20:138 ] - [ ERROR ]  [用例集开关]: D:\workspace\TestCase\测试\携程全产品.xlsx用例集开关 未包含 携程旅游险2
2017-03-21 11:53:15  [ pool-1-thread-27:131 ] - [ ERROR ]  [用例集开关]: D:\workspace\TestCase\测试\携程全产品.xlsx用例集开关 未包含 携程机票旅行险
2017-03-21 11:53:15  [ pool-1-thread-27:139 ] - [ ERROR ]  [用例集开关]: D:\workspace\TestCase\测试\携程全产品.xlsx用例集开关 未包含 携程机票旅行险
2017-03-21 11:53:15  [ pool-1-thread-27:139 ] - [ ERROR ]  [用例集开关]: D:\workspace\TestCase\测试\携程全产品.xlsx用例集开关 未包含 携程机票旅行险
2017-03-21 11:53:15  [ pool-1-thread-27:140 ] - [ ERROR ]  [用例集开关]: D:\workspace\TestCase\测试\携程全产品.xlsx用例集开关 未包含 携程机票旅行险
2017-03-21 11:53:15  [ pool-1-thread-27:140 ] - [ ERROR ]  [用例集开关]: D:\workspace\TestCase\测试\携程全产品.xlsx用例集开关 未包含 携程机票旅行险
2017-03-21 11:53:15  [ pool-1-thread-27:140 ] - [ ERROR ]  [用例集开关]: D:\workspace\TestCase\测试\携程全产品.xlsx用例集开关 未包含 携程机票旅行险
2017-03-21 11:53:15  [ pool-1-thread-27:140 ] - [ ERROR ]  [用例集开关]: D:\workspace\TestCase\测试\携程全产品.xlsx用例集开关 未包含 携程机票旅行险
2017-03-21 11:53:15  [ pool-1-thread-27:141 ] - [ ERROR ]  [用例集开关]: D:\workspace\TestCase\测试\携程全产品.xlsx用例集开关 未包含 携程机票旅行险
2017-03-21 11:53:15  [ pool-1-thread-24:131 ] - [ ERROR ]  [用例集开关]: D:\workspace\TestCase\测试\携程全产品.xlsx用例集开关 未包含 携程旅游险4
2017-03-21 11:53:15  [ pool-1-thread-24:142 ] - [ ERROR ]  [用例集开关]: D:\workspace\TestCase\测试\携程全产品.xlsx用例集开关 未包含 携程旅游险4
2017-03-21 11:53:15  [ pool-1-thread-17:143 ] - [ ERROR ]  [用例集开关]: D:\workspace\TestCase\测试\携程全产品.xlsx用例集开关 未包含 携程迪斯尼1
2017-03-21 11:53:15  [ pool-1-thread-17:143 ] - [ ERROR ]  [用例集开关]: D:\workspace\TestCase\测试\携程全产品.xlsx用例集开关 未包含 携程迪斯尼1
2017-03-21 11:53:15  [ pool-1-thread-17:143 ] - [ ERROR ]  [用例集开关]: D:\workspace\TestCase\测试\携程全产品.xlsx用例集开关 未包含 携程迪斯尼1
2017-03-21 11:53:15  [ pool-1-thread-17:144 ] - [ ERROR ]  [用例集开关]: D:\workspace\TestCase\测试\携程全产品.xlsx用例集开关 未包含 携程迪斯尼1
2017-03-21 11:53:15  [ pool-1-thread-17:144 ] - [ ERROR ]  [用例集开关]: D:\workspace\TestCase\测试\携程全产品.xlsx用例集开关 未包含 携程迪斯尼1
2017-03-21 11:53:15  [ pool-1-thread-17:144 ] - [ ERROR ]  [用例集开关]: D:\workspace\TestCase\测试\携程全产品.xlsx用例集开关 未包含 携程迪斯尼1
2017-03-21 11:53:15  [ pool-1-thread-17:145 ] - [ ERROR ]  [用例集开关]: D:\workspace\TestCase\测试\携程全产品.xlsx用例集开关 未包含 携程迪斯尼1
2017-03-21 11:53:15  [ pool-1-thread-17:145 ] - [ ERROR ]  [用例集开关]: D:\workspace\TestCase\测试\携程全产品.xlsx用例集开关 未包含 携程迪斯尼1
2017-03-21 11:53:15  [ pool-1-thread-9:126 ] - [ ERROR ]  [用例集开关]: D:\workspace\TestCase\测试\携程全产品.xlsx用例集开关 未包含 携程航空意外险5
2017-03-21 11:53:15  [ pool-1-thread-21:152 ] - [ ERROR ]  [用例集开关]: D:\workspace\TestCase\测试\携程全产品.xlsx用例集开关 未包含 携程apply.do1
2017-03-21 11:53:15  [ pool-1-thread-11:126 ] - [ ERROR ]  [用例集开关]: D:\workspace\TestCase\测试\携程全产品.xlsx用例集开关 未包含 携程航空意外险1
2017-03-21 11:53:15  [ pool-1-thread-3:160 ] - [ ERROR ]  [用例集开关]: D:\workspace\TestCase\测试\携程全产品.xlsx用例集开关 未包含 携程apply.do5
2017-03-21 11:53:15  [ pool-1-thread-15:125 ] - [ ERROR ]  [用例集开关]: D:\workspace\TestCase\测试\携程全产品.xlsx用例集开关 未包含 携程航空意外险4
2017-03-21 11:53:15  [ pool-1-thread-15:161 ] - [ ERROR ]  [用例集开关]: D:\workspace\TestCase\测试\携程全产品.xlsx用例集开关 未包含 携程航空意外险4
2017-03-21 11:53:15  [ pool-1-thread-23:125 ] - [ ERROR ]  [用例集开关]: D:\workspace\TestCase\测试\携程全产品.xlsx用例集开关 未包含 携程apply.do2
2017-03-21 11:53:15  [ pool-1-thread-23:162 ] - [ ERROR ]  [用例集开关]: D:\workspace\TestCase\测试\携程全产品.xlsx用例集开关 未包含 携程apply.do2
2017-03-21 11:53:15  [ pool-1-thread-7:125 ] - [ ERROR ]  [用例集开关]: D:\workspace\TestCase\测试\携程全产品.xlsx用例集开关 未包含 携程酒店取消险4
2017-03-21 11:53:15  [ pool-1-thread-7:163 ] - [ ERROR ]  [用例集开关]: D:\workspace\TestCase\测试\携程全产品.xlsx用例集开关 未包含 携程酒店取消险4
2017-03-21 11:53:15  [ pool-1-thread-19:125 ] - [ ERROR ]  [用例集开关]: D:\workspace\TestCase\测试\携程全产品.xlsx用例集开关 未包含 携程铁路意外综合保险
2017-03-21 11:53:15  [ pool-1-thread-19:164 ] - [ ERROR ]  [用例集开关]: D:\workspace\TestCase\测试\携程全产品.xlsx用例集开关 未包含 携程铁路意外综合保险
2017-03-21 11:53:15  [ pool-1-thread-1:122 ] - [ ERROR ]  [用例集开关]: D:\workspace\TestCase\测试\携程全产品.xlsx用例集开关 未包含 携程酒店取消险1
2017-03-21 11:53:15  [ pool-1-thread-25:122 ] - [ ERROR ]  [用例集开关]: D:\workspace\TestCase\测试\携程全产品.xlsx用例集开关 未包含 携程apply.do3
2017-03-21 11:53:15  [ pool-1-thread-26:191 ] - [ INFO ]  ---------当前用例执行开始，用例编号:case001,接口类型: HTTP
2017-03-21 11:53:16  [ pool-1-thread-26:1251 ] - [ INFO ]  
表达式引擎解析前的参数: 
X-Requested-With=XMLHttpRequest|assortmentId=51252513&premium_params[AMOUNT][key]=AMOUNT&premium_params[AMOUNT][value]=1000000&premium_params[AMOUNT][type]=2&premium_params[AMOUNT][belong]=4&premium_params[EXPIRES][key]=EXPIRES&premium_params[EXPIRES][value]=1年&premium_params[EXPIRES][type]=3&premium_params[EXPIRES][belong]=3&premium_params[INSURANCE][key]=INSURANCE&premium_params[INSURANCE][type]=3&premium_params[INSURANCE][belong]=2&premium_params[BIRTHDAY][key]=BIRTHDAY&premium_params[BIRTHDAY][type]=3&premium_params[BIRTHDAY][belong]=2&premium_params[INSURANCE][value]=$GetExcelData("hasSheBao")&premium_params[BIRTHDAY][value]=$GetExcelData("BIRTHDAY")
2017-03-21 11:53:16  [ pool-1-thread-26:1367 ] - [ INFO ]  表达式: [GetExcelData("hasSheBao")]开始解析...
2017-03-21 11:53:16  [ pool-1-thread-26:1368 ] - [ INFO ]  表达式: [GetExcelData("BIRTHDAY")]开始解析...
2017-03-21 11:53:16  [ pool-1-thread-26:1369 ] - [ INFO ]  表达式: [RDate("YYYY-MM-dd","-82/0/0")]开始解析...
2017-03-21 11:53:16  [ pool-1-thread-26:1410 ] - [ INFO ]  
表达式引擎解析后的参数: 
X-Requested-With=XMLHttpRequest|assortmentId=51252513&premium_params[AMOUNT][key]=AMOUNT&premium_params[AMOUNT][value]=1000000&premium_params[AMOUNT][type]=2&premium_params[AMOUNT][belong]=4&premium_params[EXPIRES][key]=EXPIRES&premium_params[EXPIRES][value]=1年&premium_params[EXPIRES][type]=3&premium_params[EXPIRES][belong]=3&premium_params[INSURANCE][key]=INSURANCE&premium_params[INSURANCE][type]=3&premium_params[INSURANCE][belong]=2&premium_params[BIRTHDAY][key]=BIRTHDAY&premium_params[BIRTHDAY][type]=3&premium_params[BIRTHDAY][belong]=2&premium_params[INSURANCE][value]=Y&premium_params[BIRTHDAY][value]=1935-03-21
2017-03-21 11:53:16  [ pool-1-thread-26:1413 ] - [ INFO ]  接口访问地址: http://mp.zhongan.com/health/iYunBao/common/apiGetPremium.html
2017-03-21 11:55:16  [ pool-1-thread-26:121198 ] - [ INFO ]  httpReponse:{"ret":-101,"msg":"被保人的年龄不符合投保规则，请详阅投保须知","data":[]}
2017-03-21 11:55:38  [ pool-1-thread-26:142760 ] - [ INFO ]  bizcontent: {"ret":-101,"msg":"被保人的年龄不符合投保规则，请详阅投保须知","data":[]}
2017-03-21 11:55:38  [ pool-1-thread-26:143012 ] - [ INFO ]  ---------当前用例执行完毕，用例编号:case001---------
2017-03-21 11:55:38  [ pool-1-thread-26:143013 ] - [ INFO ]  ---------当前用例执行开始，用例编号:case002,接口类型: HTTP
2017-03-21 11:55:39  [ pool-1-thread-26:144338 ] - [ INFO ]  
表达式引擎解析前的参数: 
X-Requested-With=XMLHttpRequest|assortmentId=51252513&premium_params[AMOUNT][key]=AMOUNT&premium_params[AMOUNT][value]=1000000&premium_params[AMOUNT][type]=2&premium_params[AMOUNT][belong]=4&premium_params[EXPIRES][key]=EXPIRES&premium_params[EXPIRES][value]=1年&premium_params[EXPIRES][type]=3&premium_params[EXPIRES][belong]=3&premium_params[INSURANCE][key]=INSURANCE&premium_params[INSURANCE][type]=3&premium_params[INSURANCE][belong]=2&premium_params[BIRTHDAY][key]=BIRTHDAY&premium_params[BIRTHDAY][type]=3&premium_params[BIRTHDAY][belong]=2&premium_params[INSURANCE][value]=$GetExcelData("hasSheBao")&premium_params[BIRTHDAY][value]=$GetExcelData("BIRTHDAY")
2017-03-21 11:55:39  [ pool-1-thread-26:144339 ] - [ INFO ]  表达式: [GetExcelData("hasSheBao")]开始解析...
2017-03-21 11:55:39  [ pool-1-thread-26:144340 ] - [ INFO ]  表达式: [GetExcelData("BIRTHDAY")]开始解析...
2017-03-21 11:55:39  [ pool-1-thread-26:144341 ] - [ INFO ]  表达式: [RDate("YYYY-MM-dd","-82/0/0")]开始解析...
2017-03-21 11:55:39  [ pool-1-thread-26:144344 ] - [ INFO ]  
表达式引擎解析后的参数: 
X-Requested-With=XMLHttpRequest|assortmentId=51252513&premium_params[AMOUNT][key]=AMOUNT&premium_params[AMOUNT][value]=1000000&premium_params[AMOUNT][type]=2&premium_params[AMOUNT][belong]=4&premium_params[EXPIRES][key]=EXPIRES&premium_params[EXPIRES][value]=1年&premium_params[EXPIRES][type]=3&premium_params[EXPIRES][belong]=3&premium_params[INSURANCE][key]=INSURANCE&premium_params[INSURANCE][type]=3&premium_params[INSURANCE][belong]=2&premium_params[BIRTHDAY][key]=BIRTHDAY&premium_params[BIRTHDAY][type]=3&premium_params[BIRTHDAY][belong]=2&premium_params[INSURANCE][value]=N&premium_params[BIRTHDAY][value]=1935-03-21
2017-03-21 11:55:39  [ pool-1-thread-26:144345 ] - [ INFO ]  接口访问地址: http://mp.zhongan.com/health/iYunBao/common/apiGetPremium.html
2017-03-21 11:55:43  [ pool-1-thread-26:148238 ] - [ INFO ]  httpReponse:{"ret":-101,"msg":"被保人的年龄不符合投保规则，请详阅投保须知","data":[]}
