2017-03-21 11:48:46  [ main:0 ] - [ ERROR ]  [用例集开关]: D:\workspace\TestCase\测试\携程全产品.xlsx用例集开关 未包含 携程酒店取消险1
2017-03-21 11:48:46  [ main:2 ] - [ ERROR ]  [用例集开关]: D:\workspace\TestCase\测试\携程全产品.xlsx用例集开关 未包含 携程apply.do4
2017-03-21 11:48:46  [ main:3 ] - [ ERROR ]  [用例集开关]: D:\workspace\TestCase\测试\携程全产品.xlsx用例集开关 未包含 携程apply.do5
2017-03-21 11:48:46  [ main:5 ] - [ ERROR ]  [用例集开关]: D:\workspace\TestCase\测试\携程全产品.xlsx用例集开关 未包含 携程酒店取消险2
2017-03-21 11:48:46  [ main:7 ] - [ ERROR ]  [用例集开关]: D:\workspace\TestCase\测试\携程全产品.xlsx用例集开关 未包含 携程酒店取消险3
2017-03-21 11:48:46  [ main:8 ] - [ ERROR ]  [用例集开关]: D:\workspace\TestCase\测试\携程全产品.xlsx用例集开关 未包含 携程apply.do6
2017-03-21 11:48:46  [ main:10 ] - [ ERROR ]  [用例集开关]: D:\workspace\TestCase\测试\携程全产品.xlsx用例集开关 未包含 携程酒店取消险4
2017-03-21 11:48:46  [ main:11 ] - [ ERROR ]  [用例集开关]: D:\workspace\TestCase\测试\携程全产品.xlsx用例集开关 未包含 携程酒店取消险5
2017-03-21 11:48:46  [ main:13 ] - [ ERROR ]  [用例集开关]: D:\workspace\TestCase\测试\携程全产品.xlsx用例集开关 未包含 携程航空意外险5
2017-03-21 11:48:46  [ main:14 ] - [ ERROR ]  [用例集开关]: D:\workspace\TestCase\测试\携程全产品.xlsx用例集开关 未包含 携程航延险
2017-03-21 11:48:46  [ main:15 ] - [ ERROR ]  [用例集开关]: D:\workspace\TestCase\测试\携程全产品.xlsx用例集开关 未包含 携程航空意外险1
2017-03-21 11:48:46  [ main:16 ] - [ ERROR ]  [用例集开关]: D:\workspace\TestCase\测试\携程全产品.xlsx用例集开关 未包含 携程航空意外险2
2017-03-21 11:48:46  [ main:17 ] - [ ERROR ]  [用例集开关]: D:\workspace\TestCase\测试\携程全产品.xlsx用例集开关 未包含 携程账户安全险
2017-03-21 11:48:46  [ main:18 ] - [ ERROR ]  [用例集开关]: D:\workspace\TestCase\测试\携程全产品.xlsx用例集开关 未包含 携程航空意外险3
2017-03-21 11:48:46  [ main:19 ] - [ ERROR ]  [用例集开关]: D:\workspace\TestCase\测试\携程全产品.xlsx用例集开关 未包含 携程航空意外险4
2017-03-21 11:48:46  [ main:20 ] - [ ERROR ]  [用例集开关]: D:\workspace\TestCase\测试\携程全产品.xlsx用例集开关 未包含 携程旅游险5
2017-03-21 11:48:46  [ main:24 ] - [ ERROR ]  [用例集开关]: D:\workspace\TestCase\测试\携程全产品.xlsx用例集开关 未包含 携程迪斯尼1
2017-03-21 11:48:46  [ main:25 ] - [ ERROR ]  [用例集开关]: D:\workspace\TestCase\测试\携程全产品.xlsx用例集开关 未包含 携程旅游险1
2017-03-21 11:48:46  [ main:27 ] - [ ERROR ]  [用例集开关]: D:\workspace\TestCase\测试\携程全产品.xlsx用例集开关 未包含 携程铁路意外综合保险
2017-03-21 11:48:46  [ main:29 ] - [ ERROR ]  [用例集开关]: D:\workspace\TestCase\测试\携程全产品.xlsx用例集开关 未包含 携程旅游险2
2017-03-21 11:48:46  [ main:30 ] - [ ERROR ]  [用例集开关]: D:\workspace\TestCase\测试\携程全产品.xlsx用例集开关 未包含 携程apply.do1
2017-03-21 11:48:46  [ main:31 ] - [ ERROR ]  [用例集开关]: D:\workspace\TestCase\测试\携程全产品.xlsx用例集开关 未包含 携程旅游险3
2017-03-21 11:48:46  [ main:32 ] - [ ERROR ]  [用例集开关]: D:\workspace\TestCase\测试\携程全产品.xlsx用例集开关 未包含 携程apply.do2
2017-03-21 11:48:46  [ main:33 ] - [ ERROR ]  [用例集开关]: D:\workspace\TestCase\测试\携程全产品.xlsx用例集开关 未包含 携程旅游险4
2017-03-21 11:48:46  [ main:34 ] - [ ERROR ]  [用例集开关]: D:\workspace\TestCase\测试\携程全产品.xlsx用例集开关 未包含 携程apply.do3
2017-03-21 11:48:46  [ main:35 ] - [ ERROR ]  [用例集开关]: D:\workspace\TestCase\测试\携程全产品.xlsx用例集开关 未包含 携程机票旅行险
2017-03-21 11:48:46  [ pool-1-thread-2:98 ] - [ ERROR ]  [用例集开关]: D:\workspace\TestCase\测试\携程全产品.xlsx用例集开关 未包含 携程apply.do4
2017-03-21 11:48:46  [ pool-1-thread-9:104 ] - [ ERROR ]  [用例集开关]: D:\workspace\TestCase\测试\携程全产品.xlsx用例集开关 未包含 携程航空意外险5
2017-03-21 11:48:46  [ pool-1-thread-11:104 ] - [ ERROR ]  [用例集开关]: D:\workspace\TestCase\测试\携程全产品.xlsx用例集开关 未包含 携程航空意外险1
2017-03-21 11:48:46  [ pool-1-thread-10:104 ] - [ ERROR ]  [用例集开关]: D:\workspace\TestCase\测试\携程全产品.xlsx用例集开关 未包含 携程航延险
2017-03-21 11:48:46  [ pool-1-thread-21:98 ] - [ ERROR ]  [用例集开关]: D:\workspace\TestCase\测试\携程全产品.xlsx用例集开关 未包含 携程apply.do1
2017-03-21 11:48:46  [ pool-1-thread-13:104 ] - [ ERROR ]  [用例集开关]: D:\workspace\TestCase\测试\携程全产品.xlsx用例集开关 未包含 携程账户安全险
2017-03-21 11:48:46  [ pool-1-thread-4:103 ] - [ ERROR ]  [用例集开关]: D:\workspace\TestCase\测试\携程全产品.xlsx用例集开关 未包含 携程酒店取消险2
2017-03-21 11:48:46  [ pool-1-thread-10:114 ] - [ ERROR ]  [用例集开关]: D:\workspace\TestCase\测试\携程全产品.xlsx用例集开关 未包含 携程航延险
2017-03-21 11:48:46  [ pool-1-thread-10:114 ] - [ ERROR ]  [用例集开关]: D:\workspace\TestCase\测试\携程全产品.xlsx用例集开关 未包含 携程航延险
2017-03-21 11:48:46  [ pool-1-thread-10:114 ] - [ ERROR ]  [用例集开关]: D:\workspace\TestCase\测试\携程全产品.xlsx用例集开关 未包含 携程航延险
2017-03-21 11:48:46  [ pool-1-thread-10:115 ] - [ ERROR ]  [用例集开关]: D:\workspace\TestCase\测试\携程全产品.xlsx用例集开关 未包含 携程航延险
2017-03-21 11:48:46  [ pool-1-thread-10:115 ] - [ ERROR ]  [用例集开关]: D:\workspace\TestCase\测试\携程全产品.xlsx用例集开关 未包含 携程航延险
2017-03-21 11:48:46  [ pool-1-thread-9:117 ] - [ ERROR ]  [用例集开关]: D:\workspace\TestCase\测试\携程全产品.xlsx用例集开关 未包含 携程航空意外险5
2017-03-21 11:48:46  [ pool-1-thread-11:118 ] - [ ERROR ]  [用例集开关]: D:\workspace\TestCase\测试\携程全产品.xlsx用例集开关 未包含 携程航空意外险1
2017-03-21 11:48:46  [ pool-1-thread-2:119 ] - [ ERROR ]  [用例集开关]: D:\workspace\TestCase\测试\携程全产品.xlsx用例集开关 未包含 携程apply.do4
2017-03-21 11:48:46  [ pool-1-thread-4:119 ] - [ ERROR ]  [用例集开关]: D:\workspace\TestCase\测试\携程全产品.xlsx用例集开关 未包含 携程酒店取消险2
2017-03-21 11:48:46  [ pool-1-thread-12:103 ] - [ ERROR ]  [用例集开关]: D:\workspace\TestCase\测试\携程全产品.xlsx用例集开关 未包含 携程航空意外险2
2017-03-21 11:48:46  [ pool-1-thread-12:125 ] - [ ERROR ]  [用例集开关]: D:\workspace\TestCase\测试\携程全产品.xlsx用例集开关 未包含 携程航空意外险2
2017-03-21 11:48:46  [ pool-1-thread-15:103 ] - [ ERROR ]  [用例集开关]: D:\workspace\TestCase\测试\携程全产品.xlsx用例集开关 未包含 携程航空意外险4
2017-03-21 11:48:46  [ pool-1-thread-15:126 ] - [ ERROR ]  [用例集开关]: D:\workspace\TestCase\测试\携程全产品.xlsx用例集开关 未包含 携程航空意外险4
2017-03-21 11:48:46  [ pool-1-thread-16:102 ] - [ ERROR ]  [用例集开关]: D:\workspace\TestCase\测试\携程全产品.xlsx用例集开关 未包含 携程旅游险5
2017-03-21 11:48:46  [ pool-1-thread-16:134 ] - [ ERROR ]  [用例集开关]: D:\workspace\TestCase\测试\携程全产品.xlsx用例集开关 未包含 携程旅游险5
2017-03-21 11:48:46  [ pool-1-thread-20:102 ] - [ ERROR ]  [用例集开关]: D:\workspace\TestCase\测试\携程全产品.xlsx用例集开关 未包含 携程旅游险2
2017-03-21 11:48:46  [ pool-1-thread-20:148 ] - [ ERROR ]  [用例集开关]: D:\workspace\TestCase\测试\携程全产品.xlsx用例集开关 未包含 携程旅游险2
2017-03-21 11:48:46  [ pool-1-thread-24:102 ] - [ ERROR ]  [用例集开关]: D:\workspace\TestCase\测试\携程全产品.xlsx用例集开关 未包含 携程旅游险4
2017-03-21 11:48:46  [ pool-1-thread-19:98 ] - [ ERROR ]  [用例集开关]: D:\workspace\TestCase\测试\携程全产品.xlsx用例集开关 未包含 携程铁路意外综合保险
2017-03-21 11:48:46  [ pool-1-thread-19:150 ] - [ ERROR ]  [用例集开关]: D:\workspace\TestCase\测试\携程全产品.xlsx用例集开关 未包含 携程铁路意外综合保险
2017-03-21 11:48:46  [ pool-1-thread-1:97 ] - [ ERROR ]  [用例集开关]: D:\workspace\TestCase\测试\携程全产品.xlsx用例集开关 未包含 携程酒店取消险1
2017-03-21 11:48:46  [ pool-1-thread-1:151 ] - [ ERROR ]  [用例集开关]: D:\workspace\TestCase\测试\携程全产品.xlsx用例集开关 未包含 携程酒店取消险1
2017-03-21 11:48:46  [ pool-1-thread-22:101 ] - [ ERROR ]  [用例集开关]: D:\workspace\TestCase\测试\携程全产品.xlsx用例集开关 未包含 携程旅游险3
2017-03-21 11:48:46  [ pool-1-thread-22:152 ] - [ ERROR ]  [用例集开关]: D:\workspace\TestCase\测试\携程全产品.xlsx用例集开关 未包含 携程旅游险3
2017-03-21 11:48:46  [ pool-1-thread-18:101 ] - [ ERROR ]  [用例集开关]: D:\workspace\TestCase\测试\携程全产品.xlsx用例集开关 未包含 携程旅游险1
2017-03-21 11:48:46  [ pool-1-thread-18:152 ] - [ ERROR ]  [用例集开关]: D:\workspace\TestCase\测试\携程全产品.xlsx用例集开关 未包含 携程旅游险1
2017-03-21 11:48:46  [ pool-1-thread-6:101 ] - [ ERROR ]  [用例集开关]: D:\workspace\TestCase\测试\携程全产品.xlsx用例集开关 未包含 携程apply.do6
2017-03-21 11:48:46  [ pool-1-thread-6:153 ] - [ ERROR ]  [用例集开关]: D:\workspace\TestCase\测试\携程全产品.xlsx用例集开关 未包含 携程apply.do6
2017-03-21 11:48:46  [ pool-1-thread-14:101 ] - [ ERROR ]  [用例集开关]: D:\workspace\TestCase\测试\携程全产品.xlsx用例集开关 未包含 携程航空意外险3
2017-03-21 11:48:46  [ pool-1-thread-14:154 ] - [ ERROR ]  [用例集开关]: D:\workspace\TestCase\测试\携程全产品.xlsx用例集开关 未包含 携程航空意外险3
2017-03-21 11:48:46  [ pool-1-thread-25:100 ] - [ ERROR ]  [用例集开关]: D:\workspace\TestCase\测试\携程全产品.xlsx用例集开关 未包含 携程apply.do3
2017-03-21 11:48:46  [ pool-1-thread-23:100 ] - [ ERROR ]  [用例集开关]: D:\workspace\TestCase\测试\携程全产品.xlsx用例集开关 未包含 携程apply.do2
2017-03-21 11:48:46  [ pool-1-thread-23:157 ] - [ ERROR ]  [用例集开关]: D:\workspace\TestCase\测试\携程全产品.xlsx用例集开关 未包含 携程apply.do2
2017-03-21 11:48:46  [ pool-1-thread-27:100 ] - [ ERROR ]  [用例集开关]: D:\workspace\TestCase\测试\携程全产品.xlsx用例集开关 未包含 携程机票旅行险
2017-03-21 11:48:46  [ pool-1-thread-27:159 ] - [ ERROR ]  [用例集开关]: D:\workspace\TestCase\测试\携程全产品.xlsx用例集开关 未包含 携程机票旅行险
2017-03-21 11:48:46  [ pool-1-thread-17:100 ] - [ ERROR ]  [用例集开关]: D:\workspace\TestCase\测试\携程全产品.xlsx用例集开关 未包含 携程迪斯尼1
2017-03-21 11:48:46  [ pool-1-thread-27:159 ] - [ ERROR ]  [用例集开关]: D:\workspace\TestCase\测试\携程全产品.xlsx用例集开关 未包含 携程机票旅行险
2017-03-21 11:48:46  [ pool-1-thread-27:168 ] - [ ERROR ]  [用例集开关]: D:\workspace\TestCase\测试\携程全产品.xlsx用例集开关 未包含 携程机票旅行险
2017-03-21 11:48:46  [ pool-1-thread-27:168 ] - [ ERROR ]  [用例集开关]: D:\workspace\TestCase\测试\携程全产品.xlsx用例集开关 未包含 携程机票旅行险
2017-03-21 11:48:46  [ pool-1-thread-27:168 ] - [ ERROR ]  [用例集开关]: D:\workspace\TestCase\测试\携程全产品.xlsx用例集开关 未包含 携程机票旅行险
2017-03-21 11:48:46  [ pool-1-thread-27:169 ] - [ ERROR ]  [用例集开关]: D:\workspace\TestCase\测试\携程全产品.xlsx用例集开关 未包含 携程机票旅行险
2017-03-21 11:48:46  [ pool-1-thread-27:169 ] - [ ERROR ]  [用例集开关]: D:\workspace\TestCase\测试\携程全产品.xlsx用例集开关 未包含 携程机票旅行险
2017-03-21 11:48:46  [ pool-1-thread-27:169 ] - [ ERROR ]  [用例集开关]: D:\workspace\TestCase\测试\携程全产品.xlsx用例集开关 未包含 携程机票旅行险
2017-03-21 11:48:46  [ pool-1-thread-27:170 ] - [ ERROR ]  [用例集开关]: D:\workspace\TestCase\测试\携程全产品.xlsx用例集开关 未包含 携程机票旅行险
2017-03-21 11:48:46  [ pool-1-thread-25:157 ] - [ ERROR ]  [用例集开关]: D:\workspace\TestCase\测试\携程全产品.xlsx用例集开关 未包含 携程apply.do3
2017-03-21 11:48:46  [ pool-1-thread-24:150 ] - [ ERROR ]  [用例集开关]: D:\workspace\TestCase\测试\携程全产品.xlsx用例集开关 未包含 携程旅游险4
2017-03-21 11:48:46  [ pool-1-thread-21:120 ] - [ ERROR ]  [用例集开关]: D:\workspace\TestCase\测试\携程全产品.xlsx用例集开关 未包含 携程apply.do1
2017-03-21 11:48:46  [ pool-1-thread-3:107 ] - [ ERROR ]  [用例集开关]: D:\workspace\TestCase\测试\携程全产品.xlsx用例集开关 未包含 携程apply.do5
2017-03-21 11:48:46  [ pool-1-thread-3:175 ] - [ ERROR ]  [用例集开关]: D:\workspace\TestCase\测试\携程全产品.xlsx用例集开关 未包含 携程apply.do5
2017-03-21 11:48:46  [ pool-1-thread-5:107 ] - [ ERROR ]  [用例集开关]: D:\workspace\TestCase\测试\携程全产品.xlsx用例集开关 未包含 携程酒店取消险3
2017-03-21 11:48:46  [ pool-1-thread-5:176 ] - [ ERROR ]  [用例集开关]: D:\workspace\TestCase\测试\携程全产品.xlsx用例集开关 未包含 携程酒店取消险3
2017-03-21 11:48:46  [ pool-1-thread-7:107 ] - [ ERROR ]  [用例集开关]: D:\workspace\TestCase\测试\携程全产品.xlsx用例集开关 未包含 携程酒店取消险4
2017-03-21 11:48:46  [ pool-1-thread-7:179 ] - [ ERROR ]  [用例集开关]: D:\workspace\TestCase\测试\携程全产品.xlsx用例集开关 未包含 携程酒店取消险4
2017-03-21 11:48:46  [ pool-1-thread-8:107 ] - [ ERROR ]  [用例集开关]: D:\workspace\TestCase\测试\携程全产品.xlsx用例集开关 未包含 携程酒店取消险5
2017-03-21 11:48:46  [ pool-1-thread-8:183 ] - [ ERROR ]  [用例集开关]: D:\workspace\TestCase\测试\携程全产品.xlsx用例集开关 未包含 携程酒店取消险5
2017-03-21 11:48:46  [ pool-1-thread-17:159 ] - [ ERROR ]  [用例集开关]: D:\workspace\TestCase\测试\携程全产品.xlsx用例集开关 未包含 携程迪斯尼1
2017-03-21 11:48:46  [ pool-1-thread-17:186 ] - [ ERROR ]  [用例集开关]: D:\workspace\TestCase\测试\携程全产品.xlsx用例集开关 未包含 携程迪斯尼1
2017-03-21 11:48:46  [ pool-1-thread-17:186 ] - [ ERROR ]  [用例集开关]: D:\workspace\TestCase\测试\携程全产品.xlsx用例集开关 未包含 携程迪斯尼1
2017-03-21 11:48:46  [ pool-1-thread-17:186 ] - [ ERROR ]  [用例集开关]: D:\workspace\TestCase\测试\携程全产品.xlsx用例集开关 未包含 携程迪斯尼1
2017-03-21 11:48:46  [ pool-1-thread-17:186 ] - [ ERROR ]  [用例集开关]: D:\workspace\TestCase\测试\携程全产品.xlsx用例集开关 未包含 携程迪斯尼1
2017-03-21 11:48:46  [ pool-1-thread-17:187 ] - [ ERROR ]  [用例集开关]: D:\workspace\TestCase\测试\携程全产品.xlsx用例集开关 未包含 携程迪斯尼1
2017-03-21 11:48:46  [ pool-1-thread-17:187 ] - [ ERROR ]  [用例集开关]: D:\workspace\TestCase\测试\携程全产品.xlsx用例集开关 未包含 携程迪斯尼1
2017-03-21 11:48:46  [ pool-1-thread-26:197 ] - [ INFO ]  ---------当前用例执行开始，用例编号:case001,接口类型: HTTP
2017-03-21 11:48:47  [ pool-1-thread-26:1249 ] - [ INFO ]  
表达式引擎解析前的参数: 
X-Requested-With=XMLHttpRequest|assortmentId=51252513&premium_params[AMOUNT][key]=AMOUNT&premium_params[AMOUNT][value]=1000000&premium_params[AMOUNT][type]=2&premium_params[AMOUNT][belong]=4&premium_params[EXPIRES][key]=EXPIRES&premium_params[EXPIRES][value]=1年&premium_params[EXPIRES][type]=3&premium_params[EXPIRES][belong]=3&premium_params[INSURANCE][key]=INSURANCE&premium_params[INSURANCE][type]=3&premium_params[INSURANCE][belong]=2&premium_params[BIRTHDAY][key]=BIRTHDAY&premium_params[BIRTHDAY][type]=3&premium_params[BIRTHDAY][belong]=2&premium_params[INSURANCE][value]=$GetExcelData("hasSheBao")&premium_params[BIRTHDAY][value]=$GetExcelData("BIRTHDAY")
2017-03-21 11:48:57  [ pool-1-thread-26:11029 ] - [ INFO ]  表达式: [GetExcelData("hasSheBao")]开始解析...
2017-03-21 11:48:57  [ pool-1-thread-26:11030 ] - [ INFO ]  表达式: [GetExcelData("BIRTHDAY")]开始解析...
2017-03-21 11:48:57  [ pool-1-thread-26:11031 ] - [ INFO ]  表达式: [RDate("YYYY-MM-dd","-82/0/0")]开始解析...
2017-03-21 11:48:57  [ pool-1-thread-26:11068 ] - [ INFO ]  
表达式引擎解析后的参数: 
X-Requested-With=XMLHttpRequest|assortmentId=51252513&premium_params[AMOUNT][key]=AMOUNT&premium_params[AMOUNT][value]=1000000&premium_params[AMOUNT][type]=2&premium_params[AMOUNT][belong]=4&premium_params[EXPIRES][key]=EXPIRES&premium_params[EXPIRES][value]=1年&premium_params[EXPIRES][type]=3&premium_params[EXPIRES][belong]=3&premium_params[INSURANCE][key]=INSURANCE&premium_params[INSURANCE][type]=3&premium_params[INSURANCE][belong]=2&premium_params[BIRTHDAY][key]=BIRTHDAY&premium_params[BIRTHDAY][type]=3&premium_params[BIRTHDAY][belong]=2&premium_params[INSURANCE][value]=Y&premium_params[BIRTHDAY][value]=1935-03-21
2017-03-21 11:48:57  [ pool-1-thread-26:11072 ] - [ INFO ]  接口访问地址: http://mp.zhongan.com/health/iYunBao/common/apiGetPremium.html
