2017-03-21 11:44:45  [ main:0 ] - [ ERROR ]  [用例集开关]: D:\workspace\TestCase\测试\携程全产品.xlsx用例集开关 未包含 携程酒店取消险1
2017-03-21 11:44:45  [ main:5 ] - [ ERROR ]  [用例集开关]: D:\workspace\TestCase\测试\携程全产品.xlsx用例集开关 未包含 携程apply.do4
2017-03-21 11:44:45  [ main:6 ] - [ ERROR ]  [用例集开关]: D:\workspace\TestCase\测试\携程全产品.xlsx用例集开关 未包含 携程apply.do5
2017-03-21 11:44:45  [ main:7 ] - [ ERROR ]  [用例集开关]: D:\workspace\TestCase\测试\携程全产品.xlsx用例集开关 未包含 携程酒店取消险2
2017-03-21 11:44:45  [ main:9 ] - [ ERROR ]  [用例集开关]: D:\workspace\TestCase\测试\携程全产品.xlsx用例集开关 未包含 携程酒店取消险3
2017-03-21 11:44:45  [ main:10 ] - [ ERROR ]  [用例集开关]: D:\workspace\TestCase\测试\携程全产品.xlsx用例集开关 未包含 携程apply.do6
2017-03-21 11:44:45  [ main:11 ] - [ ERROR ]  [用例集开关]: D:\workspace\TestCase\测试\携程全产品.xlsx用例集开关 未包含 携程酒店取消险4
2017-03-21 11:44:45  [ main:16 ] - [ ERROR ]  [用例集开关]: D:\workspace\TestCase\测试\携程全产品.xlsx用例集开关 未包含 携程酒店取消险5
2017-03-21 11:44:45  [ main:19 ] - [ ERROR ]  [用例集开关]: D:\workspace\TestCase\测试\携程全产品.xlsx用例集开关 未包含 携程航空意外险5
2017-03-21 11:44:45  [ main:20 ] - [ ERROR ]  [用例集开关]: D:\workspace\TestCase\测试\携程全产品.xlsx用例集开关 未包含 携程航延险
2017-03-21 11:44:45  [ main:21 ] - [ ERROR ]  [用例集开关]: D:\workspace\TestCase\测试\携程全产品.xlsx用例集开关 未包含 携程航空意外险1
2017-03-21 11:44:45  [ main:22 ] - [ ERROR ]  [用例集开关]: D:\workspace\TestCase\测试\携程全产品.xlsx用例集开关 未包含 携程航空意外险2
2017-03-21 11:44:45  [ main:22 ] - [ ERROR ]  [用例集开关]: D:\workspace\TestCase\测试\携程全产品.xlsx用例集开关 未包含 携程账户安全险
2017-03-21 11:44:45  [ main:24 ] - [ ERROR ]  [用例集开关]: D:\workspace\TestCase\测试\携程全产品.xlsx用例集开关 未包含 携程航空意外险3
2017-03-21 11:44:45  [ main:29 ] - [ ERROR ]  [用例集开关]: D:\workspace\TestCase\测试\携程全产品.xlsx用例集开关 未包含 携程航空意外险4
2017-03-21 11:44:45  [ main:30 ] - [ ERROR ]  [用例集开关]: D:\workspace\TestCase\测试\携程全产品.xlsx用例集开关 未包含 携程旅游险5
2017-03-21 11:44:45  [ main:33 ] - [ ERROR ]  [用例集开关]: D:\workspace\TestCase\测试\携程全产品.xlsx用例集开关 未包含 携程迪斯尼1
2017-03-21 11:44:45  [ main:35 ] - [ ERROR ]  [用例集开关]: D:\workspace\TestCase\测试\携程全产品.xlsx用例集开关 未包含 携程旅游险1
2017-03-21 11:44:45  [ main:36 ] - [ ERROR ]  [用例集开关]: D:\workspace\TestCase\测试\携程全产品.xlsx用例集开关 未包含 携程铁路意外综合保险
2017-03-21 11:44:45  [ main:37 ] - [ ERROR ]  [用例集开关]: D:\workspace\TestCase\测试\携程全产品.xlsx用例集开关 未包含 携程旅游险2
2017-03-21 11:44:45  [ main:38 ] - [ ERROR ]  [用例集开关]: D:\workspace\TestCase\测试\携程全产品.xlsx用例集开关 未包含 携程apply.do1
2017-03-21 11:44:45  [ main:39 ] - [ ERROR ]  [用例集开关]: D:\workspace\TestCase\测试\携程全产品.xlsx用例集开关 未包含 携程旅游险3
2017-03-21 11:44:45  [ main:40 ] - [ ERROR ]  [用例集开关]: D:\workspace\TestCase\测试\携程全产品.xlsx用例集开关 未包含 携程apply.do2
2017-03-21 11:44:45  [ main:41 ] - [ ERROR ]  [用例集开关]: D:\workspace\TestCase\测试\携程全产品.xlsx用例集开关 未包含 携程旅游险4
2017-03-21 11:44:45  [ main:42 ] - [ ERROR ]  [用例集开关]: D:\workspace\TestCase\测试\携程全产品.xlsx用例集开关 未包含 携程apply.do3
2017-03-21 11:44:45  [ main:45 ] - [ ERROR ]  [用例集开关]: D:\workspace\TestCase\测试\携程全产品.xlsx用例集开关 未包含 携程机票旅行险
2017-03-21 11:44:45  [ pool-1-thread-3:162 ] - [ ERROR ]  [用例集开关]: D:\workspace\TestCase\测试\携程全产品.xlsx用例集开关 未包含 携程apply.do5
2017-03-21 11:44:45  [ pool-1-thread-15:166 ] - [ ERROR ]  [用例集开关]: D:\workspace\TestCase\测试\携程全产品.xlsx用例集开关 未包含 携程航空意外险4
2017-03-21 11:44:45  [ pool-1-thread-23:168 ] - [ ERROR ]  [用例集开关]: D:\workspace\TestCase\测试\携程全产品.xlsx用例集开关 未包含 携程apply.do2
2017-03-21 11:44:45  [ pool-1-thread-7:164 ] - [ ERROR ]  [用例集开关]: D:\workspace\TestCase\测试\携程全产品.xlsx用例集开关 未包含 携程酒店取消险4
2017-03-21 11:44:45  [ pool-1-thread-25:163 ] - [ ERROR ]  [用例集开关]: D:\workspace\TestCase\测试\携程全产品.xlsx用例集开关 未包含 携程apply.do3
2017-03-21 11:44:45  [ pool-1-thread-21:163 ] - [ ERROR ]  [用例集开关]: D:\workspace\TestCase\测试\携程全产品.xlsx用例集开关 未包含 携程apply.do1
2017-03-21 11:44:45  [ pool-1-thread-17:163 ] - [ ERROR ]  [用例集开关]: D:\workspace\TestCase\测试\携程全产品.xlsx用例集开关 未包含 携程迪斯尼1
2017-03-21 11:44:45  [ pool-1-thread-24:163 ] - [ ERROR ]  [用例集开关]: D:\workspace\TestCase\测试\携程全产品.xlsx用例集开关 未包含 携程旅游险4
2017-03-21 11:44:45  [ pool-1-thread-22:163 ] - [ ERROR ]  [用例集开关]: D:\workspace\TestCase\测试\携程全产品.xlsx用例集开关 未包含 携程旅游险3
2017-03-21 11:44:45  [ pool-1-thread-22:184 ] - [ ERROR ]  [用例集开关]: D:\workspace\TestCase\测试\携程全产品.xlsx用例集开关 未包含 携程旅游险3
2017-03-21 11:44:45  [ pool-1-thread-24:185 ] - [ ERROR ]  [用例集开关]: D:\workspace\TestCase\测试\携程全产品.xlsx用例集开关 未包含 携程旅游险4
2017-03-21 11:44:45  [ pool-1-thread-20:163 ] - [ ERROR ]  [用例集开关]: D:\workspace\TestCase\测试\携程全产品.xlsx用例集开关 未包含 携程旅游险2
2017-03-21 11:44:45  [ pool-1-thread-18:163 ] - [ ERROR ]  [用例集开关]: D:\workspace\TestCase\测试\携程全产品.xlsx用例集开关 未包含 携程旅游险1
2017-03-21 11:44:45  [ pool-1-thread-18:187 ] - [ ERROR ]  [用例集开关]: D:\workspace\TestCase\测试\携程全产品.xlsx用例集开关 未包含 携程旅游险1
2017-03-21 11:44:45  [ pool-1-thread-16:163 ] - [ ERROR ]  [用例集开关]: D:\workspace\TestCase\测试\携程全产品.xlsx用例集开关 未包含 携程旅游险5
2017-03-21 11:44:45  [ pool-1-thread-16:188 ] - [ ERROR ]  [用例集开关]: D:\workspace\TestCase\测试\携程全产品.xlsx用例集开关 未包含 携程旅游险5
2017-03-21 11:44:45  [ pool-1-thread-14:163 ] - [ ERROR ]  [用例集开关]: D:\workspace\TestCase\测试\携程全产品.xlsx用例集开关 未包含 携程航空意外险3
2017-03-21 11:44:45  [ pool-1-thread-14:189 ] - [ ERROR ]  [用例集开关]: D:\workspace\TestCase\测试\携程全产品.xlsx用例集开关 未包含 携程航空意外险3
2017-03-21 11:44:45  [ pool-1-thread-13:163 ] - [ ERROR ]  [用例集开关]: D:\workspace\TestCase\测试\携程全产品.xlsx用例集开关 未包含 携程账户安全险
2017-03-21 11:44:45  [ pool-1-thread-10:163 ] - [ ERROR ]  [用例集开关]: D:\workspace\TestCase\测试\携程全产品.xlsx用例集开关 未包含 携程航延险
2017-03-21 11:44:45  [ pool-1-thread-10:191 ] - [ ERROR ]  [用例集开关]: D:\workspace\TestCase\测试\携程全产品.xlsx用例集开关 未包含 携程航延险
2017-03-21 11:44:45  [ pool-1-thread-10:191 ] - [ ERROR ]  [用例集开关]: D:\workspace\TestCase\测试\携程全产品.xlsx用例集开关 未包含 携程航延险
2017-03-21 11:44:45  [ pool-1-thread-10:194 ] - [ ERROR ]  [用例集开关]: D:\workspace\TestCase\测试\携程全产品.xlsx用例集开关 未包含 携程航延险
2017-03-21 11:44:45  [ pool-1-thread-10:194 ] - [ ERROR ]  [用例集开关]: D:\workspace\TestCase\测试\携程全产品.xlsx用例集开关 未包含 携程航延险
2017-03-21 11:44:45  [ pool-1-thread-10:194 ] - [ ERROR ]  [用例集开关]: D:\workspace\TestCase\测试\携程全产品.xlsx用例集开关 未包含 携程航延险
2017-03-21 11:44:45  [ pool-1-thread-2:162 ] - [ ERROR ]  [用例集开关]: D:\workspace\TestCase\测试\携程全产品.xlsx用例集开关 未包含 携程apply.do4
2017-03-21 11:44:45  [ pool-1-thread-2:195 ] - [ ERROR ]  [用例集开关]: D:\workspace\TestCase\测试\携程全产品.xlsx用例集开关 未包含 携程apply.do4
2017-03-21 11:44:45  [ pool-1-thread-27:162 ] - [ ERROR ]  [用例集开关]: D:\workspace\TestCase\测试\携程全产品.xlsx用例集开关 未包含 携程机票旅行险
2017-03-21 11:44:45  [ pool-1-thread-27:218 ] - [ ERROR ]  [用例集开关]: D:\workspace\TestCase\测试\携程全产品.xlsx用例集开关 未包含 携程机票旅行险
2017-03-21 11:44:45  [ pool-1-thread-27:219 ] - [ ERROR ]  [用例集开关]: D:\workspace\TestCase\测试\携程全产品.xlsx用例集开关 未包含 携程机票旅行险
2017-03-21 11:44:45  [ pool-1-thread-27:219 ] - [ ERROR ]  [用例集开关]: D:\workspace\TestCase\测试\携程全产品.xlsx用例集开关 未包含 携程机票旅行险
2017-03-21 11:44:45  [ pool-1-thread-27:219 ] - [ ERROR ]  [用例集开关]: D:\workspace\TestCase\测试\携程全产品.xlsx用例集开关 未包含 携程机票旅行险
2017-03-21 11:44:45  [ pool-1-thread-27:220 ] - [ ERROR ]  [用例集开关]: D:\workspace\TestCase\测试\携程全产品.xlsx用例集开关 未包含 携程机票旅行险
2017-03-21 11:44:45  [ pool-1-thread-27:220 ] - [ ERROR ]  [用例集开关]: D:\workspace\TestCase\测试\携程全产品.xlsx用例集开关 未包含 携程机票旅行险
2017-03-21 11:44:45  [ pool-1-thread-27:220 ] - [ ERROR ]  [用例集开关]: D:\workspace\TestCase\测试\携程全产品.xlsx用例集开关 未包含 携程机票旅行险
2017-03-21 11:44:45  [ pool-1-thread-27:220 ] - [ ERROR ]  [用例集开关]: D:\workspace\TestCase\测试\携程全产品.xlsx用例集开关 未包含 携程机票旅行险
2017-03-21 11:44:45  [ pool-1-thread-27:220 ] - [ ERROR ]  [用例集开关]: D:\workspace\TestCase\测试\携程全产品.xlsx用例集开关 未包含 携程机票旅行险
2017-03-21 11:44:45  [ pool-1-thread-9:163 ] - [ ERROR ]  [用例集开关]: D:\workspace\TestCase\测试\携程全产品.xlsx用例集开关 未包含 携程航空意外险5
2017-03-21 11:44:45  [ pool-1-thread-9:233 ] - [ ERROR ]  [用例集开关]: D:\workspace\TestCase\测试\携程全产品.xlsx用例集开关 未包含 携程航空意外险5
2017-03-21 11:44:45  [ pool-1-thread-19:163 ] - [ ERROR ]  [用例集开关]: D:\workspace\TestCase\测试\携程全产品.xlsx用例集开关 未包含 携程铁路意外综合保险
2017-03-21 11:44:45  [ pool-1-thread-19:237 ] - [ ERROR ]  [用例集开关]: D:\workspace\TestCase\测试\携程全产品.xlsx用例集开关 未包含 携程铁路意外综合保险
2017-03-21 11:44:45  [ pool-1-thread-4:162 ] - [ ERROR ]  [用例集开关]: D:\workspace\TestCase\测试\携程全产品.xlsx用例集开关 未包含 携程酒店取消险2
2017-03-21 11:44:45  [ pool-1-thread-4:243 ] - [ ERROR ]  [用例集开关]: D:\workspace\TestCase\测试\携程全产品.xlsx用例集开关 未包含 携程酒店取消险2
2017-03-21 11:44:45  [ pool-1-thread-8:162 ] - [ ERROR ]  [用例集开关]: D:\workspace\TestCase\测试\携程全产品.xlsx用例集开关 未包含 携程酒店取消险5
2017-03-21 11:44:45  [ pool-1-thread-8:244 ] - [ ERROR ]  [用例集开关]: D:\workspace\TestCase\测试\携程全产品.xlsx用例集开关 未包含 携程酒店取消险5
2017-03-21 11:44:45  [ pool-1-thread-12:162 ] - [ ERROR ]  [用例集开关]: D:\workspace\TestCase\测试\携程全产品.xlsx用例集开关 未包含 携程航空意外险2
2017-03-21 11:44:45  [ pool-1-thread-12:246 ] - [ ERROR ]  [用例集开关]: D:\workspace\TestCase\测试\携程全产品.xlsx用例集开关 未包含 携程航空意外险2
2017-03-21 11:44:45  [ pool-1-thread-5:162 ] - [ ERROR ]  [用例集开关]: D:\workspace\TestCase\测试\携程全产品.xlsx用例集开关 未包含 携程酒店取消险3
2017-03-21 11:44:45  [ pool-1-thread-5:248 ] - [ ERROR ]  [用例集开关]: D:\workspace\TestCase\测试\携程全产品.xlsx用例集开关 未包含 携程酒店取消险3
2017-03-21 11:44:45  [ pool-1-thread-1:162 ] - [ ERROR ]  [用例集开关]: D:\workspace\TestCase\测试\携程全产品.xlsx用例集开关 未包含 携程酒店取消险1
2017-03-21 11:44:45  [ pool-1-thread-1:249 ] - [ ERROR ]  [用例集开关]: D:\workspace\TestCase\测试\携程全产品.xlsx用例集开关 未包含 携程酒店取消险1
2017-03-21 11:44:45  [ pool-1-thread-6:162 ] - [ ERROR ]  [用例集开关]: D:\workspace\TestCase\测试\携程全产品.xlsx用例集开关 未包含 携程apply.do6
2017-03-21 11:44:45  [ pool-1-thread-6:250 ] - [ ERROR ]  [用例集开关]: D:\workspace\TestCase\测试\携程全产品.xlsx用例集开关 未包含 携程apply.do6
2017-03-21 11:44:45  [ pool-1-thread-11:162 ] - [ ERROR ]  [用例集开关]: D:\workspace\TestCase\测试\携程全产品.xlsx用例集开关 未包含 携程航空意外险1
2017-03-21 11:44:45  [ pool-1-thread-11:257 ] - [ ERROR ]  [用例集开关]: D:\workspace\TestCase\测试\携程全产品.xlsx用例集开关 未包含 携程航空意外险1
2017-03-21 11:44:45  [ pool-1-thread-26:217 ] - [ INFO ]  ---------当前用例执行开始，用例编号:case001,接口类型: HTTP
2017-03-21 11:44:45  [ pool-1-thread-7:193 ] - [ ERROR ]  [用例集开关]: D:\workspace\TestCase\测试\携程全产品.xlsx用例集开关 未包含 携程酒店取消险4
2017-03-21 11:44:45  [ pool-1-thread-21:187 ] - [ ERROR ]  [用例集开关]: D:\workspace\TestCase\测试\携程全产品.xlsx用例集开关 未包含 携程apply.do1
2017-03-21 11:44:45  [ pool-1-thread-25:187 ] - [ ERROR ]  [用例集开关]: D:\workspace\TestCase\测试\携程全产品.xlsx用例集开关 未包含 携程apply.do3
2017-03-21 11:44:45  [ pool-1-thread-17:187 ] - [ ERROR ]  [用例集开关]: D:\workspace\TestCase\测试\携程全产品.xlsx用例集开关 未包含 携程迪斯尼1
2017-03-21 11:44:45  [ pool-1-thread-17:297 ] - [ ERROR ]  [用例集开关]: D:\workspace\TestCase\测试\携程全产品.xlsx用例集开关 未包含 携程迪斯尼1
2017-03-21 11:44:45  [ pool-1-thread-17:298 ] - [ ERROR ]  [用例集开关]: D:\workspace\TestCase\测试\携程全产品.xlsx用例集开关 未包含 携程迪斯尼1
2017-03-21 11:44:45  [ pool-1-thread-17:298 ] - [ ERROR ]  [用例集开关]: D:\workspace\TestCase\测试\携程全产品.xlsx用例集开关 未包含 携程迪斯尼1
2017-03-21 11:44:45  [ pool-1-thread-17:298 ] - [ ERROR ]  [用例集开关]: D:\workspace\TestCase\测试\携程全产品.xlsx用例集开关 未包含 携程迪斯尼1
2017-03-21 11:44:45  [ pool-1-thread-17:299 ] - [ ERROR ]  [用例集开关]: D:\workspace\TestCase\测试\携程全产品.xlsx用例集开关 未包含 携程迪斯尼1
2017-03-21 11:44:45  [ pool-1-thread-17:299 ] - [ ERROR ]  [用例集开关]: D:\workspace\TestCase\测试\携程全产品.xlsx用例集开关 未包含 携程迪斯尼1
2017-03-21 11:44:45  [ pool-1-thread-20:186 ] - [ ERROR ]  [用例集开关]: D:\workspace\TestCase\测试\携程全产品.xlsx用例集开关 未包含 携程旅游险2
2017-03-21 11:44:45  [ pool-1-thread-23:182 ] - [ ERROR ]  [用例集开关]: D:\workspace\TestCase\测试\携程全产品.xlsx用例集开关 未包含 携程apply.do2
2017-03-21 11:44:45  [ pool-1-thread-3:182 ] - [ ERROR ]  [用例集开关]: D:\workspace\TestCase\测试\携程全产品.xlsx用例集开关 未包含 携程apply.do5
2017-03-21 11:44:45  [ pool-1-thread-15:182 ] - [ ERROR ]  [用例集开关]: D:\workspace\TestCase\测试\携程全产品.xlsx用例集开关 未包含 携程航空意外险4
2017-03-21 11:44:46  [ pool-1-thread-26:1489 ] - [ INFO ]  
表达式引擎解析前的参数: 
X-Requested-With=XMLHttpRequest|assortmentId=51252513&premium_params[AMOUNT][key]=AMOUNT&premium_params[AMOUNT][value]=1000000&premium_params[AMOUNT][type]=2&premium_params[AMOUNT][belong]=4&premium_params[EXPIRES][key]=EXPIRES&premium_params[EXPIRES][value]=1年&premium_params[EXPIRES][type]=3&premium_params[EXPIRES][belong]=3&premium_params[INSURANCE][key]=INSURANCE&premium_params[INSURANCE][type]=3&premium_params[INSURANCE][belong]=2&premium_params[BIRTHDAY][key]=BIRTHDAY&premium_params[BIRTHDAY][type]=3&premium_params[BIRTHDAY][belong]=2&premium_params[INSURANCE][value]=$GetExcelData("hasSheBao")&premium_params[BIRTHDAY][value]=$GetExcelData("BIRTHDAY")
2017-03-21 11:44:48  [ pool-1-thread-26:3161 ] - [ INFO ]  表达式: [GetExcelData("hasSheBao")]开始解析...
2017-03-21 11:44:48  [ pool-1-thread-26:3162 ] - [ INFO ]  表达式: [GetExcelData("BIRTHDAY")]开始解析...
2017-03-21 11:44:49  [ pool-1-thread-26:4792 ] - [ INFO ]  表达式: [RDate("YYYY-MM-dd","-82/0/0")]开始解析...
2017-03-21 11:44:49  [ pool-1-thread-26:4881 ] - [ INFO ]  
表达式引擎解析后的参数: 
X-Requested-With=XMLHttpRequest|assortmentId=51252513&premium_params[AMOUNT][key]=AMOUNT&premium_params[AMOUNT][value]=1000000&premium_params[AMOUNT][type]=2&premium_params[AMOUNT][belong]=4&premium_params[EXPIRES][key]=EXPIRES&premium_params[EXPIRES][value]=1年&premium_params[EXPIRES][type]=3&premium_params[EXPIRES][belong]=3&premium_params[INSURANCE][key]=INSURANCE&premium_params[INSURANCE][type]=3&premium_params[INSURANCE][belong]=2&premium_params[BIRTHDAY][key]=BIRTHDAY&premium_params[BIRTHDAY][type]=3&premium_params[BIRTHDAY][belong]=2&premium_params[INSURANCE][value]=Y&premium_params[BIRTHDAY][value]=1935-03-21
2017-03-21 11:44:49  [ pool-1-thread-26:4896 ] - [ INFO ]  接口访问地址: http://mp.zhongan.com/health/iYunBao/common/apiGetPremium.html
2017-03-21 11:45:19  [ pool-1-thread-26:34291 ] - [ INFO ]  httpReponse:{"ret":-9999,"msg":"服务错误","data":[]}
2017-03-21 11:46:30  [ pool-1-thread-26:105428 ] - [ INFO ]  bizcontent: {"ret":-9999,"msg":"服务错误","data":[]}
2017-03-21 11:46:36  [ pool-1-thread-26:111086 ] - [ INFO ]  ---------当前用例执行完毕，用例编号:case001---------
2017-03-21 11:46:36  [ pool-1-thread-26:111087 ] - [ INFO ]  ---------当前用例执行开始，用例编号:case002,接口类型: HTTP
2017-03-21 11:46:37  [ pool-1-thread-26:112785 ] - [ INFO ]  
表达式引擎解析前的参数: 
X-Requested-With=XMLHttpRequest|assortmentId=51252513&premium_params[AMOUNT][key]=AMOUNT&premium_params[AMOUNT][value]=1000000&premium_params[AMOUNT][type]=2&premium_params[AMOUNT][belong]=4&premium_params[EXPIRES][key]=EXPIRES&premium_params[EXPIRES][value]=1年&premium_params[EXPIRES][type]=3&premium_params[EXPIRES][belong]=3&premium_params[INSURANCE][key]=INSURANCE&premium_params[INSURANCE][type]=3&premium_params[INSURANCE][belong]=2&premium_params[BIRTHDAY][key]=BIRTHDAY&premium_params[BIRTHDAY][type]=3&premium_params[BIRTHDAY][belong]=2&premium_params[INSURANCE][value]=$GetExcelData("hasSheBao")&premium_params[BIRTHDAY][value]=$GetExcelData("BIRTHDAY")
2017-03-21 11:46:39  [ pool-1-thread-26:114441 ] - [ INFO ]  表达式: [GetExcelData("hasSheBao")]开始解析...
2017-03-21 11:46:39  [ pool-1-thread-26:114442 ] - [ INFO ]  表达式: [GetExcelData("BIRTHDAY")]开始解析...
